<?xml version="1.0"?>
<!DOCTYPE coverage SYSTEM "http://cobertura.sourceforge.net/xml/coverage-04.dtd">

<coverage line-rate="0.0" branch-rate="0.0" lines-covered="0" lines-valid="1606" branches-covered="0" branches-valid="1025" complexity="2.375" version="2.1.1" timestamp="1566411293654">
	<sources>
		<source>/home/nruest/Projects/au/aut-release/aut/src/main/java</source>
		<source>/home/nruest/Projects/au/aut-release/aut/target/generated-sources/annotations</source>
		<source>--source</source>
		<source>/home/nruest/Projects/au/aut-release/aut/src/main/scala</source>
	</sources>
	<packages>
		<package name="io.archivesunleashed" line-rate="0.0" branch-rate="0.0" complexity="0.0">
			<classes>
				<class name="io.archivesunleashed.ArchiveRecord" filename="io/archivesunleashed/ArchiveRecord.scala" line-rate="1.0" branch-rate="1.0" complexity="0.0">
					<methods>
					</methods>
					<lines>
					</lines>
				</class>
				<class name="io.archivesunleashed.ArchiveRecordImpl" filename="io/archivesunleashed/ArchiveRecord.scala" line-rate="0.0" branch-rate="0.0" complexity="0.0">
					<methods>
						<method name="&lt;init&gt;" signature="(Lorg/apache/spark/SerializableWritable;)V" line-rate="0.0" branch-rate="0.0" complexity="0">
							<lines>
								<line number="70" hits="0" branch="false"/>
								<line number="71" hits="0" branch="false"/>
								<line number="72" hits="0" branch="false"/>
								<line number="74" hits="0" branch="false"/>
								<line number="75" hits="0" branch="true" condition-coverage="0% (0/6)">
									<conditions>
										<condition number="0" type="jump" coverage="0%"/>
										<condition number="1" type="jump" coverage="0%"/>
										<condition number="2" type="jump" coverage="0%"/>
									</conditions>
								</line>
								<line number="76" hits="0" branch="false"/>
								<line number="78" hits="0" branch="false"/>
								<line number="82" hits="0" branch="false"/>
								<line number="83" hits="0" branch="true" condition-coverage="0% (0/6)">
									<conditions>
										<condition number="0" type="jump" coverage="0%"/>
										<condition number="1" type="jump" coverage="0%"/>
										<condition number="2" type="jump" coverage="0%"/>
									</conditions>
								</line>
								<line number="84" hits="0" branch="false"/>
								<line number="85" hits="0" branch="false"/>
								<line number="87" hits="0" branch="false"/>
								<line number="88" hits="0" branch="false"/>
								<line number="89" hits="0" branch="false"/>
								<line number="90" hits="0" branch="false"/>
								<line number="94" hits="0" branch="false"/>
								<line number="95" hits="0" branch="true" condition-coverage="0% (0/6)">
									<conditions>
										<condition number="0" type="jump" coverage="0%"/>
										<condition number="1" type="jump" coverage="0%"/>
										<condition number="2" type="jump" coverage="0%"/>
									</conditions>
								</line>
								<line number="96" hits="0" branch="false"/>
								<line number="97" hits="0" branch="false"/>
								<line number="99" hits="0" branch="false"/>
								<line number="100" hits="0" branch="false"/>
								<line number="101" hits="0" branch="false"/>
								<line number="102" hits="0" branch="false"/>
								<line number="106" hits="0" branch="false"/>
								<line number="107" hits="0" branch="true" condition-coverage="0% (0/6)">
									<conditions>
										<condition number="0" type="jump" coverage="0%"/>
										<condition number="1" type="jump" coverage="0%"/>
										<condition number="2" type="jump" coverage="0%"/>
									</conditions>
								</line>
								<line number="109" hits="0" branch="false"/>
								<line number="111" hits="0" branch="false"/>
								<line number="115" hits="0" branch="false"/>
								<line number="116" hits="0" branch="false"/>
								<line number="119" hits="0" branch="false"/>
								<line number="120" hits="0" branch="true" condition-coverage="0% (0/6)">
									<conditions>
										<condition number="0" type="jump" coverage="0%"/>
										<condition number="1" type="jump" coverage="0%"/>
										<condition number="2" type="jump" coverage="0%"/>
									</conditions>
								</line>
								<line number="121" hits="0" branch="false"/>
								<line number="123" hits="0" branch="false"/>
								<line number="127" hits="0" branch="false"/>
								<line number="128" hits="0" branch="true" condition-coverage="0% (0/6)">
									<conditions>
										<condition number="0" type="jump" coverage="0%"/>
										<condition number="1" type="jump" coverage="0%"/>
										<condition number="2" type="jump" coverage="0%"/>
									</conditions>
								</line>
								<line number="129" hits="0" branch="false"/>
								<line number="131" hits="0" branch="false"/>
								<line number="135" hits="0" branch="false"/>
								<line number="136" hits="0" branch="true" condition-coverage="0% (0/6)">
									<conditions>
										<condition number="0" type="jump" coverage="0%"/>
										<condition number="1" type="jump" coverage="0%"/>
										<condition number="2" type="jump" coverage="0%"/>
									</conditions>
								</line>
								<line number="137" hits="0" branch="false"/>
								<line number="139" hits="0" branch="false"/>
								<line number="141" hits="0" branch="false"/>
								<line number="142" hits="0" branch="true" condition-coverage="0% (0/2)">
									<conditions>
										<condition number="0" type="jump" coverage="0%"/>
									</conditions>
								</line>
								<line number="143" hits="0" branch="true" condition-coverage="0% (0/2)">
									<conditions>
										<condition number="0" type="jump" coverage="0%"/>
									</conditions>
								</line>
								<line number="148" hits="0" branch="false"/>
								<line number="149" hits="0" branch="false"/>
								<line number="152" hits="0" branch="false"/>
								<line number="153" hits="0" branch="true" condition-coverage="0% (0/2)">
									<conditions>
										<condition number="0" type="jump" coverage="0%"/>
									</conditions>
								</line>
								<line number="154" hits="0" branch="false"/>
								<line number="155" hits="0" branch="false"/>
								<line number="156" hits="0" branch="false"/>
								<line number="158" hits="0" branch="false"/>
							</lines>
						</method>
						<method name="ISO8601" signature="()Ljava/text/SimpleDateFormat;" line-rate="1.0" branch-rate="1.0" complexity="0">
							<lines>
							</lines>
						</method>
						<method name="getArchiveFilename" signature="()Ljava/lang/String;" line-rate="1.0" branch-rate="1.0" complexity="0">
							<lines>
							</lines>
						</method>
						<method name="getBinaryBytes" signature="()[B" line-rate="1.0" branch-rate="1.0" complexity="0">
							<lines>
							</lines>
						</method>
						<method name="getContentBytes" signature="()[B" line-rate="1.0" branch-rate="1.0" complexity="0">
							<lines>
							</lines>
						</method>
						<method name="getContentString" signature="()Ljava/lang/String;" line-rate="1.0" branch-rate="1.0" complexity="0">
							<lines>
							</lines>
						</method>
						<method name="getCrawlDate" signature="()Ljava/lang/String;" line-rate="1.0" branch-rate="1.0" complexity="0">
							<lines>
							</lines>
						</method>
						<method name="getCrawlMonth" signature="()Ljava/lang/String;" line-rate="1.0" branch-rate="1.0" complexity="0">
							<lines>
							</lines>
						</method>
						<method name="getDomain" signature="()Ljava/lang/String;" line-rate="1.0" branch-rate="1.0" complexity="0">
							<lines>
							</lines>
						</method>
						<method name="getHttpStatus" signature="()Ljava/lang/String;" line-rate="1.0" branch-rate="1.0" complexity="0">
							<lines>
							</lines>
						</method>
						<method name="getMimeType" signature="()Ljava/lang/String;" line-rate="1.0" branch-rate="1.0" complexity="0">
							<lines>
							</lines>
						</method>
						<method name="getUrl" signature="()Ljava/lang/String;" line-rate="1.0" branch-rate="1.0" complexity="0">
							<lines>
							</lines>
						</method>
						<method name="recordFormat" signature="()Lio/archivesunleashed/data/ArchiveRecordWritable$ArchiveFormat;" line-rate="1.0" branch-rate="1.0" complexity="0">
							<lines>
							</lines>
						</method>
					</methods>
					<lines>
						<line number="70" hits="0" branch="false"/>
						<line number="71" hits="0" branch="false"/>
						<line number="72" hits="0" branch="false"/>
						<line number="74" hits="0" branch="false"/>
						<line number="75" hits="0" branch="true" condition-coverage="0% (0/6)">
							<conditions>
								<condition number="0" type="jump" coverage="0%"/>
								<condition number="1" type="jump" coverage="0%"/>
								<condition number="2" type="jump" coverage="0%"/>
							</conditions>
						</line>
						<line number="76" hits="0" branch="false"/>
						<line number="78" hits="0" branch="false"/>
						<line number="82" hits="0" branch="false"/>
						<line number="83" hits="0" branch="true" condition-coverage="0% (0/6)">
							<conditions>
								<condition number="0" type="jump" coverage="0%"/>
								<condition number="1" type="jump" coverage="0%"/>
								<condition number="2" type="jump" coverage="0%"/>
							</conditions>
						</line>
						<line number="84" hits="0" branch="false"/>
						<line number="85" hits="0" branch="false"/>
						<line number="87" hits="0" branch="false"/>
						<line number="88" hits="0" branch="false"/>
						<line number="89" hits="0" branch="false"/>
						<line number="90" hits="0" branch="false"/>
						<line number="94" hits="0" branch="false"/>
						<line number="95" hits="0" branch="true" condition-coverage="0% (0/6)">
							<conditions>
								<condition number="0" type="jump" coverage="0%"/>
								<condition number="1" type="jump" coverage="0%"/>
								<condition number="2" type="jump" coverage="0%"/>
							</conditions>
						</line>
						<line number="96" hits="0" branch="false"/>
						<line number="97" hits="0" branch="false"/>
						<line number="99" hits="0" branch="false"/>
						<line number="100" hits="0" branch="false"/>
						<line number="101" hits="0" branch="false"/>
						<line number="102" hits="0" branch="false"/>
						<line number="106" hits="0" branch="false"/>
						<line number="107" hits="0" branch="true" condition-coverage="0% (0/6)">
							<conditions>
								<condition number="0" type="jump" coverage="0%"/>
								<condition number="1" type="jump" coverage="0%"/>
								<condition number="2" type="jump" coverage="0%"/>
							</conditions>
						</line>
						<line number="109" hits="0" branch="false"/>
						<line number="111" hits="0" branch="false"/>
						<line number="115" hits="0" branch="false"/>
						<line number="116" hits="0" branch="false"/>
						<line number="119" hits="0" branch="false"/>
						<line number="120" hits="0" branch="true" condition-coverage="0% (0/6)">
							<conditions>
								<condition number="0" type="jump" coverage="0%"/>
								<condition number="1" type="jump" coverage="0%"/>
								<condition number="2" type="jump" coverage="0%"/>
							</conditions>
						</line>
						<line number="121" hits="0" branch="false"/>
						<line number="123" hits="0" branch="false"/>
						<line number="127" hits="0" branch="false"/>
						<line number="128" hits="0" branch="true" condition-coverage="0% (0/6)">
							<conditions>
								<condition number="0" type="jump" coverage="0%"/>
								<condition number="1" type="jump" coverage="0%"/>
								<condition number="2" type="jump" coverage="0%"/>
							</conditions>
						</line>
						<line number="129" hits="0" branch="false"/>
						<line number="131" hits="0" branch="false"/>
						<line number="135" hits="0" branch="false"/>
						<line number="136" hits="0" branch="true" condition-coverage="0% (0/6)">
							<conditions>
								<condition number="0" type="jump" coverage="0%"/>
								<condition number="1" type="jump" coverage="0%"/>
								<condition number="2" type="jump" coverage="0%"/>
							</conditions>
						</line>
						<line number="137" hits="0" branch="false"/>
						<line number="139" hits="0" branch="false"/>
						<line number="141" hits="0" branch="false"/>
						<line number="142" hits="0" branch="true" condition-coverage="0% (0/2)">
							<conditions>
								<condition number="0" type="jump" coverage="0%"/>
							</conditions>
						</line>
						<line number="143" hits="0" branch="true" condition-coverage="0% (0/2)">
							<conditions>
								<condition number="0" type="jump" coverage="0%"/>
							</conditions>
						</line>
						<line number="148" hits="0" branch="false"/>
						<line number="149" hits="0" branch="false"/>
						<line number="152" hits="0" branch="false"/>
						<line number="153" hits="0" branch="true" condition-coverage="0% (0/2)">
							<conditions>
								<condition number="0" type="jump" coverage="0%"/>
							</conditions>
						</line>
						<line number="154" hits="0" branch="false"/>
						<line number="155" hits="0" branch="false"/>
						<line number="156" hits="0" branch="false"/>
						<line number="158" hits="0" branch="false"/>
					</lines>
				</class>
				<class name="io.archivesunleashed.ArchiveRecordImpl$$anonfun$1" filename="io/archivesunleashed/ArchiveRecord.scala" line-rate="0.0" branch-rate="0.0" complexity="0.0">
					<methods>
						<method name="&lt;init&gt;" signature="(Lio/archivesunleashed/ArchiveRecordImpl;)V" line-rate="0.0" branch-rate="0.0" complexity="0">
							<lines>
								<line number="141" hits="0" branch="true" condition-coverage="0% (0/2)">
									<conditions>
										<condition number="0" type="jump" coverage="0%"/>
									</conditions>
								</line>
							</lines>
						</method>
						<method name="apply$mcI$sp" signature="()I" line-rate="0.0" branch-rate="1.0" complexity="0">
							<lines>
								<line number="139" hits="0" branch="false"/>
								<line number="140" hits="0" branch="false"/>
							</lines>
						</method>
						<method name="apply" signature="()I" line-rate="1.0" branch-rate="1.0" complexity="0">
							<lines>
							</lines>
						</method>
						<method name="apply" signature="()Ljava/lang/Object;" line-rate="1.0" branch-rate="1.0" complexity="0">
							<lines>
							</lines>
						</method>
					</methods>
					<lines>
						<line number="139" hits="0" branch="false"/>
						<line number="140" hits="0" branch="false"/>
						<line number="141" hits="0" branch="true" condition-coverage="0% (0/2)">
							<conditions>
								<condition number="0" type="jump" coverage="0%"/>
							</conditions>
						</line>
					</lines>
				</class>
				<class name="io.archivesunleashed.ArchiveRecordImpl$$anonfun$2" filename="io/archivesunleashed/ArchiveRecord.scala" line-rate="0.0" branch-rate="1.0" complexity="0.0">
					<methods>
						<method name="&lt;init&gt;" signature="(Lio/archivesunleashed/ArchiveRecordImpl;)V" line-rate="0.0" branch-rate="1.0" complexity="0">
							<lines>
								<line number="121" hits="0" branch="false"/>
							</lines>
						</method>
						<method name="apply" signature="()Ljava/lang/Object;" line-rate="1.0" branch-rate="1.0" complexity="0">
							<lines>
							</lines>
						</method>
						<method name="apply" signature="()Ljava/lang/String;" line-rate="1.0" branch-rate="1.0" complexity="0">
							<lines>
							</lines>
						</method>
					</methods>
					<lines>
						<line number="121" hits="0" branch="false"/>
					</lines>
				</class>
				<class name="io.archivesunleashed.ArchiveRecordImpl$$anonfun$3" filename="io/archivesunleashed/ArchiveRecord.scala" line-rate="0.0" branch-rate="1.0" complexity="0.0">
					<methods>
						<method name="&lt;init&gt;" signature="(Lio/archivesunleashed/ArchiveRecordImpl;)V" line-rate="0.0" branch-rate="1.0" complexity="0">
							<lines>
								<line number="123" hits="0" branch="false"/>
							</lines>
						</method>
						<method name="apply" signature="()Ljava/lang/Object;" line-rate="1.0" branch-rate="1.0" complexity="0">
							<lines>
							</lines>
						</method>
						<method name="apply" signature="()Ljava/lang/String;" line-rate="1.0" branch-rate="1.0" complexity="0">
							<lines>
							</lines>
						</method>
					</methods>
					<lines>
						<line number="123" hits="0" branch="false"/>
					</lines>
				</class>
				<class name="io.archivesunleashed.ArchiveRecordImpl$$anonfun$4" filename="io/archivesunleashed/ArchiveRecord.scala" line-rate="0.0" branch-rate="1.0" complexity="0.0">
					<methods>
						<method name="&lt;init&gt;" signature="(Lio/archivesunleashed/ArchiveRecordImpl;)V" line-rate="0.0" branch-rate="1.0" complexity="0">
							<lines>
								<line number="137" hits="0" branch="false"/>
							</lines>
						</method>
						<method name="apply" signature="()Ljava/lang/Object;" line-rate="1.0" branch-rate="1.0" complexity="0">
							<lines>
							</lines>
						</method>
						<method name="apply" signature="()Ljava/lang/String;" line-rate="1.0" branch-rate="1.0" complexity="0">
							<lines>
							</lines>
						</method>
					</methods>
					<lines>
						<line number="137" hits="0" branch="false"/>
					</lines>
				</class>
				<class name="io.archivesunleashed.DataFrameLoader" filename="io/archivesunleashed/DataFrameLoader.scala" line-rate="0.0" branch-rate="1.0" complexity="0.0">
					<methods>
						<method name="&lt;init&gt;" signature="(Lorg/apache/spark/SparkContext;)V" line-rate="0.0" branch-rate="1.0" complexity="0">
							<lines>
								<line number="22" hits="0" branch="false"/>
								<line number="88" hits="0" branch="false"/>
							</lines>
						</method>
						<method name="extractAudio" signature="(Ljava/lang/String;)Lorg/apache/spark/sql/Dataset;" line-rate="0.0" branch-rate="1.0" complexity="0">
							<lines>
								<line number="55" hits="0" branch="false"/>
								<line number="56" hits="0" branch="false"/>
							</lines>
						</method>
						<method name="extractHyperlinks" signature="(Ljava/lang/String;)Lorg/apache/spark/sql/Dataset;" line-rate="0.0" branch-rate="1.0" complexity="0">
							<lines>
								<line number="32" hits="0" branch="false"/>
								<line number="33" hits="0" branch="false"/>
							</lines>
						</method>
						<method name="extractImageLinks" signature="(Ljava/lang/String;)Lorg/apache/spark/sql/Dataset;" line-rate="0.0" branch-rate="1.0" complexity="0">
							<lines>
								<line number="38" hits="0" branch="false"/>
								<line number="39" hits="0" branch="false"/>
							</lines>
						</method>
						<method name="extractImages" signature="(Ljava/lang/String;)Lorg/apache/spark/sql/Dataset;" line-rate="0.0" branch-rate="1.0" complexity="0">
							<lines>
								<line number="44" hits="0" branch="false"/>
								<line number="45" hits="0" branch="false"/>
							</lines>
						</method>
						<method name="extractPDFs" signature="(Ljava/lang/String;)Lorg/apache/spark/sql/Dataset;" line-rate="0.0" branch-rate="1.0" complexity="0">
							<lines>
								<line number="50" hits="0" branch="false"/>
								<line number="51" hits="0" branch="false"/>
							</lines>
						</method>
						<method name="extractPresentationProgram" signature="(Ljava/lang/String;)Lorg/apache/spark/sql/Dataset;" line-rate="0.0" branch-rate="1.0" complexity="0">
							<lines>
								<line number="73" hits="0" branch="false"/>
								<line number="74" hits="0" branch="false"/>
							</lines>
						</method>
						<method name="extractSpreadsheets" signature="(Ljava/lang/String;)Lorg/apache/spark/sql/Dataset;" line-rate="0.0" branch-rate="1.0" complexity="0">
							<lines>
								<line number="67" hits="0" branch="false"/>
								<line number="68" hits="0" branch="false"/>
							</lines>
						</method>
						<method name="extractTextFiles" signature="(Ljava/lang/String;)Lorg/apache/spark/sql/Dataset;" line-rate="0.0" branch-rate="1.0" complexity="0">
							<lines>
								<line number="85" hits="0" branch="false"/>
								<line number="86" hits="0" branch="false"/>
							</lines>
						</method>
						<method name="extractValidPages" signature="(Ljava/lang/String;)Lorg/apache/spark/sql/Dataset;" line-rate="0.0" branch-rate="1.0" complexity="0">
							<lines>
								<line number="26" hits="0" branch="false"/>
								<line number="27" hits="0" branch="false"/>
							</lines>
						</method>
						<method name="extractVideo" signature="(Ljava/lang/String;)Lorg/apache/spark/sql/Dataset;" line-rate="0.0" branch-rate="1.0" complexity="0">
							<lines>
								<line number="61" hits="0" branch="false"/>
								<line number="62" hits="0" branch="false"/>
							</lines>
						</method>
						<method name="extractWordProcessor" signature="(Ljava/lang/String;)Lorg/apache/spark/sql/Dataset;" line-rate="0.0" branch-rate="1.0" complexity="0">
							<lines>
								<line number="79" hits="0" branch="false"/>
								<line number="80" hits="0" branch="false"/>
							</lines>
						</method>
					</methods>
					<lines>
						<line number="22" hits="0" branch="false"/>
						<line number="26" hits="0" branch="false"/>
						<line number="27" hits="0" branch="false"/>
						<line number="32" hits="0" branch="false"/>
						<line number="33" hits="0" branch="false"/>
						<line number="38" hits="0" branch="false"/>
						<line number="39" hits="0" branch="false"/>
						<line number="44" hits="0" branch="false"/>
						<line number="45" hits="0" branch="false"/>
						<line number="50" hits="0" branch="false"/>
						<line number="51" hits="0" branch="false"/>
						<line number="55" hits="0" branch="false"/>
						<line number="56" hits="0" branch="false"/>
						<line number="61" hits="0" branch="false"/>
						<line number="62" hits="0" branch="false"/>
						<line number="67" hits="0" branch="false"/>
						<line number="68" hits="0" branch="false"/>
						<line number="73" hits="0" branch="false"/>
						<line number="74" hits="0" branch="false"/>
						<line number="79" hits="0" branch="false"/>
						<line number="80" hits="0" branch="false"/>
						<line number="85" hits="0" branch="false"/>
						<line number="86" hits="0" branch="false"/>
						<line number="88" hits="0" branch="false"/>
					</lines>
				</class>
				<class name="io.archivesunleashed.package" filename="io/archivesunleashed/package.scala" line-rate="1.0" branch-rate="1.0" complexity="0.0">
					<methods>
					</methods>
					<lines>
					</lines>
				</class>
				<class name="io.archivesunleashed.package$" filename="io/archivesunleashed/package.scala" line-rate="0.0" branch-rate="1.0" complexity="0.0">
					<methods>
						<method name="&lt;init&gt;" signature="()V" line-rate="0.0" branch-rate="1.0" complexity="0">
							<lines>
								<line number="632" hits="0" branch="false"/>
							</lines>
						</method>
						<method name="CountableRDD" signature="(Lorg/apache/spark/rdd/RDD;Lscala/reflect/ClassTag;)Lio/archivesunleashed/package$CountableRDD;" line-rate="0.0" branch-rate="1.0" complexity="0">
							<lines>
								<line number="76" hits="0" branch="false"/>
							</lines>
						</method>
						<method name="WARecordRDD" signature="(Lorg/apache/spark/rdd/RDD;)Lio/archivesunleashed/package$WARecordRDD;" line-rate="0.0" branch-rate="1.0" complexity="0">
							<lines>
								<line number="89" hits="0" branch="false"/>
							</lines>
						</method>
					</methods>
					<lines>
						<line number="76" hits="0" branch="false"/>
						<line number="89" hits="0" branch="false"/>
						<line number="632" hits="0" branch="false"/>
					</lines>
				</class>
				<class name="io.archivesunleashed.package$CountableRDD" filename="io/archivesunleashed/package.scala" line-rate="0.0" branch-rate="1.0" complexity="0.0">
					<methods>
						<method name="&lt;init&gt;" signature="(Lorg/apache/spark/rdd/RDD;Lscala/reflect/ClassTag;)V" line-rate="0.0" branch-rate="1.0" complexity="0">
							<lines>
								<line number="76" hits="0" branch="false"/>
							</lines>
						</method>
						<method name="countItems" signature="()Lorg/apache/spark/rdd/RDD;" line-rate="0.0" branch-rate="1.0" complexity="0">
							<lines>
								<line number="78" hits="0" branch="false"/>
								<line number="79" hits="0" branch="false"/>
								<line number="80" hits="0" branch="false"/>
							</lines>
						</method>
					</methods>
					<lines>
						<line number="76" hits="0" branch="false"/>
						<line number="78" hits="0" branch="false"/>
						<line number="79" hits="0" branch="false"/>
						<line number="80" hits="0" branch="false"/>
					</lines>
				</class>
				<class name="io.archivesunleashed.package$CountableRDD$$anonfun$1" filename="io/archivesunleashed/package.scala" line-rate="0.0" branch-rate="1.0" complexity="0.0">
					<methods>
						<method name="&lt;init&gt;" signature="(Lio/archivesunleashed/package$CountableRDD;)V" line-rate="0.0" branch-rate="1.0" complexity="0">
							<lines>
								<line number="79" hits="0" branch="false"/>
							</lines>
						</method>
						<method name="apply$mcIII$sp" signature="(II)I" line-rate="1.0" branch-rate="1.0" complexity="0">
							<lines>
							</lines>
						</method>
						<method name="apply" signature="(II)I" line-rate="1.0" branch-rate="1.0" complexity="0">
							<lines>
							</lines>
						</method>
						<method name="apply" signature="(Ljava/lang/Object;Ljava/lang/Object;)Ljava/lang/Object;" line-rate="1.0" branch-rate="1.0" complexity="0">
							<lines>
							</lines>
						</method>
					</methods>
					<lines>
						<line number="79" hits="0" branch="false"/>
					</lines>
				</class>
				<class name="io.archivesunleashed.package$CountableRDD$$anonfun$4" filename="io/archivesunleashed/package.scala" line-rate="0.0" branch-rate="1.0" complexity="0.0">
					<methods>
						<method name="&lt;init&gt;" signature="(Lio/archivesunleashed/package$CountableRDD;)V" line-rate="0.0" branch-rate="1.0" complexity="0">
							<lines>
								<line number="78" hits="0" branch="false"/>
							</lines>
						</method>
						<method name="apply" signature="(Ljava/lang/Object;)Ljava/lang/Object;" line-rate="1.0" branch-rate="1.0" complexity="0">
							<lines>
							</lines>
						</method>
						<method name="apply" signature="(Ljava/lang/Object;)Lscala/Tuple2;" line-rate="1.0" branch-rate="1.0" complexity="0">
							<lines>
							</lines>
						</method>
					</methods>
					<lines>
						<line number="78" hits="0" branch="false"/>
					</lines>
				</class>
				<class name="io.archivesunleashed.package$CountableRDD$$anonfun$5" filename="io/archivesunleashed/package.scala" line-rate="0.0" branch-rate="1.0" complexity="0.0">
					<methods>
						<method name="&lt;init&gt;" signature="(Lio/archivesunleashed/package$CountableRDD;)V" line-rate="0.0" branch-rate="1.0" complexity="0">
							<lines>
								<line number="80" hits="0" branch="false"/>
							</lines>
						</method>
						<method name="apply" signature="(Ljava/lang/Object;)Ljava/lang/Object;" line-rate="1.0" branch-rate="1.0" complexity="0">
							<lines>
							</lines>
						</method>
						<method name="apply" signature="(Lscala/Tuple2;)I" line-rate="1.0" branch-rate="1.0" complexity="0">
							<lines>
							</lines>
						</method>
					</methods>
					<lines>
						<line number="80" hits="0" branch="false"/>
					</lines>
				</class>
				<class name="io.archivesunleashed.package$RecordLoader$" filename="io/archivesunleashed/package.scala" line-rate="0.0" branch-rate="1.0" complexity="0.0">
					<methods>
						<method name="&lt;init&gt;" signature="()V" line-rate="0.0" branch-rate="1.0" complexity="0">
							<lines>
								<line number="76" hits="0" branch="false"/>
							</lines>
						</method>
						<method name="getFiles" signature="(Lorg/apache/hadoop/fs/Path;Lorg/apache/hadoop/fs/FileSystem;)Ljava/lang/String;" line-rate="0.0" branch-rate="1.0" complexity="0">
							<lines>
								<line number="53" hits="0" branch="false"/>
								<line number="54" hits="0" branch="false"/>
								<line number="55" hits="0" branch="false"/>
							</lines>
						</method>
						<method name="loadArchives" signature="(Ljava/lang/String;Lorg/apache/spark/SparkContext;)Lorg/apache/spark/rdd/RDD;" line-rate="0.0" branch-rate="1.0" complexity="0">
							<lines>
								<line number="65" hits="0" branch="false"/>
								<line number="66" hits="0" branch="false"/>
								<line number="67" hits="0" branch="false"/>
								<line number="68" hits="0" branch="false"/>
								<line number="69" hits="0" branch="false"/>
								<line number="71" hits="0" branch="false"/>
							</lines>
						</method>
					</methods>
					<lines>
						<line number="53" hits="0" branch="false"/>
						<line number="54" hits="0" branch="false"/>
						<line number="55" hits="0" branch="false"/>
						<line number="65" hits="0" branch="false"/>
						<line number="66" hits="0" branch="false"/>
						<line number="67" hits="0" branch="false"/>
						<line number="68" hits="0" branch="false"/>
						<line number="69" hits="0" branch="false"/>
						<line number="71" hits="0" branch="false"/>
						<line number="76" hits="0" branch="false"/>
					</lines>
				</class>
				<class name="io.archivesunleashed.package$RecordLoader$$anonfun$2" filename="io/archivesunleashed/package.scala" line-rate="0.0" branch-rate="0.0" complexity="0.0">
					<methods>
						<method name="&lt;init&gt;" signature="(Lorg/apache/hadoop/fs/FileSystem;)V" line-rate="0.0" branch-rate="0.0" complexity="0">
							<lines>
								<line number="54" hits="0" branch="true" condition-coverage="0% (0/2)">
									<conditions>
										<condition number="0" type="jump" coverage="0%"/>
									</conditions>
								</line>
							</lines>
						</method>
						<method name="apply" signature="(Ljava/lang/Object;)Ljava/lang/Object;" line-rate="1.0" branch-rate="1.0" complexity="0">
							<lines>
							</lines>
						</method>
						<method name="apply" signature="(Lorg/apache/hadoop/fs/FileStatus;)Z" line-rate="1.0" branch-rate="1.0" complexity="0">
							<lines>
							</lines>
						</method>
					</methods>
					<lines>
						<line number="54" hits="0" branch="true" condition-coverage="0% (0/2)">
							<conditions>
								<condition number="0" type="jump" coverage="0%"/>
							</conditions>
						</line>
					</lines>
				</class>
				<class name="io.archivesunleashed.package$RecordLoader$$anonfun$3" filename="io/archivesunleashed/package.scala" line-rate="0.0" branch-rate="1.0" complexity="0.0">
					<methods>
						<method name="&lt;init&gt;" signature="()V" line-rate="0.0" branch-rate="1.0" complexity="0">
							<lines>
								<line number="54" hits="0" branch="false"/>
							</lines>
						</method>
						<method name="apply" signature="(Ljava/lang/Object;)Ljava/lang/Object;" line-rate="1.0" branch-rate="1.0" complexity="0">
							<lines>
							</lines>
						</method>
						<method name="apply" signature="(Lorg/apache/hadoop/fs/FileStatus;)Lorg/apache/hadoop/fs/Path;" line-rate="1.0" branch-rate="1.0" complexity="0">
							<lines>
							</lines>
						</method>
					</methods>
					<lines>
						<line number="54" hits="0" branch="false"/>
					</lines>
				</class>
				<class name="io.archivesunleashed.package$RecordLoader$$anonfun$loadArchives$1" filename="io/archivesunleashed/package.scala" line-rate="0.0" branch-rate="0.0" complexity="0.0">
					<methods>
						<method name="&lt;init&gt;" signature="()V" line-rate="0.0" branch-rate="0.0" complexity="0">
							<lines>
								<line number="69" hits="0" branch="true" condition-coverage="0% (0/6)">
									<conditions>
										<condition number="0" type="jump" coverage="0%"/>
										<condition number="1" type="jump" coverage="0%"/>
										<condition number="2" type="jump" coverage="0%"/>
									</conditions>
								</line>
							</lines>
						</method>
						<method name="apply" signature="(Ljava/lang/Object;)Ljava/lang/Object;" line-rate="1.0" branch-rate="1.0" complexity="0">
							<lines>
							</lines>
						</method>
						<method name="apply" signature="(Lscala/Tuple2;)Z" line-rate="0.0" branch-rate="0.0" complexity="0">
							<lines>
								<line number="70" hits="0" branch="true" condition-coverage="0% (0/8)">
									<conditions>
										<condition number="0" type="jump" coverage="0%"/>
										<condition number="1" type="jump" coverage="0%"/>
										<condition number="2" type="jump" coverage="0%"/>
										<condition number="3" type="jump" coverage="0%"/>
									</conditions>
								</line>
							</lines>
						</method>
					</methods>
					<lines>
						<line number="69" hits="0" branch="true" condition-coverage="0% (0/6)">
							<conditions>
								<condition number="0" type="jump" coverage="0%"/>
								<condition number="1" type="jump" coverage="0%"/>
								<condition number="2" type="jump" coverage="0%"/>
							</conditions>
						</line>
						<line number="70" hits="0" branch="true" condition-coverage="0% (0/8)">
							<conditions>
								<condition number="0" type="jump" coverage="0%"/>
								<condition number="1" type="jump" coverage="0%"/>
								<condition number="2" type="jump" coverage="0%"/>
								<condition number="3" type="jump" coverage="0%"/>
							</conditions>
						</line>
					</lines>
				</class>
				<class name="io.archivesunleashed.package$RecordLoader$$anonfun$loadArchives$2" filename="io/archivesunleashed/package.scala" line-rate="0.0" branch-rate="1.0" complexity="0.0">
					<methods>
						<method name="&lt;init&gt;" signature="()V" line-rate="0.0" branch-rate="1.0" complexity="0">
							<lines>
								<line number="71" hits="0" branch="false"/>
							</lines>
						</method>
						<method name="apply" signature="(Ljava/lang/Object;)Ljava/lang/Object;" line-rate="1.0" branch-rate="1.0" complexity="0">
							<lines>
							</lines>
						</method>
						<method name="apply" signature="(Lscala/Tuple2;)Lio/archivesunleashed/ArchiveRecordImpl;" line-rate="1.0" branch-rate="1.0" complexity="0">
							<lines>
							</lines>
						</method>
					</methods>
					<lines>
						<line number="71" hits="0" branch="false"/>
					</lines>
				</class>
				<class name="io.archivesunleashed.package$WARecordRDD" filename="io/archivesunleashed/package.scala" line-rate="0.0" branch-rate="1.0" complexity="0.0">
					<methods>
						<method name="&lt;init&gt;" signature="(Lorg/apache/spark/rdd/RDD;)V" line-rate="0.0" branch-rate="1.0" complexity="0">
							<lines>
								<line number="89" hits="0" branch="false"/>
							</lines>
						</method>
						<method name="discardContent" signature="(Lscala/collection/immutable/Set;)Lorg/apache/spark/rdd/RDD;" line-rate="0.0" branch-rate="1.0" complexity="0">
							<lines>
								<line number="624" hits="0" branch="false"/>
							</lines>
						</method>
						<method name="discardDate" signature="(Ljava/lang/String;)Lorg/apache/spark/rdd/RDD;" line-rate="0.0" branch-rate="1.0" complexity="0">
							<lines>
								<line number="579" hits="0" branch="false"/>
							</lines>
						</method>
						<method name="discardDomains" signature="(Lscala/collection/immutable/Set;)Lorg/apache/spark/rdd/RDD;" line-rate="0.0" branch-rate="1.0" complexity="0">
							<lines>
								<line number="616" hits="0" branch="false"/>
							</lines>
						</method>
						<method name="discardHttpStatus" signature="(Lscala/collection/immutable/Set;)Lorg/apache/spark/rdd/RDD;" line-rate="0.0" branch-rate="1.0" complexity="0">
							<lines>
								<line number="595" hits="0" branch="false"/>
							</lines>
						</method>
						<method name="discardMimeTypes" signature="(Lscala/collection/immutable/Set;)Lorg/apache/spark/rdd/RDD;" line-rate="0.0" branch-rate="1.0" complexity="0">
							<lines>
								<line number="563" hits="0" branch="false"/>
							</lines>
						</method>
						<method name="discardMimeTypesTika" signature="(Lscala/collection/immutable/Set;)Lorg/apache/spark/rdd/RDD;" line-rate="0.0" branch-rate="1.0" complexity="0">
							<lines>
								<line number="571" hits="0" branch="false"/>
							</lines>
						</method>
						<method name="discardUrlPatterns" signature="(Lscala/collection/immutable/Set;)Lorg/apache/spark/rdd/RDD;" line-rate="0.0" branch-rate="1.0" complexity="0">
							<lines>
								<line number="603" hits="0" branch="false"/>
							</lines>
						</method>
						<method name="discardUrls" signature="(Lscala/collection/immutable/Set;)Lorg/apache/spark/rdd/RDD;" line-rate="0.0" branch-rate="1.0" complexity="0">
							<lines>
								<line number="587" hits="0" branch="false"/>
							</lines>
						</method>
						<method name="extractAudioDetailsDF" signature="()Lorg/apache/spark/sql/Dataset;" line-rate="0.0" branch-rate="1.0" complexity="0">
							<lines>
								<line number="214" hits="0" branch="false"/>
								<line number="215" hits="0" branch="false"/>
								<line number="218" hits="0" branch="false"/>
								<line number="219" hits="0" branch="false"/>
								<line number="229" hits="0" branch="false"/>
								<line number="231" hits="0" branch="false"/>
								<line number="232" hits="0" branch="false"/>
								<line number="233" hits="0" branch="false"/>
								<line number="234" hits="0" branch="false"/>
								<line number="235" hits="0" branch="false"/>
								<line number="236" hits="0" branch="false"/>
								<line number="237" hits="0" branch="false"/>
								<line number="238" hits="0" branch="false"/>
								<line number="240" hits="0" branch="false"/>
								<line number="241" hits="0" branch="false"/>
							</lines>
						</method>
						<method name="extractHyperlinksDF" signature="()Lorg/apache/spark/sql/Dataset;" line-rate="0.0" branch-rate="1.0" complexity="0">
							<lines>
								<line number="116" hits="0" branch="false"/>
								<line number="117" hits="0" branch="false"/>
								<line number="118" hits="0" branch="false"/>
								<line number="119" hits="0" branch="false"/>
								<line number="121" hits="0" branch="false"/>
								<line number="122" hits="0" branch="false"/>
								<line number="123" hits="0" branch="false"/>
								<line number="124" hits="0" branch="false"/>
								<line number="125" hits="0" branch="false"/>
								<line number="127" hits="0" branch="false"/>
								<line number="128" hits="0" branch="false"/>
							</lines>
						</method>
						<method name="extractImageDetailsDF" signature="()Lorg/apache/spark/sql/Dataset;" line-rate="0.0" branch-rate="1.0" complexity="0">
							<lines>
								<line number="152" hits="0" branch="false"/>
								<line number="153" hits="0" branch="false"/>
								<line number="154" hits="0" branch="false"/>
								<line number="163" hits="0" branch="false"/>
								<line number="165" hits="0" branch="false"/>
								<line number="166" hits="0" branch="false"/>
								<line number="167" hits="0" branch="false"/>
								<line number="168" hits="0" branch="false"/>
								<line number="169" hits="0" branch="false"/>
								<line number="170" hits="0" branch="false"/>
								<line number="171" hits="0" branch="false"/>
								<line number="172" hits="0" branch="false"/>
								<line number="173" hits="0" branch="false"/>
								<line number="174" hits="0" branch="false"/>
								<line number="176" hits="0" branch="false"/>
								<line number="177" hits="0" branch="false"/>
							</lines>
						</method>
						<method name="extractImageLinksDF" signature="()Lorg/apache/spark/sql/Dataset;" line-rate="0.0" branch-rate="1.0" complexity="0">
							<lines>
								<line number="133" hits="0" branch="false"/>
								<line number="134" hits="0" branch="false"/>
								<line number="135" hits="0" branch="false"/>
								<line number="140" hits="0" branch="false"/>
								<line number="142" hits="0" branch="false"/>
								<line number="143" hits="0" branch="false"/>
								<line number="144" hits="0" branch="false"/>
								<line number="146" hits="0" branch="false"/>
								<line number="147" hits="0" branch="false"/>
							</lines>
						</method>
						<method name="extractPDFDetailsDF" signature="()Lorg/apache/spark/sql/Dataset;" line-rate="0.0" branch-rate="1.0" complexity="0">
							<lines>
								<line number="182" hits="0" branch="false"/>
								<line number="183" hits="0" branch="false"/>
								<line number="186" hits="0" branch="false"/>
								<line number="187" hits="0" branch="false"/>
								<line number="197" hits="0" branch="false"/>
								<line number="199" hits="0" branch="false"/>
								<line number="200" hits="0" branch="false"/>
								<line number="201" hits="0" branch="false"/>
								<line number="202" hits="0" branch="false"/>
								<line number="203" hits="0" branch="false"/>
								<line number="204" hits="0" branch="false"/>
								<line number="205" hits="0" branch="false"/>
								<line number="206" hits="0" branch="false"/>
								<line number="208" hits="0" branch="false"/>
								<line number="209" hits="0" branch="false"/>
							</lines>
						</method>
						<method name="extractPresentationProgramDetailsDF" signature="()Lorg/apache/spark/sql/Dataset;" line-rate="0.0" branch-rate="1.0" complexity="0">
							<lines>
								<line number="343" hits="0" branch="false"/>
								<line number="344" hits="0" branch="false"/>
								<line number="347" hits="0" branch="false"/>
								<line number="360" hits="0" branch="false"/>
								<line number="370" hits="0" branch="false"/>
								<line number="372" hits="0" branch="false"/>
								<line number="373" hits="0" branch="false"/>
								<line number="374" hits="0" branch="false"/>
								<line number="375" hits="0" branch="false"/>
								<line number="376" hits="0" branch="false"/>
								<line number="377" hits="0" branch="false"/>
								<line number="378" hits="0" branch="false"/>
								<line number="379" hits="0" branch="false"/>
								<line number="381" hits="0" branch="false"/>
								<line number="382" hits="0" branch="false"/>
							</lines>
						</method>
						<method name="extractSpreadsheetDetailsDF" signature="()Lorg/apache/spark/sql/Dataset;" line-rate="0.0" branch-rate="1.0" complexity="0">
							<lines>
								<line number="278" hits="0" branch="false"/>
								<line number="279" hits="0" branch="false"/>
								<line number="282" hits="0" branch="false"/>
								<line number="308" hits="0" branch="false"/>
								<line number="326" hits="0" branch="false"/>
								<line number="328" hits="0" branch="false"/>
								<line number="329" hits="0" branch="false"/>
								<line number="330" hits="0" branch="false"/>
								<line number="331" hits="0" branch="false"/>
								<line number="332" hits="0" branch="false"/>
								<line number="333" hits="0" branch="false"/>
								<line number="334" hits="0" branch="false"/>
								<line number="335" hits="0" branch="false"/>
								<line number="337" hits="0" branch="false"/>
								<line number="338" hits="0" branch="false"/>
							</lines>
						</method>
						<method name="extractTextFilesDetailsDF" signature="()Lorg/apache/spark/sql/Dataset;" line-rate="0.0" branch-rate="1.0" complexity="0">
							<lines>
								<line number="436" hits="0" branch="false"/>
								<line number="437" hits="0" branch="false"/>
								<line number="438" hits="0" branch="false"/>
								<line number="444" hits="0" branch="false"/>
								<line number="454" hits="0" branch="false"/>
								<line number="456" hits="0" branch="false"/>
								<line number="457" hits="0" branch="false"/>
								<line number="458" hits="0" branch="false"/>
								<line number="459" hits="0" branch="false"/>
								<line number="460" hits="0" branch="false"/>
								<line number="461" hits="0" branch="false"/>
								<line number="462" hits="0" branch="false"/>
								<line number="463" hits="0" branch="false"/>
								<line number="465" hits="0" branch="false"/>
								<line number="466" hits="0" branch="false"/>
							</lines>
						</method>
						<method name="extractValidPagesDF" signature="()Lorg/apache/spark/sql/Dataset;" line-rate="0.0" branch-rate="1.0" complexity="0">
							<lines>
								<line number="102" hits="0" branch="false"/>
								<line number="103" hits="0" branch="false"/>
								<line number="105" hits="0" branch="false"/>
								<line number="106" hits="0" branch="false"/>
								<line number="107" hits="0" branch="false"/>
								<line number="108" hits="0" branch="false"/>
								<line number="109" hits="0" branch="false"/>
								<line number="111" hits="0" branch="false"/>
								<line number="112" hits="0" branch="false"/>
							</lines>
						</method>
						<method name="extractVideoDetailsDF" signature="()Lorg/apache/spark/sql/Dataset;" line-rate="0.0" branch-rate="1.0" complexity="0">
							<lines>
								<line number="246" hits="0" branch="false"/>
								<line number="247" hits="0" branch="false"/>
								<line number="250" hits="0" branch="false"/>
								<line number="251" hits="0" branch="false"/>
								<line number="261" hits="0" branch="false"/>
								<line number="263" hits="0" branch="false"/>
								<line number="264" hits="0" branch="false"/>
								<line number="265" hits="0" branch="false"/>
								<line number="266" hits="0" branch="false"/>
								<line number="267" hits="0" branch="false"/>
								<line number="268" hits="0" branch="false"/>
								<line number="269" hits="0" branch="false"/>
								<line number="270" hits="0" branch="false"/>
								<line number="272" hits="0" branch="false"/>
								<line number="273" hits="0" branch="false"/>
							</lines>
						</method>
						<method name="extractWordProcessorDetailsDF" signature="()Lorg/apache/spark/sql/Dataset;" line-rate="0.0" branch-rate="1.0" complexity="0">
							<lines>
								<line number="387" hits="0" branch="false"/>
								<line number="388" hits="0" branch="false"/>
								<line number="391" hits="0" branch="false"/>
								<line number="409" hits="0" branch="false"/>
								<line number="419" hits="0" branch="false"/>
								<line number="421" hits="0" branch="false"/>
								<line number="422" hits="0" branch="false"/>
								<line number="423" hits="0" branch="false"/>
								<line number="424" hits="0" branch="false"/>
								<line number="425" hits="0" branch="false"/>
								<line number="426" hits="0" branch="false"/>
								<line number="427" hits="0" branch="false"/>
								<line number="428" hits="0" branch="false"/>
								<line number="430" hits="0" branch="false"/>
								<line number="431" hits="0" branch="false"/>
							</lines>
						</method>
						<method name="keepContent" signature="(Lscala/collection/immutable/Set;)Lorg/apache/spark/rdd/RDD;" line-rate="0.0" branch-rate="1.0" complexity="0">
							<lines>
								<line number="550" hits="0" branch="false"/>
							</lines>
						</method>
						<method name="keepDate$default$2" signature="()Lscala/Enumeration$Value;" line-rate="0.0" branch-rate="1.0" complexity="0">
							<lines>
								<line number="504" hits="0" branch="false"/>
							</lines>
						</method>
						<method name="keepDate" signature="(Lscala/collection/immutable/List;Lscala/Enumeration$Value;)Lorg/apache/spark/rdd/RDD;" line-rate="0.0" branch-rate="1.0" complexity="0">
							<lines>
								<line number="505" hits="0" branch="false"/>
							</lines>
						</method>
						<method name="keepDomains" signature="(Lscala/collection/immutable/Set;)Lorg/apache/spark/rdd/RDD;" line-rate="0.0" branch-rate="1.0" complexity="0">
							<lines>
								<line number="534" hits="0" branch="false"/>
							</lines>
						</method>
						<method name="keepHttpStatus" signature="(Lscala/collection/immutable/Set;)Lorg/apache/spark/rdd/RDD;" line-rate="0.0" branch-rate="1.0" complexity="0">
							<lines>
								<line number="496" hits="0" branch="false"/>
							</lines>
						</method>
						<method name="keepImages" signature="()Lorg/apache/spark/rdd/RDD;" line-rate="0.0" branch-rate="1.0" complexity="0">
							<lines>
								<line number="471" hits="0" branch="false"/>
							</lines>
						</method>
						<method name="keepLanguages" signature="(Lscala/collection/immutable/Set;)Lorg/apache/spark/rdd/RDD;" line-rate="0.0" branch-rate="1.0" complexity="0">
							<lines>
								<line number="542" hits="0" branch="false"/>
							</lines>
						</method>
						<method name="keepMimeTypes" signature="(Lscala/collection/immutable/Set;)Lorg/apache/spark/rdd/RDD;" line-rate="0.0" branch-rate="1.0" complexity="0">
							<lines>
								<line number="480" hits="0" branch="false"/>
							</lines>
						</method>
						<method name="keepMimeTypesTika" signature="(Lscala/collection/immutable/Set;)Lorg/apache/spark/rdd/RDD;" line-rate="0.0" branch-rate="1.0" complexity="0">
							<lines>
								<line number="488" hits="0" branch="false"/>
							</lines>
						</method>
						<method name="keepUrlPatterns" signature="(Lscala/collection/immutable/Set;)Lorg/apache/spark/rdd/RDD;" line-rate="0.0" branch-rate="1.0" complexity="0">
							<lines>
								<line number="521" hits="0" branch="false"/>
							</lines>
						</method>
						<method name="keepUrls" signature="(Lscala/collection/immutable/Set;)Lorg/apache/spark/rdd/RDD;" line-rate="0.0" branch-rate="1.0" complexity="0">
							<lines>
								<line number="513" hits="0" branch="false"/>
							</lines>
						</method>
						<method name="keepValidPages" signature="()Lorg/apache/spark/rdd/RDD;" line-rate="0.0" branch-rate="1.0" complexity="0">
							<lines>
								<line number="92" hits="0" branch="false"/>
							</lines>
						</method>
					</methods>
					<lines>
						<line number="89" hits="0" branch="false"/>
						<line number="92" hits="0" branch="false"/>
						<line number="102" hits="0" branch="false"/>
						<line number="103" hits="0" branch="false"/>
						<line number="105" hits="0" branch="false"/>
						<line number="106" hits="0" branch="false"/>
						<line number="107" hits="0" branch="false"/>
						<line number="108" hits="0" branch="false"/>
						<line number="109" hits="0" branch="false"/>
						<line number="111" hits="0" branch="false"/>
						<line number="112" hits="0" branch="false"/>
						<line number="116" hits="0" branch="false"/>
						<line number="117" hits="0" branch="false"/>
						<line number="118" hits="0" branch="false"/>
						<line number="119" hits="0" branch="false"/>
						<line number="121" hits="0" branch="false"/>
						<line number="122" hits="0" branch="false"/>
						<line number="123" hits="0" branch="false"/>
						<line number="124" hits="0" branch="false"/>
						<line number="125" hits="0" branch="false"/>
						<line number="127" hits="0" branch="false"/>
						<line number="128" hits="0" branch="false"/>
						<line number="133" hits="0" branch="false"/>
						<line number="134" hits="0" branch="false"/>
						<line number="135" hits="0" branch="false"/>
						<line number="140" hits="0" branch="false"/>
						<line number="142" hits="0" branch="false"/>
						<line number="143" hits="0" branch="false"/>
						<line number="144" hits="0" branch="false"/>
						<line number="146" hits="0" branch="false"/>
						<line number="147" hits="0" branch="false"/>
						<line number="152" hits="0" branch="false"/>
						<line number="153" hits="0" branch="false"/>
						<line number="154" hits="0" branch="false"/>
						<line number="163" hits="0" branch="false"/>
						<line number="165" hits="0" branch="false"/>
						<line number="166" hits="0" branch="false"/>
						<line number="167" hits="0" branch="false"/>
						<line number="168" hits="0" branch="false"/>
						<line number="169" hits="0" branch="false"/>
						<line number="170" hits="0" branch="false"/>
						<line number="171" hits="0" branch="false"/>
						<line number="172" hits="0" branch="false"/>
						<line number="173" hits="0" branch="false"/>
						<line number="174" hits="0" branch="false"/>
						<line number="176" hits="0" branch="false"/>
						<line number="177" hits="0" branch="false"/>
						<line number="182" hits="0" branch="false"/>
						<line number="183" hits="0" branch="false"/>
						<line number="186" hits="0" branch="false"/>
						<line number="187" hits="0" branch="false"/>
						<line number="197" hits="0" branch="false"/>
						<line number="199" hits="0" branch="false"/>
						<line number="200" hits="0" branch="false"/>
						<line number="201" hits="0" branch="false"/>
						<line number="202" hits="0" branch="false"/>
						<line number="203" hits="0" branch="false"/>
						<line number="204" hits="0" branch="false"/>
						<line number="205" hits="0" branch="false"/>
						<line number="206" hits="0" branch="false"/>
						<line number="208" hits="0" branch="false"/>
						<line number="209" hits="0" branch="false"/>
						<line number="214" hits="0" branch="false"/>
						<line number="215" hits="0" branch="false"/>
						<line number="218" hits="0" branch="false"/>
						<line number="219" hits="0" branch="false"/>
						<line number="229" hits="0" branch="false"/>
						<line number="231" hits="0" branch="false"/>
						<line number="232" hits="0" branch="false"/>
						<line number="233" hits="0" branch="false"/>
						<line number="234" hits="0" branch="false"/>
						<line number="235" hits="0" branch="false"/>
						<line number="236" hits="0" branch="false"/>
						<line number="237" hits="0" branch="false"/>
						<line number="238" hits="0" branch="false"/>
						<line number="240" hits="0" branch="false"/>
						<line number="241" hits="0" branch="false"/>
						<line number="246" hits="0" branch="false"/>
						<line number="247" hits="0" branch="false"/>
						<line number="250" hits="0" branch="false"/>
						<line number="251" hits="0" branch="false"/>
						<line number="261" hits="0" branch="false"/>
						<line number="263" hits="0" branch="false"/>
						<line number="264" hits="0" branch="false"/>
						<line number="265" hits="0" branch="false"/>
						<line number="266" hits="0" branch="false"/>
						<line number="267" hits="0" branch="false"/>
						<line number="268" hits="0" branch="false"/>
						<line number="269" hits="0" branch="false"/>
						<line number="270" hits="0" branch="false"/>
						<line number="272" hits="0" branch="false"/>
						<line number="273" hits="0" branch="false"/>
						<line number="278" hits="0" branch="false"/>
						<line number="279" hits="0" branch="false"/>
						<line number="282" hits="0" branch="false"/>
						<line number="308" hits="0" branch="false"/>
						<line number="326" hits="0" branch="false"/>
						<line number="328" hits="0" branch="false"/>
						<line number="329" hits="0" branch="false"/>
						<line number="330" hits="0" branch="false"/>
						<line number="331" hits="0" branch="false"/>
						<line number="332" hits="0" branch="false"/>
						<line number="333" hits="0" branch="false"/>
						<line number="334" hits="0" branch="false"/>
						<line number="335" hits="0" branch="false"/>
						<line number="337" hits="0" branch="false"/>
						<line number="338" hits="0" branch="false"/>
						<line number="343" hits="0" branch="false"/>
						<line number="344" hits="0" branch="false"/>
						<line number="347" hits="0" branch="false"/>
						<line number="360" hits="0" branch="false"/>
						<line number="370" hits="0" branch="false"/>
						<line number="372" hits="0" branch="false"/>
						<line number="373" hits="0" branch="false"/>
						<line number="374" hits="0" branch="false"/>
						<line number="375" hits="0" branch="false"/>
						<line number="376" hits="0" branch="false"/>
						<line number="377" hits="0" branch="false"/>
						<line number="378" hits="0" branch="false"/>
						<line number="379" hits="0" branch="false"/>
						<line number="381" hits="0" branch="false"/>
						<line number="382" hits="0" branch="false"/>
						<line number="387" hits="0" branch="false"/>
						<line number="388" hits="0" branch="false"/>
						<line number="391" hits="0" branch="false"/>
						<line number="409" hits="0" branch="false"/>
						<line number="419" hits="0" branch="false"/>
						<line number="421" hits="0" branch="false"/>
						<line number="422" hits="0" branch="false"/>
						<line number="423" hits="0" branch="false"/>
						<line number="424" hits="0" branch="false"/>
						<line number="425" hits="0" branch="false"/>
						<line number="426" hits="0" branch="false"/>
						<line number="427" hits="0" branch="false"/>
						<line number="428" hits="0" branch="false"/>
						<line number="430" hits="0" branch="false"/>
						<line number="431" hits="0" branch="false"/>
						<line number="436" hits="0" branch="false"/>
						<line number="437" hits="0" branch="false"/>
						<line number="438" hits="0" branch="false"/>
						<line number="444" hits="0" branch="false"/>
						<line number="454" hits="0" branch="false"/>
						<line number="456" hits="0" branch="false"/>
						<line number="457" hits="0" branch="false"/>
						<line number="458" hits="0" branch="false"/>
						<line number="459" hits="0" branch="false"/>
						<line number="460" hits="0" branch="false"/>
						<line number="461" hits="0" branch="false"/>
						<line number="462" hits="0" branch="false"/>
						<line number="463" hits="0" branch="false"/>
						<line number="465" hits="0" branch="false"/>
						<line number="466" hits="0" branch="false"/>
						<line number="471" hits="0" branch="false"/>
						<line number="480" hits="0" branch="false"/>
						<line number="488" hits="0" branch="false"/>
						<line number="496" hits="0" branch="false"/>
						<line number="504" hits="0" branch="false"/>
						<line number="505" hits="0" branch="false"/>
						<line number="513" hits="0" branch="false"/>
						<line number="521" hits="0" branch="false"/>
						<line number="534" hits="0" branch="false"/>
						<line number="542" hits="0" branch="false"/>
						<line number="550" hits="0" branch="false"/>
						<line number="563" hits="0" branch="false"/>
						<line number="571" hits="0" branch="false"/>
						<line number="579" hits="0" branch="false"/>
						<line number="587" hits="0" branch="false"/>
						<line number="595" hits="0" branch="false"/>
						<line number="603" hits="0" branch="false"/>
						<line number="616" hits="0" branch="false"/>
						<line number="624" hits="0" branch="false"/>
					</lines>
				</class>
				<class name="io.archivesunleashed.package$WARecordRDD$$anonfun$10" filename="io/archivesunleashed/package.scala" line-rate="0.0" branch-rate="1.0" complexity="0.0">
					<methods>
						<method name="&lt;init&gt;" signature="(Lio/archivesunleashed/package$WARecordRDD;)V" line-rate="0.0" branch-rate="1.0" complexity="0">
							<lines>
								<line number="140" hits="0" branch="false"/>
							</lines>
						</method>
						<method name="apply" signature="(Ljava/lang/Object;)Ljava/lang/Object;" line-rate="1.0" branch-rate="1.0" complexity="0">
							<lines>
							</lines>
						</method>
						<method name="apply" signature="(Lscala/Tuple2;)Lorg/apache/spark/sql/Row;" line-rate="1.0" branch-rate="1.0" complexity="0">
							<lines>
							</lines>
						</method>
					</methods>
					<lines>
						<line number="140" hits="0" branch="false"/>
					</lines>
				</class>
				<class name="io.archivesunleashed.package$WARecordRDD$$anonfun$11" filename="io/archivesunleashed/package.scala" line-rate="0.0" branch-rate="1.0" complexity="0.0">
					<methods>
						<method name="&lt;init&gt;" signature="(Lio/archivesunleashed/package$WARecordRDD;)V" line-rate="0.0" branch-rate="1.0" complexity="0">
							<lines>
								<line number="154" hits="0" branch="false"/>
							</lines>
						</method>
						<method name="apply" signature="(Lio/archivesunleashed/ArchiveRecord;)Lscala/Tuple9;" line-rate="0.0" branch-rate="1.0" complexity="0">
							<lines>
								<line number="155" hits="0" branch="false"/>
								<line number="156" hits="0" branch="false"/>
								<line number="157" hits="0" branch="false"/>
								<line number="158" hits="0" branch="false"/>
								<line number="159" hits="0" branch="false"/>
								<line number="160" hits="0" branch="false"/>
								<line number="161" hits="0" branch="false"/>
							</lines>
						</method>
						<method name="apply" signature="(Ljava/lang/Object;)Ljava/lang/Object;" line-rate="1.0" branch-rate="1.0" complexity="0">
							<lines>
							</lines>
						</method>
					</methods>
					<lines>
						<line number="154" hits="0" branch="false"/>
						<line number="155" hits="0" branch="false"/>
						<line number="156" hits="0" branch="false"/>
						<line number="157" hits="0" branch="false"/>
						<line number="158" hits="0" branch="false"/>
						<line number="159" hits="0" branch="false"/>
						<line number="160" hits="0" branch="false"/>
						<line number="161" hits="0" branch="false"/>
					</lines>
				</class>
				<class name="io.archivesunleashed.package$WARecordRDD$$anonfun$12" filename="io/archivesunleashed/package.scala" line-rate="0.0" branch-rate="1.0" complexity="0.0">
					<methods>
						<method name="&lt;init&gt;" signature="(Lio/archivesunleashed/package$WARecordRDD;)V" line-rate="0.0" branch-rate="1.0" complexity="0">
							<lines>
								<line number="163" hits="0" branch="false"/>
							</lines>
						</method>
						<method name="apply" signature="(Ljava/lang/Object;)Ljava/lang/Object;" line-rate="1.0" branch-rate="1.0" complexity="0">
							<lines>
							</lines>
						</method>
						<method name="apply" signature="(Lscala/Tuple9;)Lorg/apache/spark/sql/Row;" line-rate="1.0" branch-rate="1.0" complexity="0">
							<lines>
							</lines>
						</method>
					</methods>
					<lines>
						<line number="163" hits="0" branch="false"/>
					</lines>
				</class>
				<class name="io.archivesunleashed.package$WARecordRDD$$anonfun$13" filename="io/archivesunleashed/package.scala" line-rate="0.0" branch-rate="1.0" complexity="0.0">
					<methods>
						<method name="&lt;init&gt;" signature="(Lio/archivesunleashed/package$WARecordRDD;)V" line-rate="0.0" branch-rate="1.0" complexity="0">
							<lines>
								<line number="183" hits="0" branch="false"/>
							</lines>
						</method>
						<method name="apply" signature="(Lio/archivesunleashed/ArchiveRecord;)Lscala/Tuple2;" line-rate="0.0" branch-rate="1.0" complexity="0">
							<lines>
								<line number="184" hits="0" branch="false"/>
							</lines>
						</method>
						<method name="apply" signature="(Ljava/lang/Object;)Ljava/lang/Object;" line-rate="1.0" branch-rate="1.0" complexity="0">
							<lines>
							</lines>
						</method>
					</methods>
					<lines>
						<line number="183" hits="0" branch="false"/>
						<line number="184" hits="0" branch="false"/>
					</lines>
				</class>
				<class name="io.archivesunleashed.package$WARecordRDD$$anonfun$14" filename="io/archivesunleashed/package.scala" line-rate="0.0" branch-rate="0.0" complexity="0.0">
					<methods>
						<method name="&lt;init&gt;" signature="(Lio/archivesunleashed/package$WARecordRDD;)V" line-rate="0.0" branch-rate="0.0" complexity="0">
							<lines>
								<line number="186" hits="0" branch="true" condition-coverage="0% (0/6)">
									<conditions>
										<condition number="0" type="jump" coverage="0%"/>
										<condition number="1" type="jump" coverage="0%"/>
										<condition number="2" type="jump" coverage="0%"/>
									</conditions>
								</line>
							</lines>
						</method>
						<method name="apply" signature="(Ljava/lang/Object;)Ljava/lang/Object;" line-rate="1.0" branch-rate="1.0" complexity="0">
							<lines>
							</lines>
						</method>
						<method name="apply" signature="(Lscala/Tuple2;)Z" line-rate="1.0" branch-rate="1.0" complexity="0">
							<lines>
							</lines>
						</method>
					</methods>
					<lines>
						<line number="186" hits="0" branch="true" condition-coverage="0% (0/6)">
							<conditions>
								<condition number="0" type="jump" coverage="0%"/>
								<condition number="1" type="jump" coverage="0%"/>
								<condition number="2" type="jump" coverage="0%"/>
							</conditions>
						</line>
					</lines>
				</class>
				<class name="io.archivesunleashed.package$WARecordRDD$$anonfun$15" filename="io/archivesunleashed/package.scala" line-rate="0.0" branch-rate="1.0" complexity="0.0">
					<methods>
						<method name="&lt;init&gt;" signature="(Lio/archivesunleashed/package$WARecordRDD;)V" line-rate="0.0" branch-rate="1.0" complexity="0">
							<lines>
								<line number="187" hits="0" branch="false"/>
							</lines>
						</method>
						<method name="apply" signature="(Ljava/lang/Object;)Ljava/lang/Object;" line-rate="1.0" branch-rate="1.0" complexity="0">
							<lines>
							</lines>
						</method>
						<method name="apply" signature="(Lscala/Tuple2;)Lscala/Tuple7;" line-rate="0.0" branch-rate="1.0" complexity="0">
							<lines>
								<line number="188" hits="0" branch="false"/>
								<line number="189" hits="0" branch="false"/>
								<line number="190" hits="0" branch="false"/>
								<line number="191" hits="0" branch="false"/>
								<line number="192" hits="0" branch="false"/>
								<line number="193" hits="0" branch="false"/>
								<line number="194" hits="0" branch="false"/>
								<line number="195" hits="0" branch="false"/>
							</lines>
						</method>
					</methods>
					<lines>
						<line number="187" hits="0" branch="false"/>
						<line number="188" hits="0" branch="false"/>
						<line number="189" hits="0" branch="false"/>
						<line number="190" hits="0" branch="false"/>
						<line number="191" hits="0" branch="false"/>
						<line number="192" hits="0" branch="false"/>
						<line number="193" hits="0" branch="false"/>
						<line number="194" hits="0" branch="false"/>
						<line number="195" hits="0" branch="false"/>
					</lines>
				</class>
				<class name="io.archivesunleashed.package$WARecordRDD$$anonfun$16" filename="io/archivesunleashed/package.scala" line-rate="0.0" branch-rate="1.0" complexity="0.0">
					<methods>
						<method name="&lt;init&gt;" signature="(Lio/archivesunleashed/package$WARecordRDD;)V" line-rate="0.0" branch-rate="1.0" complexity="0">
							<lines>
								<line number="197" hits="0" branch="false"/>
							</lines>
						</method>
						<method name="apply" signature="(Ljava/lang/Object;)Ljava/lang/Object;" line-rate="1.0" branch-rate="1.0" complexity="0">
							<lines>
							</lines>
						</method>
						<method name="apply" signature="(Lscala/Tuple7;)Lorg/apache/spark/sql/Row;" line-rate="1.0" branch-rate="1.0" complexity="0">
							<lines>
							</lines>
						</method>
					</methods>
					<lines>
						<line number="197" hits="0" branch="false"/>
					</lines>
				</class>
				<class name="io.archivesunleashed.package$WARecordRDD$$anonfun$17" filename="io/archivesunleashed/package.scala" line-rate="0.0" branch-rate="1.0" complexity="0.0">
					<methods>
						<method name="&lt;init&gt;" signature="(Lio/archivesunleashed/package$WARecordRDD;)V" line-rate="0.0" branch-rate="1.0" complexity="0">
							<lines>
								<line number="215" hits="0" branch="false"/>
							</lines>
						</method>
						<method name="apply" signature="(Lio/archivesunleashed/ArchiveRecord;)Lscala/Tuple2;" line-rate="0.0" branch-rate="1.0" complexity="0">
							<lines>
								<line number="216" hits="0" branch="false"/>
							</lines>
						</method>
						<method name="apply" signature="(Ljava/lang/Object;)Ljava/lang/Object;" line-rate="1.0" branch-rate="1.0" complexity="0">
							<lines>
							</lines>
						</method>
					</methods>
					<lines>
						<line number="215" hits="0" branch="false"/>
						<line number="216" hits="0" branch="false"/>
					</lines>
				</class>
				<class name="io.archivesunleashed.package$WARecordRDD$$anonfun$18" filename="io/archivesunleashed/package.scala" line-rate="0.0" branch-rate="1.0" complexity="0.0">
					<methods>
						<method name="&lt;init&gt;" signature="(Lio/archivesunleashed/package$WARecordRDD;)V" line-rate="0.0" branch-rate="1.0" complexity="0">
							<lines>
								<line number="218" hits="0" branch="false"/>
							</lines>
						</method>
						<method name="apply" signature="(Ljava/lang/Object;)Ljava/lang/Object;" line-rate="1.0" branch-rate="1.0" complexity="0">
							<lines>
							</lines>
						</method>
						<method name="apply" signature="(Lscala/Tuple2;)Z" line-rate="1.0" branch-rate="1.0" complexity="0">
							<lines>
							</lines>
						</method>
					</methods>
					<lines>
						<line number="218" hits="0" branch="false"/>
					</lines>
				</class>
				<class name="io.archivesunleashed.package$WARecordRDD$$anonfun$19" filename="io/archivesunleashed/package.scala" line-rate="0.0" branch-rate="1.0" complexity="0.0">
					<methods>
						<method name="&lt;init&gt;" signature="(Lio/archivesunleashed/package$WARecordRDD;)V" line-rate="0.0" branch-rate="1.0" complexity="0">
							<lines>
								<line number="219" hits="0" branch="false"/>
							</lines>
						</method>
						<method name="apply" signature="(Ljava/lang/Object;)Ljava/lang/Object;" line-rate="1.0" branch-rate="1.0" complexity="0">
							<lines>
							</lines>
						</method>
						<method name="apply" signature="(Lscala/Tuple2;)Lscala/Tuple7;" line-rate="0.0" branch-rate="1.0" complexity="0">
							<lines>
								<line number="220" hits="0" branch="false"/>
								<line number="221" hits="0" branch="false"/>
								<line number="222" hits="0" branch="false"/>
								<line number="223" hits="0" branch="false"/>
								<line number="224" hits="0" branch="false"/>
								<line number="225" hits="0" branch="false"/>
								<line number="226" hits="0" branch="false"/>
								<line number="227" hits="0" branch="false"/>
							</lines>
						</method>
					</methods>
					<lines>
						<line number="219" hits="0" branch="false"/>
						<line number="220" hits="0" branch="false"/>
						<line number="221" hits="0" branch="false"/>
						<line number="222" hits="0" branch="false"/>
						<line number="223" hits="0" branch="false"/>
						<line number="224" hits="0" branch="false"/>
						<line number="225" hits="0" branch="false"/>
						<line number="226" hits="0" branch="false"/>
						<line number="227" hits="0" branch="false"/>
					</lines>
				</class>
				<class name="io.archivesunleashed.package$WARecordRDD$$anonfun$20" filename="io/archivesunleashed/package.scala" line-rate="0.0" branch-rate="1.0" complexity="0.0">
					<methods>
						<method name="&lt;init&gt;" signature="(Lio/archivesunleashed/package$WARecordRDD;)V" line-rate="0.0" branch-rate="1.0" complexity="0">
							<lines>
								<line number="229" hits="0" branch="false"/>
							</lines>
						</method>
						<method name="apply" signature="(Ljava/lang/Object;)Ljava/lang/Object;" line-rate="1.0" branch-rate="1.0" complexity="0">
							<lines>
							</lines>
						</method>
						<method name="apply" signature="(Lscala/Tuple7;)Lorg/apache/spark/sql/Row;" line-rate="1.0" branch-rate="1.0" complexity="0">
							<lines>
							</lines>
						</method>
					</methods>
					<lines>
						<line number="229" hits="0" branch="false"/>
					</lines>
				</class>
				<class name="io.archivesunleashed.package$WARecordRDD$$anonfun$21" filename="io/archivesunleashed/package.scala" line-rate="0.0" branch-rate="1.0" complexity="0.0">
					<methods>
						<method name="&lt;init&gt;" signature="(Lio/archivesunleashed/package$WARecordRDD;)V" line-rate="0.0" branch-rate="1.0" complexity="0">
							<lines>
								<line number="247" hits="0" branch="false"/>
							</lines>
						</method>
						<method name="apply" signature="(Lio/archivesunleashed/ArchiveRecord;)Lscala/Tuple2;" line-rate="0.0" branch-rate="1.0" complexity="0">
							<lines>
								<line number="248" hits="0" branch="false"/>
							</lines>
						</method>
						<method name="apply" signature="(Ljava/lang/Object;)Ljava/lang/Object;" line-rate="1.0" branch-rate="1.0" complexity="0">
							<lines>
							</lines>
						</method>
					</methods>
					<lines>
						<line number="247" hits="0" branch="false"/>
						<line number="248" hits="0" branch="false"/>
					</lines>
				</class>
				<class name="io.archivesunleashed.package$WARecordRDD$$anonfun$22" filename="io/archivesunleashed/package.scala" line-rate="0.0" branch-rate="1.0" complexity="0.0">
					<methods>
						<method name="&lt;init&gt;" signature="(Lio/archivesunleashed/package$WARecordRDD;)V" line-rate="0.0" branch-rate="1.0" complexity="0">
							<lines>
								<line number="250" hits="0" branch="false"/>
							</lines>
						</method>
						<method name="apply" signature="(Ljava/lang/Object;)Ljava/lang/Object;" line-rate="1.0" branch-rate="1.0" complexity="0">
							<lines>
							</lines>
						</method>
						<method name="apply" signature="(Lscala/Tuple2;)Z" line-rate="1.0" branch-rate="1.0" complexity="0">
							<lines>
							</lines>
						</method>
					</methods>
					<lines>
						<line number="250" hits="0" branch="false"/>
					</lines>
				</class>
				<class name="io.archivesunleashed.package$WARecordRDD$$anonfun$23" filename="io/archivesunleashed/package.scala" line-rate="0.0" branch-rate="1.0" complexity="0.0">
					<methods>
						<method name="&lt;init&gt;" signature="(Lio/archivesunleashed/package$WARecordRDD;)V" line-rate="0.0" branch-rate="1.0" complexity="0">
							<lines>
								<line number="251" hits="0" branch="false"/>
							</lines>
						</method>
						<method name="apply" signature="(Ljava/lang/Object;)Ljava/lang/Object;" line-rate="1.0" branch-rate="1.0" complexity="0">
							<lines>
							</lines>
						</method>
						<method name="apply" signature="(Lscala/Tuple2;)Lscala/Tuple7;" line-rate="0.0" branch-rate="1.0" complexity="0">
							<lines>
								<line number="252" hits="0" branch="false"/>
								<line number="253" hits="0" branch="false"/>
								<line number="254" hits="0" branch="false"/>
								<line number="255" hits="0" branch="false"/>
								<line number="256" hits="0" branch="false"/>
								<line number="257" hits="0" branch="false"/>
								<line number="258" hits="0" branch="false"/>
								<line number="259" hits="0" branch="false"/>
							</lines>
						</method>
					</methods>
					<lines>
						<line number="251" hits="0" branch="false"/>
						<line number="252" hits="0" branch="false"/>
						<line number="253" hits="0" branch="false"/>
						<line number="254" hits="0" branch="false"/>
						<line number="255" hits="0" branch="false"/>
						<line number="256" hits="0" branch="false"/>
						<line number="257" hits="0" branch="false"/>
						<line number="258" hits="0" branch="false"/>
						<line number="259" hits="0" branch="false"/>
					</lines>
				</class>
				<class name="io.archivesunleashed.package$WARecordRDD$$anonfun$24" filename="io/archivesunleashed/package.scala" line-rate="0.0" branch-rate="1.0" complexity="0.0">
					<methods>
						<method name="&lt;init&gt;" signature="(Lio/archivesunleashed/package$WARecordRDD;)V" line-rate="0.0" branch-rate="1.0" complexity="0">
							<lines>
								<line number="261" hits="0" branch="false"/>
							</lines>
						</method>
						<method name="apply" signature="(Ljava/lang/Object;)Ljava/lang/Object;" line-rate="1.0" branch-rate="1.0" complexity="0">
							<lines>
							</lines>
						</method>
						<method name="apply" signature="(Lscala/Tuple7;)Lorg/apache/spark/sql/Row;" line-rate="1.0" branch-rate="1.0" complexity="0">
							<lines>
							</lines>
						</method>
					</methods>
					<lines>
						<line number="261" hits="0" branch="false"/>
					</lines>
				</class>
				<class name="io.archivesunleashed.package$WARecordRDD$$anonfun$25" filename="io/archivesunleashed/package.scala" line-rate="0.0" branch-rate="1.0" complexity="0.0">
					<methods>
						<method name="&lt;init&gt;" signature="(Lio/archivesunleashed/package$WARecordRDD;)V" line-rate="0.0" branch-rate="1.0" complexity="0">
							<lines>
								<line number="279" hits="0" branch="false"/>
							</lines>
						</method>
						<method name="apply" signature="(Lio/archivesunleashed/ArchiveRecord;)Lscala/Tuple2;" line-rate="0.0" branch-rate="1.0" complexity="0">
							<lines>
								<line number="280" hits="0" branch="false"/>
							</lines>
						</method>
						<method name="apply" signature="(Ljava/lang/Object;)Ljava/lang/Object;" line-rate="1.0" branch-rate="1.0" complexity="0">
							<lines>
							</lines>
						</method>
					</methods>
					<lines>
						<line number="279" hits="0" branch="false"/>
						<line number="280" hits="0" branch="false"/>
					</lines>
				</class>
				<class name="io.archivesunleashed.package$WARecordRDD$$anonfun$26" filename="io/archivesunleashed/package.scala" line-rate="0.0" branch-rate="0.0" complexity="0.0">
					<methods>
						<method name="&lt;init&gt;" signature="(Lio/archivesunleashed/package$WARecordRDD;)V" line-rate="0.0" branch-rate="0.0" complexity="0">
							<lines>
								<line number="282" hits="0" branch="true" condition-coverage="0% (0/6)">
									<conditions>
										<condition number="0" type="jump" coverage="0%"/>
										<condition number="1" type="jump" coverage="0%"/>
										<condition number="2" type="jump" coverage="0%"/>
									</conditions>
								</line>
							</lines>
						</method>
						<method name="apply" signature="(Ljava/lang/Object;)Ljava/lang/Object;" line-rate="1.0" branch-rate="1.0" complexity="0">
							<lines>
							</lines>
						</method>
						<method name="apply" signature="(Lscala/Tuple2;)Z" line-rate="0.0" branch-rate="0.0" complexity="0">
							<lines>
								<line number="283" hits="0" branch="true" condition-coverage="0% (0/6)">
									<conditions>
										<condition number="0" type="jump" coverage="0%"/>
										<condition number="1" type="jump" coverage="0%"/>
										<condition number="2" type="jump" coverage="0%"/>
									</conditions>
								</line>
								<line number="284" hits="0" branch="true" condition-coverage="0% (0/6)">
									<conditions>
										<condition number="0" type="jump" coverage="0%"/>
										<condition number="1" type="jump" coverage="0%"/>
										<condition number="2" type="jump" coverage="0%"/>
									</conditions>
								</line>
								<line number="285" hits="0" branch="true" condition-coverage="0% (0/6)">
									<conditions>
										<condition number="0" type="jump" coverage="0%"/>
										<condition number="1" type="jump" coverage="0%"/>
										<condition number="2" type="jump" coverage="0%"/>
									</conditions>
								</line>
								<line number="286" hits="0" branch="true" condition-coverage="0% (0/6)">
									<conditions>
										<condition number="0" type="jump" coverage="0%"/>
										<condition number="1" type="jump" coverage="0%"/>
										<condition number="2" type="jump" coverage="0%"/>
									</conditions>
								</line>
								<line number="287" hits="0" branch="true" condition-coverage="0% (0/6)">
									<conditions>
										<condition number="0" type="jump" coverage="0%"/>
										<condition number="1" type="jump" coverage="0%"/>
										<condition number="2" type="jump" coverage="0%"/>
									</conditions>
								</line>
								<line number="288" hits="0" branch="true" condition-coverage="0% (0/6)">
									<conditions>
										<condition number="0" type="jump" coverage="0%"/>
										<condition number="1" type="jump" coverage="0%"/>
										<condition number="2" type="jump" coverage="0%"/>
									</conditions>
								</line>
								<line number="289" hits="0" branch="true" condition-coverage="0% (0/6)">
									<conditions>
										<condition number="0" type="jump" coverage="0%"/>
										<condition number="1" type="jump" coverage="0%"/>
[...]
										<condition number="5" type="jump" coverage="0%"/>
									</conditions>
								</line>
							</lines>
						</method>
						<method name="Case$lzycompute" signature="()Lshapeless/Poly1$Case$;" line-rate="1.0" branch-rate="1.0" complexity="0">
							<lines>
							</lines>
						</method>
						<method name="Case" signature="()Lshapeless/Poly1$Case$;" line-rate="1.0" branch-rate="1.0" complexity="0">
							<lines>
							</lines>
						</method>
						<method name="CaseBuilder$lzycompute" signature="()Lshapeless/Poly$CaseBuilder$;" line-rate="1.0" branch-rate="1.0" complexity="0">
							<lines>
							</lines>
						</method>
						<method name="CaseBuilder" signature="()Lshapeless/Poly$CaseBuilder$;" line-rate="1.0" branch-rate="1.0" complexity="0">
							<lines>
							</lines>
						</method>
						<method name="ProductCase$lzycompute" signature="()Lshapeless/Poly$ProductCase$;" line-rate="1.0" branch-rate="1.0" complexity="0">
							<lines>
							</lines>
						</method>
						<method name="ProductCase" signature="()Lshapeless/Poly$ProductCase$;" line-rate="1.0" branch-rate="1.0" complexity="0">
							<lines>
							</lines>
						</method>
						<method name="andThen" signature="(Lshapeless/Poly;)Lshapeless/PolyDefns$Compose;" line-rate="1.0" branch-rate="1.0" complexity="0">
							<lines>
							</lines>
						</method>
						<method name="apply" signature="(Ljava/lang/Object;Ljava/lang/Object;Ljava/lang/Object;Ljava/lang/Object;Ljava/lang/Object;Ljava/lang/Object;Ljava/lang/Object;Ljava/lang/Object;Ljava/lang/Object;Ljava/lang/Object;Ljava/lang/Object;Ljava/lang/Object;Ljava/lang/Object;Ljava/lang/Object;Ljava/lang/Object;Ljava/lang/Object;Ljava/lang/Object;Ljava/lang/Object;Ljava/lang/Object;Ljava/lang/Object;Ljava/lang/Object;Ljava/lang/Object;Lshapeless/PolyDefns$Case;)Ljava/lang/Object;" line-rate="1.0" branch-rate="1.0" complexity="0">
							<lines>
							</lines>
						</method>
						<method name="apply" signature="(Ljava/lang/Object;Ljava/lang/Object;Ljava/lang/Object;Ljava/lang/Object;Ljava/lang/Object;Ljava/lang/Object;Ljava/lang/Object;Ljava/lang/Object;Ljava/lang/Object;Ljava/lang/Object;Ljava/lang/Object;Ljava/lang/Object;Ljava/lang/Object;Ljava/lang/Object;Ljava/lang/Object;Ljava/lang/Object;Ljava/lang/Object;Ljava/lang/Object;Ljava/lang/Object;Ljava/lang/Object;Ljava/lang/Object;Lshapeless/PolyDefns$Case;)Ljava/lang/Object;" line-rate="1.0" branch-rate="1.0" complexity="0">
							<lines>
							</lines>
						</method>
						<method name="apply" signature="(Ljava/lang/Object;Ljava/lang/Object;Ljava/lang/Object;Ljava/lang/Object;Ljava/lang/Object;Ljava/lang/Object;Ljava/lang/Object;Ljava/lang/Object;Ljava/lang/Object;Ljava/lang/Object;Ljava/lang/Object;Ljava/lang/Object;Ljava/lang/Object;Ljava/lang/Object;Ljava/lang/Object;Ljava/lang/Object;Ljava/lang/Object;Ljava/lang/Object;Ljava/lang/Object;Ljava/lang/Object;Lshapeless/PolyDefns$Case;)Ljava/lang/Object;" line-rate="1.0" branch-rate="1.0" complexity="0">
							<lines>
							</lines>
						</method>
						<method name="apply" signature="(Ljava/lang/Object;Ljava/lang/Object;Ljava/lang/Object;Ljava/lang/Object;Ljava/lang/Object;Ljava/lang/Object;Ljava/lang/Object;Ljava/lang/Object;Ljava/lang/Object;Ljava/lang/Object;Ljava/lang/Object;Ljava/lang/Object;Ljava/lang/Object;Ljava/lang/Object;Ljava/lang/Object;Ljava/lang/Object;Ljava/lang/Object;Ljava/lang/Object;Ljava/lang/Object;Lshapeless/PolyDefns$Case;)Ljava/lang/Object;" line-rate="1.0" branch-rate="1.0" complexity="0">
							<lines>
							</lines>
						</method>
						<method name="apply" signature="(Ljava/lang/Object;Ljava/lang/Object;Ljava/lang/Object;Ljava/lang/Object;Ljava/lang/Object;Ljava/lang/Object;Ljava/lang/Object;Ljava/lang/Object;Ljava/lang/Object;Ljava/lang/Object;Ljava/lang/Object;Ljava/lang/Object;Ljava/lang/Object;Ljava/lang/Object;Ljava/lang/Object;Ljava/lang/Object;Ljava/lang/Object;Ljava/lang/Object;Lshapeless/PolyDefns$Case;)Ljava/lang/Object;" line-rate="1.0" branch-rate="1.0" complexity="0">
							<lines>
							</lines>
						</method>
						<method name="apply" signature="(Ljava/lang/Object;Ljava/lang/Object;Ljava/lang/Object;Ljava/lang/Object;Ljava/lang/Object;Ljava/lang/Object;Ljava/lang/Object;Ljava/lang/Object;Ljava/lang/Object;Ljava/lang/Object;Ljava/lang/Object;Ljava/lang/Object;Ljava/lang/Object;Ljava/lang/Object;Ljava/lang/Object;Ljava/lang/Object;Ljava/lang/Object;Lshapeless/PolyDefns$Case;)Ljava/lang/Object;" line-rate="1.0" branch-rate="1.0" complexity="0">
							<lines>
							</lines>
						</method>
						<method name="apply" signature="(Ljava/lang/Object;Ljava/lang/Object;Ljava/lang/Object;Ljava/lang/Object;Ljava/lang/Object;Ljava/lang/Object;Ljava/lang/Object;Ljava/lang/Object;Ljava/lang/Object;Ljava/lang/Object;Ljava/lang/Object;Ljava/lang/Object;Ljava/lang/Object;Ljava/lang/Object;Ljava/lang/Object;Ljava/lang/Object;Lshapeless/PolyDefns$Case;)Ljava/lang/Object;" line-rate="1.0" branch-rate="1.0" complexity="0">
							<lines>
							</lines>
						</method>
						<method name="apply" signature="(Ljava/lang/Object;Ljava/lang/Object;Ljava/lang/Object;Ljava/lang/Object;Ljava/lang/Object;Ljava/lang/Object;Ljava/lang/Object;Ljava/lang/Object;Ljava/lang/Object;Ljava/lang/Object;Ljava/lang/Object;Ljava/lang/Object;Ljava/lang/Object;Ljava/lang/Object;Ljava/lang/Object;Lshapeless/PolyDefns$Case;)Ljava/lang/Object;" line-rate="1.0" branch-rate="1.0" complexity="0">
							<lines>
							</lines>
						</method>
						<method name="apply" signature="(Ljava/lang/Object;Ljava/lang/Object;Ljava/lang/Object;Ljava/lang/Object;Ljava/lang/Object;Ljava/lang/Object;Ljava/lang/Object;Ljava/lang/Object;Ljava/lang/Object;Ljava/lang/Object;Ljava/lang/Object;Ljava/lang/Object;Ljava/lang/Object;Ljava/lang/Object;Lshapeless/PolyDefns$Case;)Ljava/lang/Object;" line-rate="1.0" branch-rate="1.0" complexity="0">
							<lines>
							</lines>
						</method>
						<method name="apply" signature="(Ljava/lang/Object;Ljava/lang/Object;Ljava/lang/Object;Ljava/lang/Object;Ljava/lang/Object;Ljava/lang/Object;Ljava/lang/Object;Ljava/lang/Object;Ljava/lang/Object;Ljava/lang/Object;Ljava/lang/Object;Ljava/lang/Object;Ljava/lang/Object;Lshapeless/PolyDefns$Case;)Ljava/lang/Object;" line-rate="1.0" branch-rate="1.0" complexity="0">
							<lines>
							</lines>
						</method>
						<method name="apply" signature="(Ljava/lang/Object;Ljava/lang/Object;Ljava/lang/Object;Ljava/lang/Object;Ljava/lang/Object;Ljava/lang/Object;Ljava/lang/Object;Ljava/lang/Object;Ljava/lang/Object;Ljava/lang/Object;Ljava/lang/Object;Ljava/lang/Object;Lshapeless/PolyDefns$Case;)Ljava/lang/Object;" line-rate="1.0" branch-rate="1.0" complexity="0">
							<lines>
							</lines>
						</method>
						<method name="apply" signature="(Ljava/lang/Object;Ljava/lang/Object;Ljava/lang/Object;Ljava/lang/Object;Ljava/lang/Object;Ljava/lang/Object;Ljava/lang/Object;Ljava/lang/Object;Ljava/lang/Object;Ljava/lang/Object;Ljava/lang/Object;Lshapeless/PolyDefns$Case;)Ljava/lang/Object;" line-rate="1.0" branch-rate="1.0" complexity="0">
							<lines>
							</lines>
						</method>
						<method name="apply" signature="(Ljava/lang/Object;Ljava/lang/Object;Ljava/lang/Object;Ljava/lang/Object;Ljava/lang/Object;Ljava/lang/Object;Ljava/lang/Object;Ljava/lang/Object;Ljava/lang/Object;Ljava/lang/Object;Lshapeless/PolyDefns$Case;)Ljava/lang/Object;" line-rate="1.0" branch-rate="1.0" complexity="0">
							<lines>
							</lines>
						</method>
						<method name="apply" signature="(Ljava/lang/Object;Ljava/lang/Object;Ljava/lang/Object;Ljava/lang/Object;Ljava/lang/Object;Ljava/lang/Object;Ljava/lang/Object;Ljava/lang/Object;Ljava/lang/Object;Lshapeless/PolyDefns$Case;)Ljava/lang/Object;" line-rate="1.0" branch-rate="1.0" complexity="0">
							<lines>
							</lines>
						</method>
						<method name="apply" signature="(Ljava/lang/Object;Ljava/lang/Object;Ljava/lang/Object;Ljava/lang/Object;Ljava/lang/Object;Ljava/lang/Object;Ljava/lang/Object;Ljava/lang/Object;Lshapeless/PolyDefns$Case;)Ljava/lang/Object;" line-rate="1.0" branch-rate="1.0" complexity="0">
							<lines>
							</lines>
						</method>
						<method name="apply" signature="(Ljava/lang/Object;Ljava/lang/Object;Ljava/lang/Object;Ljava/lang/Object;Ljava/lang/Object;Ljava/lang/Object;Ljava/lang/Object;Lshapeless/PolyDefns$Case;)Ljava/lang/Object;" line-rate="1.0" branch-rate="1.0" complexity="0">
							<lines>
							</lines>
						</method>
						<method name="apply" signature="(Ljava/lang/Object;Ljava/lang/Object;Ljava/lang/Object;Ljava/lang/Object;Ljava/lang/Object;Ljava/lang/Object;Lshapeless/PolyDefns$Case;)Ljava/lang/Object;" line-rate="1.0" branch-rate="1.0" complexity="0">
							<lines>
							</lines>
						</method>
						<method name="apply" signature="(Ljava/lang/Object;Ljava/lang/Object;Ljava/lang/Object;Ljava/lang/Object;Ljava/lang/Object;Lshapeless/PolyDefns$Case;)Ljava/lang/Object;" line-rate="1.0" branch-rate="1.0" complexity="0">
							<lines>
							</lines>
						</method>
						<method name="apply" signature="(Ljava/lang/Object;Ljava/lang/Object;Ljava/lang/Object;Ljava/lang/Object;Lshapeless/PolyDefns$Case;)Ljava/lang/Object;" line-rate="1.0" branch-rate="1.0" complexity="0">
							<lines>
							</lines>
						</method>
						<method name="apply" signature="(Ljava/lang/Object;Ljava/lang/Object;Ljava/lang/Object;Lshapeless/PolyDefns$Case;)Ljava/lang/Object;" line-rate="1.0" branch-rate="1.0" complexity="0">
							<lines>
							</lines>
						</method>
						<method name="apply" signature="(Ljava/lang/Object;Ljava/lang/Object;Lshapeless/PolyDefns$Case;)Ljava/lang/Object;" line-rate="1.0" branch-rate="1.0" complexity="0">
							<lines>
							</lines>
						</method>
						<method name="apply" signature="(Ljava/lang/Object;Lshapeless/PolyDefns$Case;)Ljava/lang/Object;" line-rate="1.0" branch-rate="1.0" complexity="0">
							<lines>
							</lines>
						</method>
						<method name="apply" signature="(Lshapeless/PolyDefns$Case;)Ljava/lang/Object;" line-rate="1.0" branch-rate="1.0" complexity="0">
							<lines>
							</lines>
						</method>
						<method name="at" signature="()Lshapeless/Poly1$CaseBuilder;" line-rate="1.0" branch-rate="1.0" complexity="0">
							<lines>
							</lines>
						</method>
						<method name="caseAt" signature="(Lshapeless/PolyDefns$Case;)Lshapeless/PolyDefns$Case;" line-rate="1.0" branch-rate="1.0" complexity="0">
							<lines>
							</lines>
						</method>
						<method name="caseTuple" signature="(Lshapeless/ops/tuple$ToList;Lshapeless/ops/tuple$FlatMapper;)Lshapeless/PolyDefns$Case;" line-rate="0.0" branch-rate="1.0" complexity="0">
							<lines>
								<line number="45" hits="0" branch="false"/>
							</lines>
						</method>
						<method name="compose" signature="(Lshapeless/Poly;)Lshapeless/PolyDefns$Compose;" line-rate="1.0" branch-rate="1.0" complexity="0">
							<lines>
							</lines>
						</method>
						<method name="readResolve" signature="()Ljava/lang/Object;" line-rate="1.0" branch-rate="1.0" complexity="0">
							<lines>
							</lines>
						</method>
						<method name="rotateLeft" signature="()Lshapeless/PolyDefns$RotateLeft;" line-rate="1.0" branch-rate="1.0" complexity="0">
							<lines>
							</lines>
						</method>
						<method name="rotateRight" signature="()Lshapeless/PolyDefns$RotateRight;" line-rate="1.0" branch-rate="1.0" complexity="0">
							<lines>
							</lines>
						</method>
						<method name="use" signature="(Ljava/lang/Object;Lshapeless/Poly$CaseBuilder;)Lshapeless/PolyDefns$Case;" line-rate="1.0" branch-rate="1.0" complexity="0">
							<lines>
							</lines>
						</method>
					</methods>
					<lines>
						<line number="42" hits="0" branch="true" condition-coverage="0% (0/12)">
							<conditions>
								<condition number="0" type="jump" coverage="0%"/>
								<condition number="1" type="jump" coverage="0%"/>
								<condition number="2" type="jump" coverage="0%"/>
								<condition number="3" type="jump" coverage="0%"/>
								<condition number="4" type="jump" coverage="0%"/>
								<condition number="5" type="jump" coverage="0%"/>
							</conditions>
						</line>
						<line number="45" hits="0" branch="false"/>
					</lines>
				</class>
				<class name="io.archivesunleashed.matchbox.TupleFormatter$tabDelimit$$anonfun$caseTuple$2" filename="io/archivesunleashed/matchbox/TupleFormatter.scala" line-rate="0.0" branch-rate="1.0" complexity="0.0">
					<methods>
						<method name="&lt;init&gt;" signature="(Lshapeless/ops/tuple$FlatMapper;)V" line-rate="0.0" branch-rate="1.0" complexity="0">
							<lines>
								<line number="45" hits="0" branch="false"/>
							</lines>
						</method>
						<method name="apply" signature="(Ljava/lang/Object;)Ljava/lang/Object;" line-rate="1.0" branch-rate="1.0" complexity="0">
							<lines>
							</lines>
						</method>
						<method name="apply" signature="(Lscala/Product;)Ljava/lang/String;" line-rate="1.0" branch-rate="1.0" complexity="0">
							<lines>
							</lines>
						</method>
					</methods>
					<lines>
						<line number="45" hits="0" branch="false"/>
					</lines>
				</class>
				<class name="io.archivesunleashed.matchbox.package" filename="io/archivesunleashed/matchbox/package.scala" line-rate="1.0" branch-rate="1.0" complexity="0.0">
					<methods>
					</methods>
					<lines>
					</lines>
				</class>
				<class name="io.archivesunleashed.matchbox.package$" filename="io/archivesunleashed/matchbox/package.scala" line-rate="0.0" branch-rate="1.0" complexity="0.0">
					<methods>
						<method name="&lt;init&gt;" signature="()V" line-rate="0.0" branch-rate="1.0" complexity="0">
							<lines>
								<line number="44" hits="0" branch="false"/>
							</lines>
						</method>
						<method name="WWWLink" signature="(Ljava/lang/String;)Lio/archivesunleashed/matchbox/package$WWWLink;" line-rate="0.0" branch-rate="1.0" complexity="0">
							<lines>
								<line number="26" hits="0" branch="false"/>
							</lines>
						</method>
					</methods>
					<lines>
						<line number="26" hits="0" branch="false"/>
						<line number="44" hits="0" branch="false"/>
					</lines>
				</class>
				<class name="io.archivesunleashed.matchbox.package$WWWLink" filename="io/archivesunleashed/matchbox/package.scala" line-rate="0.0" branch-rate="0.0" complexity="0.0">
					<methods>
						<method name="&lt;init&gt;" signature="(Ljava/lang/String;)V" line-rate="0.0" branch-rate="1.0" complexity="0">
							<lines>
								<line number="26" hits="0" branch="false"/>
								<line number="44" hits="0" branch="false"/>
							</lines>
						</method>
						<method name="escapeInvalidXML" signature="()Ljava/lang/String;" line-rate="0.0" branch-rate="1.0" complexity="0">
							<lines>
								<line number="36" hits="0" branch="false"/>
								<line number="37" hits="0" branch="false"/>
								<line number="40" hits="0" branch="false"/>
							</lines>
						</method>
						<method name="removePrefixWWW" signature="()Ljava/lang/String;" line-rate="0.0" branch-rate="0.0" complexity="0">
							<lines>
								<line number="28" hits="0" branch="false"/>
								<line number="29" hits="0" branch="false"/>
								<line number="30" hits="0" branch="true" condition-coverage="0% (0/2)">
									<conditions>
										<condition number="0" type="jump" coverage="0%"/>
									</conditions>
								</line>
								<line number="31" hits="0" branch="true" condition-coverage="0% (0/2)">
									<conditions>
										<condition number="0" type="jump" coverage="0%"/>
									</conditions>
								</line>
							</lines>
						</method>
					</methods>
					<lines>
						<line number="26" hits="0" branch="false"/>
						<line number="28" hits="0" branch="false"/>
						<line number="29" hits="0" branch="false"/>
						<line number="30" hits="0" branch="true" condition-coverage="0% (0/2)">
							<conditions>
								<condition number="0" type="jump" coverage="0%"/>
							</conditions>
						</line>
						<line number="31" hits="0" branch="true" condition-coverage="0% (0/2)">
							<conditions>
								<condition number="0" type="jump" coverage="0%"/>
							</conditions>
						</line>
						<line number="36" hits="0" branch="false"/>
						<line number="37" hits="0" branch="false"/>
						<line number="40" hits="0" branch="false"/>
						<line number="44" hits="0" branch="false"/>
					</lines>
				</class>
			</classes>
		</package>
		<package name="io.archivesunleashed.util" line-rate="0.0" branch-rate="0.0" complexity="0.0">
			<classes>
				<class name="io.archivesunleashed.util.JsonUtils" filename="io/archivesunleashed/util/JsonUtils.scala" line-rate="1.0" branch-rate="1.0" complexity="0.0">
					<methods>
					</methods>
					<lines>
					</lines>
				</class>
				<class name="io.archivesunleashed.util.JsonUtils$" filename="io/archivesunleashed/util/JsonUtils.scala" line-rate="0.0" branch-rate="1.0" complexity="0.0">
					<methods>
						<method name="&lt;init&gt;" signature="()V" line-rate="0.0" branch-rate="1.0" complexity="0">
							<lines>
								<line number="22" hits="0" branch="false"/>
								<line number="23" hits="0" branch="false"/>
								<line number="24" hits="0" branch="false"/>
								<line number="25" hits="0" branch="false"/>
							</lines>
						</method>
						<method name="fromJson" signature="(Ljava/lang/String;)Lscala/collection/immutable/Map;" line-rate="0.0" branch-rate="1.0" complexity="0">
							<lines>
								<line number="49" hits="0" branch="false"/>
							</lines>
						</method>
						<method name="mapper" signature="()Lcom/fasterxml/jackson/databind/ObjectMapper;" line-rate="1.0" branch-rate="1.0" complexity="0">
							<lines>
							</lines>
						</method>
						<method name="readResolve" signature="()Ljava/lang/Object;" line-rate="1.0" branch-rate="1.0" complexity="0">
							<lines>
							</lines>
						</method>
						<method name="toJson" signature="(Ljava/lang/Object;)Ljava/lang/String;" line-rate="0.0" branch-rate="1.0" complexity="0">
							<lines>
								<line number="41" hits="0" branch="false"/>
							</lines>
						</method>
						<method name="toJson" signature="(Lscala/collection/immutable/Map;)Ljava/lang/String;" line-rate="0.0" branch-rate="1.0" complexity="0">
							<lines>
								<line number="33" hits="0" branch="false"/>
							</lines>
						</method>
					</methods>
					<lines>
						<line number="22" hits="0" branch="false"/>
						<line number="23" hits="0" branch="false"/>
						<line number="24" hits="0" branch="false"/>
						<line number="25" hits="0" branch="false"/>
						<line number="33" hits="0" branch="false"/>
						<line number="41" hits="0" branch="false"/>
						<line number="49" hits="0" branch="false"/>
					</lines>
				</class>
				<class name="io.archivesunleashed.util.JsonUtils$$anonfun$toJson$1" filename="io/archivesunleashed/util/JsonUtils.scala" line-rate="0.0" branch-rate="0.0" complexity="0.0">
					<methods>
						<method name="&lt;init&gt;" signature="()V" line-rate="0.0" branch-rate="0.0" complexity="0">
							<lines>
								<line number="33" hits="0" branch="true" condition-coverage="0% (0/2)">
									<conditions>
										<condition number="0" type="jump" coverage="0%"/>
									</conditions>
								</line>
							</lines>
						</method>
						<method name="apply" signature="(Ljava/lang/Object;)Ljava/lang/Object;" line-rate="1.0" branch-rate="1.0" complexity="0">
							<lines>
							</lines>
						</method>
						<method name="apply" signature="(Lscala/Tuple2;)Lscala/Tuple2;" line-rate="1.0" branch-rate="1.0" complexity="0">
							<lines>
							</lines>
						</method>
					</methods>
					<lines>
						<line number="33" hits="0" branch="true" condition-coverage="0% (0/2)">
							<conditions>
								<condition number="0" type="jump" coverage="0%"/>
							</conditions>
						</line>
					</lines>
				</class>
			</classes>
		</package>
	</packages>
</coverage>
