<?xml version="1.0" encoding="UTF-8" standalone="yes"?><!DOCTYPE report PUBLIC "-//JACOCO//DTD Report 1.1//EN" "report.dtd"><report name="Archives Unleashed Toolkit"><sessioninfo id="bomba-3ad7e1eb" start="1668646955026" dump="1668647225589"/><package name="io/archivesunleashed/udfs"><class name="io/archivesunleashed/udfs/package$$typecreator1$8" sourcefilename="package.scala"><method name="apply" desc="(Lscala/reflect/api/Mirror;)Lscala/reflect/api/Types$TypeApi;" line="53"><counter type="INSTRUCTION" missed="0" covered="35"/><counter type="LINE" missed="0" covered="1"/><counter type="COMPLEXITY" missed="0" covered="1"/><counter type="METHOD" missed="0" covered="1"/></method><method name="&lt;init&gt;" desc="()V" line="53"><counter type="INSTRUCTION" missed="0" covered="3"/><counter type="LINE" missed="0" covered="1"/><counter type="COMPLEXITY" missed="0" covered="1"/><counter type="METHOD" missed="0" covered="1"/></method><counter type="INSTRUCTION" missed="0" covered="38"/><counter type="LINE" missed="0" covered="1"/><counter type="COMPLEXITY" missed="0" covered="2"/><counter type="METHOD" missed="0" covered="2"/><counter type="CLASS" missed="0" covered="1"/></class><class name="io/archivesunleashed/udfs/package$$typecreator1$9" sourcefilename="package.scala"><method name="apply" desc="(Lscala/reflect/api/Mirror;)Lscala/reflect/api/Types$TypeApi;" line="55"><counter type="INSTRUCTION" missed="0" covered="157"/><counter type="LINE" missed="0" covered="1"/><counter type="COMPLEXITY" missed="0" covered="1"/><counter type="METHOD" missed="0" covered="1"/></method><method name="&lt;init&gt;" desc="()V" line="55"><counter type="INSTRUCTION" missed="0" covered="3"/><counter type="LINE" missed="0" covered="1"/><counter type="COMPLEXITY" missed="0" covered="1"/><counter type="METHOD" missed="0" covered="1"/></method><counter type="INSTRUCTION" missed="0" covered="160"/><counter type="LINE" missed="0" covered="1"/><counter type="COMPLEXITY" missed="0" covered="2"/><counter type="METHOD" missed="0" covered="2"/><counter type="CLASS" missed="0" covered="1"/></class><class name="io/archivesunleashed/udfs/package$$typecreator1$6" sourcefilename="package.scala"><method name="apply" desc="(Lscala/reflect/api/Mirror;)Lscala/reflect/api/Types$TypeApi;" line="49"><counter type="INSTRUCTION" missed="0" covered="35"/><counter type="LINE" missed="0" covered="1"/><counter type="COMPLEXITY" missed="0" covered="1"/><counter type="METHOD" missed="0" covered="1"/></method><method name="&lt;init&gt;" desc="()V" line="49"><counter type="INSTRUCTION" missed="0" covered="3"/><counter type="LINE" missed="0" covered="1"/><counter type="COMPLEXITY" missed="0" covered="1"/><counter type="METHOD" missed="0" covered="1"/></method><counter type="INSTRUCTION" missed="0" covered="38"/><counter type="LINE" missed="0" covered="1"/><counter type="COMPLEXITY" missed="0" covered="2"/><counter type="METHOD" missed="0" covered="2"/><counter type="CLASS" missed="0" covered="1"/></class><class name="io/archivesunleashed/udfs/package$$typecreator2$19" sourcefilename="package.scala"><method name="apply" desc="(Lscala/reflect/api/Mirror;)Lscala/reflect/api/Types$TypeApi;" line="96"><counter type="INSTRUCTION" missed="0" covered="35"/><counter type="LINE" missed="0" covered="1"/><counter type="COMPLEXITY" missed="0" covered="1"/><counter type="METHOD" missed="0" covered="1"/></method><method name="&lt;init&gt;" desc="()V" line="96"><counter type="INSTRUCTION" missed="0" covered="3"/><counter type="LINE" missed="0" covered="1"/><counter type="COMPLEXITY" missed="0" covered="1"/><counter type="METHOD" missed="0" covered="1"/></method><counter type="INSTRUCTION" missed="0" covered="38"/><counter type="LINE" missed="0" covered="1"/><counter type="COMPLEXITY" missed="0" covered="2"/><counter type="METHOD" missed="0" covered="2"/><counter type="CLASS" missed="0" covered="1"/></class><class name="io/archivesunleashed/udfs/package$$typecreator1$7" sourcefilename="package.scala"><method name="apply" desc="(Lscala/reflect/api/Mirror;)Lscala/reflect/api/Types$TypeApi;" line="51"><counter type="INSTRUCTION" missed="0" covered="35"/><counter type="LINE" missed="0" covered="1"/><counter type="COMPLEXITY" missed="0" covered="1"/><counter type="METHOD" missed="0" covered="1"/></method><method name="&lt;init&gt;" desc="()V" line="51"><counter type="INSTRUCTION" missed="0" covered="3"/><counter type="LINE" missed="0" covered="1"/><counter type="COMPLEXITY" missed="0" covered="1"/><counter type="METHOD" missed="0" covered="1"/></method><counter type="INSTRUCTION" missed="0" covered="38"/><counter type="LINE" missed="0" covered="1"/><counter type="COMPLEXITY" missed="0" covered="2"/><counter type="METHOD" missed="0" covered="2"/><counter type="CLASS" missed="0" covered="1"/></class><class name="io/archivesunleashed/udfs/package$$typecreator2$18" sourcefilename="package.scala"><method name="apply" desc="(Lscala/reflect/api/Mirror;)Lscala/reflect/api/Types$TypeApi;" line="92"><counter type="INSTRUCTION" missed="0" covered="73"/><counter type="LINE" missed="0" covered="1"/><counter type="COMPLEXITY" missed="0" covered="1"/><counter type="METHOD" missed="0" covered="1"/></method><method name="&lt;init&gt;" desc="()V" line="92"><counter type="INSTRUCTION" missed="0" covered="3"/><counter type="LINE" missed="0" covered="1"/><counter type="COMPLEXITY" missed="0" covered="1"/><counter type="METHOD" missed="0" covered="1"/></method><counter type="INSTRUCTION" missed="0" covered="76"/><counter type="LINE" missed="0" covered="1"/><counter type="COMPLEXITY" missed="0" covered="2"/><counter type="METHOD" missed="0" covered="2"/><counter type="CLASS" missed="0" covered="1"/></class><class name="io/archivesunleashed/udfs/package$$typecreator2$17" sourcefilename="package.scala"><method name="apply" desc="(Lscala/reflect/api/Mirror;)Lscala/reflect/api/Types$TypeApi;" line="90"><counter type="INSTRUCTION" missed="0" covered="73"/><counter type="LINE" missed="0" covered="1"/><counter type="COMPLEXITY" missed="0" covered="1"/><counter type="METHOD" missed="0" covered="1"/></method><method name="&lt;init&gt;" desc="()V" line="90"><counter type="INSTRUCTION" missed="0" covered="3"/><counter type="LINE" missed="0" covered="1"/><counter type="COMPLEXITY" missed="0" covered="1"/><counter type="METHOD" missed="0" covered="1"/></method><counter type="INSTRUCTION" missed="0" covered="76"/><counter type="LINE" missed="0" covered="1"/><counter type="COMPLEXITY" missed="0" covered="2"/><counter type="METHOD" missed="0" covered="2"/><counter type="CLASS" missed="0" covered="1"/></class><class name="io/archivesunleashed/udfs/package$$typecreator1$4" sourcefilename="package.scala"><method name="apply" desc="(Lscala/reflect/api/Mirror;)Lscala/reflect/api/Types$TypeApi;" line="45"><counter type="INSTRUCTION" missed="0" covered="35"/><counter type="LINE" missed="0" covered="1"/><counter type="COMPLEXITY" missed="0" covered="1"/><counter type="METHOD" missed="0" covered="1"/></method><method name="&lt;init&gt;" desc="()V" line="45"><counter type="INSTRUCTION" missed="0" covered="3"/><counter type="LINE" missed="0" covered="1"/><counter type="COMPLEXITY" missed="0" covered="1"/><counter type="METHOD" missed="0" covered="1"/></method><counter type="INSTRUCTION" missed="0" covered="38"/><counter type="LINE" missed="0" covered="1"/><counter type="COMPLEXITY" missed="0" covered="2"/><counter type="METHOD" missed="0" covered="2"/><counter type="CLASS" missed="0" covered="1"/></class><class name="io/archivesunleashed/udfs/package$$typecreator2$16" sourcefilename="package.scala"><method name="apply" desc="(Lscala/reflect/api/Mirror;)Lscala/reflect/api/Types$TypeApi;" line="79"><counter type="INSTRUCTION" missed="0" covered="73"/><counter type="LINE" missed="0" covered="1"/><counter type="COMPLEXITY" missed="0" covered="1"/><counter type="METHOD" missed="0" covered="1"/></method><method name="&lt;init&gt;" desc="()V" line="79"><counter type="INSTRUCTION" missed="0" covered="3"/><counter type="LINE" missed="0" covered="1"/><counter type="COMPLEXITY" missed="0" covered="1"/><counter type="METHOD" missed="0" covered="1"/></method><counter type="INSTRUCTION" missed="0" covered="76"/><counter type="LINE" missed="0" covered="1"/><counter type="COMPLEXITY" missed="0" covered="2"/><counter type="METHOD" missed="0" covered="2"/><counter type="CLASS" missed="0" covered="1"/></class><class name="io/archivesunleashed/udfs/package$$typecreator1$5" sourcefilename="package.scala"><method name="apply" desc="(Lscala/reflect/api/Mirror;)Lscala/reflect/api/Types$TypeApi;" line="47"><counter type="INSTRUCTION" missed="0" covered="35"/><counter type="LINE" missed="0" covered="1"/><counter type="COMPLEXITY" missed="0" covered="1"/><counter type="METHOD" missed="0" covered="1"/></method><method name="&lt;init&gt;" desc="()V" line="47"><counter type="INSTRUCTION" missed="0" covered="3"/><counter type="LINE" missed="0" covered="1"/><counter type="COMPLEXITY" missed="0" covered="1"/><counter type="METHOD" missed="0" covered="1"/></method><counter type="INSTRUCTION" missed="0" covered="38"/><counter type="LINE" missed="0" covered="1"/><counter type="COMPLEXITY" missed="0" covered="2"/><counter type="METHOD" missed="0" covered="2"/><counter type="CLASS" missed="0" covered="1"/></class><class name="io/archivesunleashed/udfs/package$$typecreator1$2" sourcefilename="package.scala"><method name="apply" desc="(Lscala/reflect/api/Mirror;)Lscala/reflect/api/Types$TypeApi;" line="43"><counter type="INSTRUCTION" missed="0" covered="35"/><counter type="LINE" missed="0" covered="1"/><counter type="COMPLEXITY" missed="0" covered="1"/><counter type="METHOD" missed="0" covered="1"/></method><method name="&lt;init&gt;" desc="()V" line="43"><counter type="INSTRUCTION" missed="0" covered="3"/><counter type="LINE" missed="0" covered="1"/><counter type="COMPLEXITY" missed="0" covered="1"/><counter type="METHOD" missed="0" covered="1"/></method><counter type="INSTRUCTION" missed="0" covered="38"/><counter type="LINE" missed="0" covered="1"/><counter type="COMPLEXITY" missed="0" covered="2"/><counter type="METHOD" missed="0" covered="2"/><counter type="CLASS" missed="0" covered="1"/></class><class name="io/archivesunleashed/udfs/package$$typecreator1$3" sourcefilename="package.scala"><method name="apply" desc="(Lscala/reflect/api/Mirror;)Lscala/reflect/api/Types$TypeApi;" line="44"><counter type="INSTRUCTION" missed="0" covered="35"/><counter type="LINE" missed="0" covered="1"/><counter type="COMPLEXITY" missed="0" covered="1"/><counter type="METHOD" missed="0" covered="1"/></method><method name="&lt;init&gt;" desc="()V" line="44"><counter type="INSTRUCTION" missed="0" covered="3"/><counter type="LINE" missed="0" covered="1"/><counter type="COMPLEXITY" missed="0" covered="1"/><counter type="METHOD" missed="0" covered="1"/></method><counter type="INSTRUCTION" missed="0" covered="38"/><counter type="LINE" missed="0" covered="1"/><counter type="COMPLEXITY" missed="0" covered="2"/><counter type="METHOD" missed="0" covered="2"/><counter type="CLASS" missed="0" covered="1"/></class><class name="io/archivesunleashed/udfs/package$$typecreator1$1" sourcefilename="package.scala"><method name="apply" desc="(Lscala/reflect/api/Mirror;)Lscala/reflect/api/Types$TypeApi;" line="42"><counter type="INSTRUCTION" missed="0" covered="39"/><counter type="LINE" missed="0" covered="1"/><counter type="COMPLEXITY" missed="0" covered="1"/><counter type="METHOD" missed="0" covered="1"/></method><method name="&lt;init&gt;" desc="()V" line="42"><counter type="INSTRUCTION" missed="0" covered="3"/><counter type="LINE" missed="0" covered="1"/><counter type="COMPLEXITY" missed="0" covered="1"/><counter type="METHOD" missed="0" covered="1"/></method><counter type="INSTRUCTION" missed="0" covered="42"/><counter type="LINE" missed="0" covered="1"/><counter type="COMPLEXITY" missed="0" covered="2"/><counter type="METHOD" missed="0" covered="2"/><counter type="CLASS" missed="0" covered="1"/></class><class name="io/archivesunleashed/udfs/package$$typecreator2$15" sourcefilename="package.scala"><method name="apply" desc="(Lscala/reflect/api/Mirror;)Lscala/reflect/api/Types$TypeApi;" line="68"><counter type="INSTRUCTION" missed="0" covered="73"/><counter type="LINE" missed="0" covered="1"/><counter type="COMPLEXITY" missed="0" covered="1"/><counter type="METHOD" missed="0" covered="1"/></method><method name="&lt;init&gt;" desc="()V" line="68"><counter type="INSTRUCTION" missed="0" covered="3"/><counter type="LINE" missed="0" covered="1"/><counter type="COMPLEXITY" missed="0" covered="1"/><counter type="METHOD" missed="0" covered="1"/></method><counter type="INSTRUCTION" missed="0" covered="76"/><counter type="LINE" missed="0" covered="1"/><counter type="COMPLEXITY" missed="0" covered="2"/><counter type="METHOD" missed="0" covered="2"/><counter type="CLASS" missed="0" covered="1"/></class><class name="io/archivesunleashed/udfs/package$$typecreator2$14" sourcefilename="package.scala"><method name="apply" desc="(Lscala/reflect/api/Mirror;)Lscala/reflect/api/Types$TypeApi;" line="64"><counter type="INSTRUCTION" missed="0" covered="35"/><counter type="LINE" missed="0" covered="1"/><counter type="COMPLEXITY" missed="0" covered="1"/><counter type="METHOD" missed="0" covered="1"/></method><method name="&lt;init&gt;" desc="()V" line="64"><counter type="INSTRUCTION" missed="0" covered="3"/><counter type="LINE" missed="0" covered="1"/><counter type="COMPLEXITY" missed="0" covered="1"/><counter type="METHOD" missed="0" covered="1"/></method><counter type="INSTRUCTION" missed="0" covered="38"/><counter type="LINE" missed="0" covered="1"/><counter type="COMPLEXITY" missed="0" covered="2"/><counter type="METHOD" missed="0" covered="2"/><counter type="CLASS" missed="0" covered="1"/></class><class name="io/archivesunleashed/udfs/package$$typecreator2$13" sourcefilename="package.scala"><method name="apply" desc="(Lscala/reflect/api/Mirror;)Lscala/reflect/api/Types$TypeApi;" line="62"><counter type="INSTRUCTION" missed="0" covered="35"/><counter type="LINE" missed="0" covered="1"/><counter type="COMPLEXITY" missed="0" covered="1"/><counter type="METHOD" missed="0" covered="1"/></method><method name="&lt;init&gt;" desc="()V" line="62"><counter type="INSTRUCTION" missed="0" covered="3"/><counter type="LINE" missed="0" covered="1"/><counter type="COMPLEXITY" missed="0" covered="1"/><counter type="METHOD" missed="0" covered="1"/></method><counter type="INSTRUCTION" missed="0" covered="38"/><counter type="LINE" missed="0" covered="1"/><counter type="COMPLEXITY" missed="0" covered="2"/><counter type="METHOD" missed="0" covered="2"/><counter type="CLASS" missed="0" covered="1"/></class><class name="io/archivesunleashed/udfs/package$$typecreator2$12" sourcefilename="package.scala"><method name="apply" desc="(Lscala/reflect/api/Mirror;)Lscala/reflect/api/Types$TypeApi;" line="60"><counter type="INSTRUCTION" missed="0" covered="35"/><counter type="LINE" missed="0" covered="1"/><counter type="COMPLEXITY" missed="0" covered="1"/><counter type="METHOD" missed="0" covered="1"/></method><method name="&lt;init&gt;" desc="()V" line="60"><counter type="INSTRUCTION" missed="0" covered="3"/><counter type="LINE" missed="0" covered="1"/><counter type="COMPLEXITY" missed="0" covered="1"/><counter type="METHOD" missed="0" covered="1"/></method><counter type="INSTRUCTION" missed="0" covered="38"/><counter type="LINE" missed="0" covered="1"/><counter type="COMPLEXITY" missed="0" covered="2"/><counter type="METHOD" missed="0" covered="2"/><counter type="CLASS" missed="0" covered="1"/></class><class name="io/archivesunleashed/udfs/package$$typecreator2$11" sourcefilename="package.scala"><method name="apply" desc="(Lscala/reflect/api/Mirror;)Lscala/reflect/api/Types$TypeApi;" line="59"><counter type="INSTRUCTION" missed="0" covered="35"/><counter type="LINE" missed="0" covered="1"/><counter type="COMPLEXITY" missed="0" covered="1"/><counter type="METHOD" missed="0" covered="1"/></method><method name="&lt;init&gt;" desc="()V" line="59"><counter type="INSTRUCTION" missed="0" covered="3"/><counter type="LINE" missed="0" covered="1"/><counter type="COMPLEXITY" missed="0" covered="1"/><counter type="METHOD" missed="0" covered="1"/></method><counter type="INSTRUCTION" missed="0" covered="38"/><counter type="LINE" missed="0" covered="1"/><counter type="COMPLEXITY" missed="0" covered="2"/><counter type="METHOD" missed="0" covered="2"/><counter type="CLASS" missed="0" covered="1"/></class><class name="io/archivesunleashed/udfs/package$$typecreator2$10" sourcefilename="package.scala"><method name="apply" desc="(Lscala/reflect/api/Mirror;)Lscala/reflect/api/Types$TypeApi;" line="57"><counter type="INSTRUCTION" missed="0" covered="35"/><counter type="LINE" missed="0" covered="1"/><counter type="COMPLEXITY" missed="0" covered="1"/><counter type="METHOD" missed="0" covered="1"/></method><method name="&lt;init&gt;" desc="()V" line="57"><counter type="INSTRUCTION" missed="0" covered="3"/><counter type="LINE" missed="0" covered="1"/><counter type="COMPLEXITY" missed="0" covered="1"/><counter type="METHOD" missed="0" covered="1"/></method><counter type="INSTRUCTION" missed="0" covered="38"/><counter type="LINE" missed="0" covered="1"/><counter type="COMPLEXITY" missed="0" covered="2"/><counter type="METHOD" missed="0" covered="2"/><counter type="CLASS" missed="0" covered="1"/></class><class name="io/archivesunleashed/udfs/package$" sourcefilename="package.scala"><method name="&lt;clinit&gt;" desc="()V"><counter type="INSTRUCTION" missed="0" covered="3"/><counter type="COMPLEXITY" missed="0" covered="1"/><counter type="METHOD" missed="0" covered="1"/></method><method name="computeImageSize" desc="()Lorg/apache/spark/sql/expressions/UserDefinedFunction;" line="42"><counter type="INSTRUCTION" missed="0" covered="42"/><counter type="LINE" missed="0" covered="1"/><counter type="COMPLEXITY" missed="0" covered="1"/><counter type="METHOD" missed="0" covered="1"/></method><method name="computeMD5" desc="()Lorg/apache/spark/sql/expressions/UserDefinedFunction;" line="43"><counter type="INSTRUCTION" missed="0" covered="42"/><counter type="LINE" missed="0" covered="1"/><counter type="COMPLEXITY" missed="0" covered="1"/><counter type="METHOD" missed="0" covered="1"/></method><method name="computeSHA1" desc="()Lorg/apache/spark/sql/expressions/UserDefinedFunction;" line="44"><counter type="INSTRUCTION" missed="0" covered="42"/><counter type="LINE" missed="0" covered="1"/><counter type="COMPLEXITY" missed="0" covered="1"/><counter type="METHOD" missed="0" covered="1"/></method><method name="detectLanguage" desc="()Lorg/apache/spark/sql/expressions/UserDefinedFunction;" line="45"><counter type="INSTRUCTION" missed="0" covered="42"/><counter type="LINE" missed="0" covered="1"/><counter type="COMPLEXITY" missed="0" covered="1"/><counter type="METHOD" missed="0" covered="1"/></method><method name="detectMimeTypeTika" desc="()Lorg/apache/spark/sql/expressions/UserDefinedFunction;" line="47"><counter type="INSTRUCTION" missed="0" covered="42"/><counter type="LINE" missed="0" covered="1"/><counter type="COMPLEXITY" missed="0" covered="1"/><counter type="METHOD" missed="0" covered="1"/></method><method name="extractBoilerpipeText" desc="()Lorg/apache/spark/sql/expressions/UserDefinedFunction;" line="49"><counter type="INSTRUCTION" missed="0" covered="42"/><counter type="LINE" missed="0" covered="1"/><counter type="COMPLEXITY" missed="0" covered="1"/><counter type="METHOD" missed="0" covered="1"/></method><method name="extractDate" desc="()Lorg/apache/spark/sql/expressions/UserDefinedFunction;" line="51"><counter type="INSTRUCTION" missed="0" covered="61"/><counter type="LINE" missed="0" covered="1"/><counter type="COMPLEXITY" missed="0" covered="1"/><counter type="METHOD" missed="0" covered="1"/></method><method name="extractDomain" desc="()Lorg/apache/spark/sql/expressions/UserDefinedFunction;" line="53"><counter type="INSTRUCTION" missed="0" covered="42"/><counter type="LINE" missed="0" covered="1"/><counter type="COMPLEXITY" missed="0" covered="1"/><counter type="METHOD" missed="0" covered="1"/></method><method name="extractImageLinks" desc="()Lorg/apache/spark/sql/expressions/UserDefinedFunction;" line="55"><counter type="INSTRUCTION" missed="0" covered="61"/><counter type="LINE" missed="0" covered="1"/><counter type="COMPLEXITY" missed="0" covered="1"/><counter type="METHOD" missed="0" covered="1"/></method><method name="extractLinks" desc="()Lorg/apache/spark/sql/expressions/UserDefinedFunction;" line="57"><counter type="INSTRUCTION" missed="0" covered="61"/><counter type="LINE" missed="0" covered="1"/><counter type="COMPLEXITY" missed="0" covered="1"/><counter type="METHOD" missed="0" covered="1"/></method><method name="getExtensionMime" desc="()Lorg/apache/spark/sql/expressions/UserDefinedFunction;" line="59"><counter type="INSTRUCTION" missed="0" covered="61"/><counter type="LINE" missed="0" covered="1"/><counter type="COMPLEXITY" missed="0" covered="1"/><counter type="METHOD" missed="0" covered="1"/></method><method name="removeHTML" desc="()Lorg/apache/spark/sql/expressions/UserDefinedFunction;" line="60"><counter type="INSTRUCTION" missed="0" covered="42"/><counter type="LINE" missed="0" covered="1"/><counter type="COMPLEXITY" missed="0" covered="1"/><counter type="METHOD" missed="0" covered="1"/></method><method name="removeHTTPHeader" desc="()Lorg/apache/spark/sql/expressions/UserDefinedFunction;" line="62"><counter type="INSTRUCTION" missed="0" covered="42"/><counter type="LINE" missed="0" covered="1"/><counter type="COMPLEXITY" missed="0" covered="1"/><counter type="METHOD" missed="0" covered="1"/></method><method name="removePrefixWWW" desc="()Lorg/apache/spark/sql/expressions/UserDefinedFunction;" line="64"><counter type="INSTRUCTION" missed="0" covered="42"/><counter type="LINE" missed="0" covered="1"/><counter type="COMPLEXITY" missed="0" covered="1"/><counter type="METHOD" missed="0" covered="1"/></method><method name="hasContent" desc="()Lorg/apache/spark/sql/expressions/UserDefinedFunction;" line="68"><counter type="INSTRUCTION" missed="0" covered="47"/><counter type="LINE" missed="0" covered="1"/><counter type="COMPLEXITY" missed="0" covered="1"/><counter type="METHOD" missed="0" covered="1"/></method><method name="hasDate" desc="()Lorg/apache/spark/sql/expressions/UserDefinedFunction;" line="79"><counter type="INSTRUCTION" missed="0" covered="47"/><counter type="LINE" missed="0" covered="1"/><counter type="COMPLEXITY" missed="0" covered="1"/><counter type="METHOD" missed="0" covered="1"/></method><method name="hasDomains" desc="()Lorg/apache/spark/sql/expressions/UserDefinedFunction;" line="90"><counter type="INSTRUCTION" missed="0" covered="47"/><counter type="LINE" missed="0" covered="1"/><counter type="COMPLEXITY" missed="0" covered="1"/><counter type="METHOD" missed="0" covered="1"/></method><method name="hasHTTPStatus" desc="()Lorg/apache/spark/sql/expressions/UserDefinedFunction;" line="92"><counter type="INSTRUCTION" missed="0" covered="47"/><counter type="LINE" missed="0" covered="1"/><counter type="COMPLEXITY" missed="0" covered="1"/><counter type="METHOD" missed="0" covered="1"/></method><method name="hasImages" desc="()Lorg/apache/spark/sql/expressions/UserDefinedFunction;" line="96"><counter type="INSTRUCTION" missed="0" covered="47"/><counter type="LINE" missed="0" covered="1"/><counter type="COMPLEXITY" missed="0" covered="1"/><counter type="METHOD" missed="0" covered="1"/></method><method name="hasLanguages" desc="()Lorg/apache/spark/sql/expressions/UserDefinedFunction;" line="100"><counter type="INSTRUCTION" missed="0" covered="47"/><counter type="LINE" missed="0" covered="1"/><counter type="COMPLEXITY" missed="0" covered="1"/><counter type="METHOD" missed="0" covered="1"/></method><method name="hasMIMETypes" desc="()Lorg/apache/spark/sql/expressions/UserDefinedFunction;" line="104"><counter type="INSTRUCTION" missed="0" covered="47"/><counter type="LINE" missed="0" covered="1"/><counter type="COMPLEXITY" missed="0" covered="1"/><counter type="METHOD" missed="0" covered="1"/></method><method name="hasMIMETypesTika" desc="()Lorg/apache/spark/sql/expressions/UserDefinedFunction;" line="108"><counter type="INSTRUCTION" missed="0" covered="47"/><counter type="LINE" missed="0" covered="1"/><counter type="COMPLEXITY" missed="0" covered="1"/><counter type="METHOD" missed="0" covered="1"/></method><method name="hasUrlPatterns" desc="()Lorg/apache/spark/sql/expressions/UserDefinedFunction;" line="112"><counter type="INSTRUCTION" missed="0" covered="47"/><counter type="LINE" missed="0" covered="1"/><counter type="COMPLEXITY" missed="0" covered="1"/><counter type="METHOD" missed="0" covered="1"/></method><method name="hasUrls" desc="()Lorg/apache/spark/sql/expressions/UserDefinedFunction;" line="123"><counter type="INSTRUCTION" missed="0" covered="47"/><counter type="LINE" missed="0" covered="1"/><counter type="COMPLEXITY" missed="0" covered="1"/><counter type="METHOD" missed="0" covered="1"/></method><method name="readResolve" desc="()Ljava/lang/Object;" line="38"><counter type="INSTRUCTION" missed="2" covered="0"/><counter type="LINE" missed="1" covered="0"/><counter type="COMPLEXITY" missed="1" covered="0"/><counter type="METHOD" missed="1" covered="0"/></method><method name="&lt;init&gt;" desc="()V" line="38"><counter type="INSTRUCTION" missed="0" covered="5"/><counter type="LINE" missed="0" covered="1"/><counter type="COMPLEXITY" missed="0" covered="1"/><counter type="METHOD" missed="0" covered="1"/></method><counter type="INSTRUCTION" missed="2" covered="1142"/><counter type="LINE" missed="0" covered="25"/><counter type="COMPLEXITY" missed="1" covered="26"/><counter type="METHOD" missed="1" covered="26"/><counter type="CLASS" missed="0" covered="1"/></class><class name="io/archivesunleashed/udfs/package$$typecreator2$24" sourcefilename="package.scala"><method name="apply" desc="(Lscala/reflect/api/Mirror;)Lscala/reflect/api/Types$TypeApi;" line="123"><counter type="INSTRUCTION" missed="0" covered="73"/><counter type="LINE" missed="0" covered="1"/><counter type="COMPLEXITY" missed="0" covered="1"/><counter type="METHOD" missed="0" covered="1"/></method><method name="&lt;init&gt;" desc="()V" line="123"><counter type="INSTRUCTION" missed="0" covered="3"/><counter type="LINE" missed="0" covered="1"/><counter type="COMPLEXITY" missed="0" covered="1"/><counter type="METHOD" missed="0" covered="1"/></method><counter type="INSTRUCTION" missed="0" covered="76"/><counter type="LINE" missed="0" covered="1"/><counter type="COMPLEXITY" missed="0" covered="2"/><counter type="METHOD" missed="0" covered="2"/><counter type="CLASS" missed="0" covered="1"/></class><class name="io/archivesunleashed/udfs/package$$typecreator2$23" sourcefilename="package.scala"><method name="apply" desc="(Lscala/reflect/api/Mirror;)Lscala/reflect/api/Types$TypeApi;" line="112"><counter type="INSTRUCTION" missed="0" covered="73"/><counter type="LINE" missed="0" covered="1"/><counter type="COMPLEXITY" missed="0" covered="1"/><counter type="METHOD" missed="0" covered="1"/></method><method name="&lt;init&gt;" desc="()V" line="112"><counter type="INSTRUCTION" missed="0" covered="3"/><counter type="LINE" missed="0" covered="1"/><counter type="COMPLEXITY" missed="0" covered="1"/><counter type="METHOD" missed="0" covered="1"/></method><counter type="INSTRUCTION" missed="0" covered="76"/><counter type="LINE" missed="0" covered="1"/><counter type="COMPLEXITY" missed="0" covered="2"/><counter type="METHOD" missed="0" covered="2"/><counter type="CLASS" missed="0" covered="1"/></class><class name="io/archivesunleashed/udfs/package$$typecreator2$22" sourcefilename="package.scala"><method name="apply" desc="(Lscala/reflect/api/Mirror;)Lscala/reflect/api/Types$TypeApi;" line="108"><counter type="INSTRUCTION" missed="0" covered="73"/><counter type="LINE" missed="0" covered="1"/><counter type="COMPLEXITY" missed="0" covered="1"/><counter type="METHOD" missed="0" covered="1"/></method><method name="&lt;init&gt;" desc="()V" line="108"><counter type="INSTRUCTION" missed="0" covered="3"/><counter type="LINE" missed="0" covered="1"/><counter type="COMPLEXITY" missed="0" covered="1"/><counter type="METHOD" missed="0" covered="1"/></method><counter type="INSTRUCTION" missed="0" covered="76"/><counter type="LINE" missed="0" covered="1"/><counter type="COMPLEXITY" missed="0" covered="2"/><counter type="METHOD" missed="0" covered="2"/><counter type="CLASS" missed="0" covered="1"/></class><class name="io/archivesunleashed/udfs/package$$typecreator2$21" sourcefilename="package.scala"><method name="apply" desc="(Lscala/reflect/api/Mirror;)Lscala/reflect/api/Types$TypeApi;" line="104"><counter type="INSTRUCTION" missed="0" covered="73"/><counter type="LINE" missed="0" covered="1"/><counter type="COMPLEXITY" missed="0" covered="1"/><counter type="METHOD" missed="0" covered="1"/></method><method name="&lt;init&gt;" desc="()V" line="104"><counter type="INSTRUCTION" missed="0" covered="3"/><counter type="LINE" missed="0" covered="1"/><counter type="COMPLEXITY" missed="0" covered="1"/><counter type="METHOD" missed="0" covered="1"/></method><counter type="INSTRUCTION" missed="0" covered="76"/><counter type="LINE" missed="0" covered="1"/><counter type="COMPLEXITY" missed="0" covered="2"/><counter type="METHOD" missed="0" covered="2"/><counter type="CLASS" missed="0" covered="1"/></class><class name="io/archivesunleashed/udfs/package$$typecreator2$20" sourcefilename="package.scala"><method name="apply" desc="(Lscala/reflect/api/Mirror;)Lscala/reflect/api/Types$TypeApi;" line="100"><counter type="INSTRUCTION" missed="0" covered="73"/><counter type="LINE" missed="0" covered="1"/><counter type="COMPLEXITY" missed="0" covered="1"/><counter type="METHOD" missed="0" covered="1"/></method><method name="&lt;init&gt;" desc="()V" line="100"><counter type="INSTRUCTION" missed="0" covered="3"/><counter type="LINE" missed="0" covered="1"/><counter type="COMPLEXITY" missed="0" covered="1"/><counter type="METHOD" missed="0" covered="1"/></method><counter type="INSTRUCTION" missed="0" covered="76"/><counter type="LINE" missed="0" covered="1"/><counter type="COMPLEXITY" missed="0" covered="2"/><counter type="METHOD" missed="0" covered="2"/><counter type="CLASS" missed="0" covered="1"/></class><class name="io/archivesunleashed/udfs/package$$typecreator2$9" sourcefilename="package.scala"><method name="apply" desc="(Lscala/reflect/api/Mirror;)Lscala/reflect/api/Types$TypeApi;" line="55"><counter type="INSTRUCTION" missed="0" covered="35"/><counter type="LINE" missed="0" covered="1"/><counter type="COMPLEXITY" missed="0" covered="1"/><counter type="METHOD" missed="0" covered="1"/></method><method name="&lt;init&gt;" desc="()V" line="55"><counter type="INSTRUCTION" missed="0" covered="3"/><counter type="LINE" missed="0" covered="1"/><counter type="COMPLEXITY" missed="0" covered="1"/><counter type="METHOD" missed="0" covered="1"/></method><counter type="INSTRUCTION" missed="0" covered="38"/><counter type="LINE" missed="0" covered="1"/><counter type="COMPLEXITY" missed="0" covered="2"/><counter type="METHOD" missed="0" covered="2"/><counter type="CLASS" missed="0" covered="1"/></class><class name="io/archivesunleashed/udfs/package$$typecreator2$7" sourcefilename="package.scala"><method name="apply" desc="(Lscala/reflect/api/Mirror;)Lscala/reflect/api/Types$TypeApi;" line="51"><counter type="INSTRUCTION" missed="0" covered="35"/><counter type="LINE" missed="0" covered="1"/><counter type="COMPLEXITY" missed="0" covered="1"/><counter type="METHOD" missed="0" covered="1"/></method><method name="&lt;init&gt;" desc="()V" line="51"><counter type="INSTRUCTION" missed="0" covered="3"/><counter type="LINE" missed="0" covered="1"/><counter type="COMPLEXITY" missed="0" covered="1"/><counter type="METHOD" missed="0" covered="1"/></method><counter type="INSTRUCTION" missed="0" covered="38"/><counter type="LINE" missed="0" covered="1"/><counter type="COMPLEXITY" missed="0" covered="2"/><counter type="METHOD" missed="0" covered="2"/><counter type="CLASS" missed="0" covered="1"/></class><class name="io/archivesunleashed/udfs/package$$typecreator2$8" sourcefilename="package.scala"><method name="apply" desc="(Lscala/reflect/api/Mirror;)Lscala/reflect/api/Types$TypeApi;" line="53"><counter type="INSTRUCTION" missed="0" covered="35"/><counter type="LINE" missed="0" covered="1"/><counter type="COMPLEXITY" missed="0" covered="1"/><counter type="METHOD" missed="0" covered="1"/></method><method name="&lt;init&gt;" desc="()V" line="53"><counter type="INSTRUCTION" missed="0" covered="3"/><counter type="LINE" missed="0" covered="1"/><counter type="COMPLEXITY" missed="0" covered="1"/><counter type="METHOD" missed="0" covered="1"/></method><counter type="INSTRUCTION" missed="0" covered="38"/><counter type="LINE" missed="0" covered="1"/><counter type="COMPLEXITY" missed="0" covered="2"/><counter type="METHOD" missed="0" covered="2"/><counter type="CLASS" missed="0" covered="1"/></class><class name="io/archivesunleashed/udfs/package$$typecreator2$5" sourcefilename="package.scala"><method name="apply" desc="(Lscala/reflect/api/Mirror;)Lscala/reflect/api/Types$TypeApi;" line="47"><counter type="INSTRUCTION" missed="0" covered="31"/><counter type="LINE" missed="0" covered="1"/><counter type="COMPLEXITY" missed="0" covered="1"/><counter type="METHOD" missed="0" covered="1"/></method><method name="&lt;init&gt;" desc="()V" line="47"><counter type="INSTRUCTION" missed="0" covered="3"/><counter type="LINE" missed="0" covered="1"/><counter type="COMPLEXITY" missed="0" covered="1"/><counter type="METHOD" missed="0" covered="1"/></method><counter type="INSTRUCTION" missed="0" covered="34"/><counter type="LINE" missed="0" covered="1"/><counter type="COMPLEXITY" missed="0" covered="2"/><counter type="METHOD" missed="0" covered="2"/><counter type="CLASS" missed="0" covered="1"/></class><class name="io/archivesunleashed/udfs/package$$typecreator2$6" sourcefilename="package.scala"><method name="apply" desc="(Lscala/reflect/api/Mirror;)Lscala/reflect/api/Types$TypeApi;" line="49"><counter type="INSTRUCTION" missed="0" covered="35"/><counter type="LINE" missed="0" covered="1"/><counter type="COMPLEXITY" missed="0" covered="1"/><counter type="METHOD" missed="0" covered="1"/></method><method name="&lt;init&gt;" desc="()V" line="49"><counter type="INSTRUCTION" missed="0" covered="3"/><counter type="LINE" missed="0" covered="1"/><counter type="COMPLEXITY" missed="0" covered="1"/><counter type="METHOD" missed="0" covered="1"/></method><counter type="INSTRUCTION" missed="0" covered="38"/><counter type="LINE" missed="0" covered="1"/><counter type="COMPLEXITY" missed="0" covered="2"/><counter type="METHOD" missed="0" covered="2"/><counter type="CLASS" missed="0" covered="1"/></class><class name="io/archivesunleashed/udfs/package$$typecreator2$3" sourcefilename="package.scala"><method name="apply" desc="(Lscala/reflect/api/Mirror;)Lscala/reflect/api/Types$TypeApi;" line="44"><counter type="INSTRUCTION" missed="0" covered="31"/><counter type="LINE" missed="0" covered="1"/><counter type="COMPLEXITY" missed="0" covered="1"/><counter type="METHOD" missed="0" covered="1"/></method><method name="&lt;init&gt;" desc="()V" line="44"><counter type="INSTRUCTION" missed="0" covered="3"/><counter type="LINE" missed="0" covered="1"/><counter type="COMPLEXITY" missed="0" covered="1"/><counter type="METHOD" missed="0" covered="1"/></method><counter type="INSTRUCTION" missed="0" covered="34"/><counter type="LINE" missed="0" covered="1"/><counter type="COMPLEXITY" missed="0" covered="2"/><counter type="METHOD" missed="0" covered="2"/><counter type="CLASS" missed="0" covered="1"/></class><class name="io/archivesunleashed/udfs/package$$typecreator2$4" sourcefilename="package.scala"><method name="apply" desc="(Lscala/reflect/api/Mirror;)Lscala/reflect/api/Types$TypeApi;" line="45"><counter type="INSTRUCTION" missed="0" covered="35"/><counter type="LINE" missed="0" covered="1"/><counter type="COMPLEXITY" missed="0" covered="1"/><counter type="METHOD" missed="0" covered="1"/></method><method name="&lt;init&gt;" desc="()V" line="45"><counter type="INSTRUCTION" missed="0" covered="3"/><counter type="LINE" missed="0" covered="1"/><counter type="COMPLEXITY" missed="0" covered="1"/><counter type="METHOD" missed="0" covered="1"/></method><counter type="INSTRUCTION" missed="0" covered="38"/><counter type="LINE" missed="0" covered="1"/><counter type="COMPLEXITY" missed="0" covered="2"/><counter type="METHOD" missed="0" covered="2"/><counter type="CLASS" missed="0" covered="1"/></class><class name="io/archivesunleashed/udfs/package$$typecreator2$1" sourcefilename="package.scala"><method name="apply" desc="(Lscala/reflect/api/Mirror;)Lscala/reflect/api/Types$TypeApi;" line="42"><counter type="INSTRUCTION" missed="0" covered="31"/><counter type="LINE" missed="0" covered="1"/><counter type="COMPLEXITY" missed="0" covered="1"/><counter type="METHOD" missed="0" covered="1"/></method><method name="&lt;init&gt;" desc="()V" line="42"><counter type="INSTRUCTION" missed="0" covered="3"/><counter type="LINE" missed="0" covered="1"/><counter type="COMPLEXITY" missed="0" covered="1"/><counter type="METHOD" missed="0" covered="1"/></method><counter type="INSTRUCTION" missed="0" covered="34"/><counter type="LINE" missed="0" covered="1"/><counter type="COMPLEXITY" missed="0" covered="2"/><counter type="METHOD" missed="0" covered="2"/><counter type="CLASS" missed="0" covered="1"/></class><class name="io/archivesunleashed/udfs/package$$typecreator2$2" sourcefilename="package.scala"><method name="apply" desc="(Lscala/reflect/api/Mirror;)Lscala/reflect/api/Types$TypeApi;" line="43"><counter type="INSTRUCTION" missed="0" covered="31"/><counter type="LINE" missed="0" covered="1"/><counter type="COMPLEXITY" missed="0" covered="1"/><counter type="METHOD" missed="0" covered="1"/></method><method name="&lt;init&gt;" desc="()V" line="43"><counter type="INSTRUCTION" missed="0" covered="3"/><counter type="LINE" missed="0" covered="1"/><counter type="COMPLEXITY" missed="0" covered="1"/><counter type="METHOD" missed="0" covered="1"/></method><counter type="INSTRUCTION" missed="0" covered="34"/><counter type="LINE" missed="0" covered="1"/><counter type="COMPLEXITY" missed="0" covered="2"/><counter type="METHOD" missed="0" covered="2"/><counter type="CLASS" missed="0" covered="1"/></class><class name="io/archivesunleashed/udfs/package$$typecreator1$24" sourcefilename="package.scala"><method name="apply" desc="(Lscala/reflect/api/Mirror;)Lscala/reflect/api/Types$TypeApi;" line="123"><counter type="INSTRUCTION" missed="0" covered="35"/><counter type="LINE" missed="0" covered="1"/><counter type="COMPLEXITY" missed="0" covered="1"/><counter type="METHOD" missed="0" covered="1"/></method><method name="&lt;init&gt;" desc="()V" line="123"><counter type="INSTRUCTION" missed="0" covered="3"/><counter type="LINE" missed="0" covered="1"/><counter type="COMPLEXITY" missed="0" covered="1"/><counter type="METHOD" missed="0" covered="1"/></method><counter type="INSTRUCTION" missed="0" covered="38"/><counter type="LINE" missed="0" covered="1"/><counter type="COMPLEXITY" missed="0" covered="2"/><counter type="METHOD" missed="0" covered="2"/><counter type="CLASS" missed="0" covered="1"/></class><class name="io/archivesunleashed/udfs/package$$typecreator1$23" sourcefilename="package.scala"><method name="apply" desc="(Lscala/reflect/api/Mirror;)Lscala/reflect/api/Types$TypeApi;" line="112"><counter type="INSTRUCTION" missed="0" covered="35"/><counter type="LINE" missed="0" covered="1"/><counter type="COMPLEXITY" missed="0" covered="1"/><counter type="METHOD" missed="0" covered="1"/></method><method name="&lt;init&gt;" desc="()V" line="112"><counter type="INSTRUCTION" missed="0" covered="3"/><counter type="LINE" missed="0" covered="1"/><counter type="COMPLEXITY" missed="0" covered="1"/><counter type="METHOD" missed="0" covered="1"/></method><counter type="INSTRUCTION" missed="0" covered="38"/><counter type="LINE" missed="0" covered="1"/><counter type="COMPLEXITY" missed="0" covered="2"/><counter type="METHOD" missed="0" covered="2"/><counter type="CLASS" missed="0" covered="1"/></class><class name="io/archivesunleashed/udfs/package$$typecreator1$22" sourcefilename="package.scala"><method name="apply" desc="(Lscala/reflect/api/Mirror;)Lscala/reflect/api/Types$TypeApi;" line="108"><counter type="INSTRUCTION" missed="0" covered="35"/><counter type="LINE" missed="0" covered="1"/><counter type="COMPLEXITY" missed="0" covered="1"/><counter type="METHOD" missed="0" covered="1"/></method><method name="&lt;init&gt;" desc="()V" line="108"><counter type="INSTRUCTION" missed="0" covered="3"/><counter type="LINE" missed="0" covered="1"/><counter type="COMPLEXITY" missed="0" covered="1"/><counter type="METHOD" missed="0" covered="1"/></method><counter type="INSTRUCTION" missed="0" covered="38"/><counter type="LINE" missed="0" covered="1"/><counter type="COMPLEXITY" missed="0" covered="2"/><counter type="METHOD" missed="0" covered="2"/><counter type="CLASS" missed="0" covered="1"/></class><class name="io/archivesunleashed/udfs/package$$typecreator1$21" sourcefilename="package.scala"><method name="apply" desc="(Lscala/reflect/api/Mirror;)Lscala/reflect/api/Types$TypeApi;" line="104"><counter type="INSTRUCTION" missed="0" covered="35"/><counter type="LINE" missed="0" covered="1"/><counter type="COMPLEXITY" missed="0" covered="1"/><counter type="METHOD" missed="0" covered="1"/></method><method name="&lt;init&gt;" desc="()V" line="104"><counter type="INSTRUCTION" missed="0" covered="3"/><counter type="LINE" missed="0" covered="1"/><counter type="COMPLEXITY" missed="0" covered="1"/><counter type="METHOD" missed="0" covered="1"/></method><counter type="INSTRUCTION" missed="0" covered="38"/><counter type="LINE" missed="0" covered="1"/><counter type="COMPLEXITY" missed="0" covered="2"/><counter type="METHOD" missed="0" covered="2"/><counter type="CLASS" missed="0" covered="1"/></class><class name="io/archivesunleashed/udfs/package$$typecreator1$20" sourcefilename="package.scala"><method name="apply" desc="(Lscala/reflect/api/Mirror;)Lscala/reflect/api/Types$TypeApi;" line="100"><counter type="INSTRUCTION" missed="0" covered="35"/><counter type="LINE" missed="0" covered="1"/><counter type="COMPLEXITY" missed="0" covered="1"/><counter type="METHOD" missed="0" covered="1"/></method><method name="&lt;init&gt;" desc="()V" line="100"><counter type="INSTRUCTION" missed="0" covered="3"/><counter type="LINE" missed="0" covered="1"/><counter type="COMPLEXITY" missed="0" covered="1"/><counter type="METHOD" missed="0" covered="1"/></method><counter type="INSTRUCTION" missed="0" covered="38"/><counter type="LINE" missed="0" covered="1"/><counter type="COMPLEXITY" missed="0" covered="2"/><counter type="METHOD" missed="0" covered="2"/><counter type="CLASS" missed="0" covered="1"/></class><class name="io/archivesunleashed/udfs/package$$typecreator3$4" sourcefilename="package.scala"><method name="apply" desc="(Lscala/reflect/api/Mirror;)Lscala/reflect/api/Types$TypeApi;" line="59"><counter type="INSTRUCTION" missed="0" covered="35"/><counter type="LINE" missed="0" covered="1"/><counter type="COMPLEXITY" missed="0" covered="1"/><counter type="METHOD" missed="0" covered="1"/></method><method name="&lt;init&gt;" desc="()V" line="59"><counter type="INSTRUCTION" missed="0" covered="3"/><counter type="LINE" missed="0" covered="1"/><counter type="COMPLEXITY" missed="0" covered="1"/><counter type="METHOD" missed="0" covered="1"/></method><counter type="INSTRUCTION" missed="0" covered="38"/><counter type="LINE" missed="0" covered="1"/><counter type="COMPLEXITY" missed="0" covered="2"/><counter type="METHOD" missed="0" covered="2"/><counter type="CLASS" missed="0" covered="1"/></class><class name="io/archivesunleashed/udfs/package$$typecreator3$2" sourcefilename="package.scala"><method name="apply" desc="(Lscala/reflect/api/Mirror;)Lscala/reflect/api/Types$TypeApi;" line="55"><counter type="INSTRUCTION" missed="0" covered="35"/><counter type="LINE" missed="0" covered="1"/><counter type="COMPLEXITY" missed="0" covered="1"/><counter type="METHOD" missed="0" covered="1"/></method><method name="&lt;init&gt;" desc="()V" line="55"><counter type="INSTRUCTION" missed="0" covered="3"/><counter type="LINE" missed="0" covered="1"/><counter type="COMPLEXITY" missed="0" covered="1"/><counter type="METHOD" missed="0" covered="1"/></method><counter type="INSTRUCTION" missed="0" covered="38"/><counter type="LINE" missed="0" covered="1"/><counter type="COMPLEXITY" missed="0" covered="2"/><counter type="METHOD" missed="0" covered="2"/><counter type="CLASS" missed="0" covered="1"/></class><class name="io/archivesunleashed/udfs/package$$typecreator3$3" sourcefilename="package.scala"><method name="apply" desc="(Lscala/reflect/api/Mirror;)Lscala/reflect/api/Types$TypeApi;" line="57"><counter type="INSTRUCTION" missed="0" covered="35"/><counter type="LINE" missed="0" covered="1"/><counter type="COMPLEXITY" missed="0" covered="1"/><counter type="METHOD" missed="0" covered="1"/></method><method name="&lt;init&gt;" desc="()V" line="57"><counter type="INSTRUCTION" missed="0" covered="3"/><counter type="LINE" missed="0" covered="1"/><counter type="COMPLEXITY" missed="0" covered="1"/><counter type="METHOD" missed="0" covered="1"/></method><counter type="INSTRUCTION" missed="0" covered="38"/><counter type="LINE" missed="0" covered="1"/><counter type="COMPLEXITY" missed="0" covered="2"/><counter type="METHOD" missed="0" covered="2"/><counter type="CLASS" missed="0" covered="1"/></class><class name="io/archivesunleashed/udfs/package$$typecreator3$1" sourcefilename="package.scala"><method name="apply" desc="(Lscala/reflect/api/Mirror;)Lscala/reflect/api/Types$TypeApi;" line="51"><counter type="INSTRUCTION" missed="0" covered="35"/><counter type="LINE" missed="0" covered="1"/><counter type="COMPLEXITY" missed="0" covered="1"/><counter type="METHOD" missed="0" covered="1"/></method><method name="&lt;init&gt;" desc="()V" line="51"><counter type="INSTRUCTION" missed="0" covered="3"/><counter type="LINE" missed="0" covered="1"/><counter type="COMPLEXITY" missed="0" covered="1"/><counter type="METHOD" missed="0" covered="1"/></method><counter type="INSTRUCTION" missed="0" covered="38"/><counter type="LINE" missed="0" covered="1"/><counter type="COMPLEXITY" missed="0" covered="2"/><counter type="METHOD" missed="0" covered="2"/><counter type="CLASS" missed="0" covered="1"/></class><class name="io/archivesunleashed/udfs/package$$typecreator1$19" sourcefilename="package.scala"><method name="apply" desc="(Lscala/reflect/api/Mirror;)Lscala/reflect/api/Types$TypeApi;" line="96"><counter type="INSTRUCTION" missed="0" covered="35"/><counter type="LINE" missed="0" covered="1"/><counter type="COMPLEXITY" missed="0" covered="1"/><counter type="METHOD" missed="0" covered="1"/></method><method name="&lt;init&gt;" desc="()V" line="96"><counter type="INSTRUCTION" missed="0" covered="3"/><counter type="LINE" missed="0" covered="1"/><counter type="COMPLEXITY" missed="0" covered="1"/><counter type="METHOD" missed="0" covered="1"/></method><counter type="INSTRUCTION" missed="0" covered="38"/><counter type="LINE" missed="0" covered="1"/><counter type="COMPLEXITY" missed="0" covered="2"/><counter type="METHOD" missed="0" covered="2"/><counter type="CLASS" missed="0" covered="1"/></class><class name="io/archivesunleashed/udfs/package$$typecreator1$18" sourcefilename="package.scala"><method name="apply" desc="(Lscala/reflect/api/Mirror;)Lscala/reflect/api/Types$TypeApi;" line="92"><counter type="INSTRUCTION" missed="0" covered="35"/><counter type="LINE" missed="0" covered="1"/><counter type="COMPLEXITY" missed="0" covered="1"/><counter type="METHOD" missed="0" covered="1"/></method><method name="&lt;init&gt;" desc="()V" line="92"><counter type="INSTRUCTION" missed="0" covered="3"/><counter type="LINE" missed="0" covered="1"/><counter type="COMPLEXITY" missed="0" covered="1"/><counter type="METHOD" missed="0" covered="1"/></method><counter type="INSTRUCTION" missed="0" covered="38"/><counter type="LINE" missed="0" covered="1"/><counter type="COMPLEXITY" missed="0" covered="2"/><counter type="METHOD" missed="0" covered="2"/><counter type="CLASS" missed="0" covered="1"/></class><class name="io/archivesunleashed/udfs/package$$typecreator1$17" sourcefilename="package.scala"><method name="apply" desc="(Lscala/reflect/api/Mirror;)Lscala/reflect/api/Types$TypeApi;" line="90"><counter type="INSTRUCTION" missed="0" covered="35"/><counter type="LINE" missed="0" covered="1"/><counter type="COMPLEXITY" missed="0" covered="1"/><counter type="METHOD" missed="0" covered="1"/></method><method name="&lt;init&gt;" desc="()V" line="90"><counter type="INSTRUCTION" missed="0" covered="3"/><counter type="LINE" missed="0" covered="1"/><counter type="COMPLEXITY" missed="0" covered="1"/><counter type="METHOD" missed="0" covered="1"/></method><counter type="INSTRUCTION" missed="0" covered="38"/><counter type="LINE" missed="0" covered="1"/><counter type="COMPLEXITY" missed="0" covered="2"/><counter type="METHOD" missed="0" covered="2"/><counter type="CLASS" missed="0" covered="1"/></class><class name="io/archivesunleashed/udfs/package$$typecreator1$16" sourcefilename="package.scala"><method name="apply" desc="(Lscala/reflect/api/Mirror;)Lscala/reflect/api/Types$TypeApi;" line="79"><counter type="INSTRUCTION" missed="0" covered="35"/><counter type="LINE" missed="0" covered="1"/><counter type="COMPLEXITY" missed="0" covered="1"/><counter type="METHOD" missed="0" covered="1"/></method><method name="&lt;init&gt;" desc="()V" line="79"><counter type="INSTRUCTION" missed="0" covered="3"/><counter type="LINE" missed="0" covered="1"/><counter type="COMPLEXITY" missed="0" covered="1"/><counter type="METHOD" missed="0" covered="1"/></method><counter type="INSTRUCTION" missed="0" covered="38"/><counter type="LINE" missed="0" covered="1"/><counter type="COMPLEXITY" missed="0" covered="2"/><counter type="METHOD" missed="0" covered="2"/><counter type="CLASS" missed="0" covered="1"/></class><class name="io/archivesunleashed/udfs/package$$typecreator1$15" sourcefilename="package.scala"><method name="apply" desc="(Lscala/reflect/api/Mirror;)Lscala/reflect/api/Types$TypeApi;" line="68"><counter type="INSTRUCTION" missed="0" covered="35"/><counter type="LINE" missed="0" covered="1"/><counter type="COMPLEXITY" missed="0" covered="1"/><counter type="METHOD" missed="0" covered="1"/></method><method name="&lt;init&gt;" desc="()V" line="68"><counter type="INSTRUCTION" missed="0" covered="3"/><counter type="LINE" missed="0" covered="1"/><counter type="COMPLEXITY" missed="0" covered="1"/><counter type="METHOD" missed="0" covered="1"/></method><counter type="INSTRUCTION" missed="0" covered="38"/><counter type="LINE" missed="0" covered="1"/><counter type="COMPLEXITY" missed="0" covered="2"/><counter type="METHOD" missed="0" covered="2"/><counter type="CLASS" missed="0" covered="1"/></class><class name="io/archivesunleashed/udfs/package" sourcefilename="package.scala"><method name="hasUrls" desc="()Lorg/apache/spark/sql/expressions/UserDefinedFunction;"><counter type="INSTRUCTION" missed="3" covered="0"/><counter type="COMPLEXITY" missed="1" covered="0"/><counter type="METHOD" missed="1" covered="0"/></method><method name="hasUrlPatterns" desc="()Lorg/apache/spark/sql/expressions/UserDefinedFunction;"><counter type="INSTRUCTION" missed="3" covered="0"/><counter type="COMPLEXITY" missed="1" covered="0"/><counter type="METHOD" missed="1" covered="0"/></method><method name="hasMIMETypesTika" desc="()Lorg/apache/spark/sql/expressions/UserDefinedFunction;"><counter type="INSTRUCTION" missed="3" covered="0"/><counter type="COMPLEXITY" missed="1" covered="0"/><counter type="METHOD" missed="1" covered="0"/></method><method name="hasMIMETypes" desc="()Lorg/apache/spark/sql/expressions/UserDefinedFunction;"><counter type="INSTRUCTION" missed="3" covered="0"/><counter type="COMPLEXITY" missed="1" covered="0"/><counter type="METHOD" missed="1" covered="0"/></method><method name="hasLanguages" desc="()Lorg/apache/spark/sql/expressions/UserDefinedFunction;"><counter type="INSTRUCTION" missed="3" covered="0"/><counter type="COMPLEXITY" missed="1" covered="0"/><counter type="METHOD" missed="1" covered="0"/></method><method name="hasImages" desc="()Lorg/apache/spark/sql/expressions/UserDefinedFunction;"><counter type="INSTRUCTION" missed="3" covered="0"/><counter type="COMPLEXITY" missed="1" covered="0"/><counter type="METHOD" missed="1" covered="0"/></method><method name="hasHTTPStatus" desc="()Lorg/apache/spark/sql/expressions/UserDefinedFunction;"><counter type="INSTRUCTION" missed="3" covered="0"/><counter type="COMPLEXITY" missed="1" covered="0"/><counter type="METHOD" missed="1" covered="0"/></method><method name="hasDomains" desc="()Lorg/apache/spark/sql/expressions/UserDefinedFunction;"><counter type="INSTRUCTION" missed="3" covered="0"/><counter type="COMPLEXITY" missed="1" covered="0"/><counter type="METHOD" missed="1" covered="0"/></method><method name="hasDate" desc="()Lorg/apache/spark/sql/expressions/UserDefinedFunction;"><counter type="INSTRUCTION" missed="3" covered="0"/><counter type="COMPLEXITY" missed="1" covered="0"/><counter type="METHOD" missed="1" covered="0"/></method><method name="hasContent" desc="()Lorg/apache/spark/sql/expressions/UserDefinedFunction;"><counter type="INSTRUCTION" missed="3" covered="0"/><counter type="COMPLEXITY" missed="1" covered="0"/><counter type="METHOD" missed="1" covered="0"/></method><method name="removePrefixWWW" desc="()Lorg/apache/spark/sql/expressions/UserDefinedFunction;"><counter type="INSTRUCTION" missed="3" covered="0"/><counter type="COMPLEXITY" missed="1" covered="0"/><counter type="METHOD" missed="1" covered="0"/></method><method name="removeHTTPHeader" desc="()Lorg/apache/spark/sql/expressions/UserDefinedFunction;"><counter type="INSTRUCTION" missed="3" covered="0"/><counter type="COMPLEXITY" missed="1" covered="0"/><counter type="METHOD" missed="1" covered="0"/></method><method name="removeHTML" desc="()Lorg/apache/spark/sql/expressions/UserDefinedFunction;"><counter type="INSTRUCTION" missed="3" covered="0"/><counter type="COMPLEXITY" missed="1" covered="0"/><counter type="METHOD" missed="1" covered="0"/></method><method name="getExtensionMime" desc="()Lorg/apache/spark/sql/expressions/UserDefinedFunction;"><counter type="INSTRUCTION" missed="3" covered="0"/><counter type="COMPLEXITY" missed="1" covered="0"/><counter type="METHOD" missed="1" covered="0"/></method><method name="extractLinks" desc="()Lorg/apache/spark/sql/expressions/UserDefinedFunction;"><counter type="INSTRUCTION" missed="3" covered="0"/><counter type="COMPLEXITY" missed="1" covered="0"/><counter type="METHOD" missed="1" covered="0"/></method><method name="extractImageLinks" desc="()Lorg/apache/spark/sql/expressions/UserDefinedFunction;"><counter type="INSTRUCTION" missed="3" covered="0"/><counter type="COMPLEXITY" missed="1" covered="0"/><counter type="METHOD" missed="1" covered="0"/></method><method name="extractDomain" desc="()Lorg/apache/spark/sql/expressions/UserDefinedFunction;"><counter type="INSTRUCTION" missed="3" covered="0"/><counter type="COMPLEXITY" missed="1" covered="0"/><counter type="METHOD" missed="1" covered="0"/></method><method name="extractDate" desc="()Lorg/apache/spark/sql/expressions/UserDefinedFunction;"><counter type="INSTRUCTION" missed="3" covered="0"/><counter type="COMPLEXITY" missed="1" covered="0"/><counter type="METHOD" missed="1" covered="0"/></method><method name="extractBoilerpipeText" desc="()Lorg/apache/spark/sql/expressions/UserDefinedFunction;"><counter type="INSTRUCTION" missed="3" covered="0"/><counter type="COMPLEXITY" missed="1" covered="0"/><counter type="METHOD" missed="1" covered="0"/></method><method name="detectMimeTypeTika" desc="()Lorg/apache/spark/sql/expressions/UserDefinedFunction;"><counter type="INSTRUCTION" missed="3" covered="0"/><counter type="COMPLEXITY" missed="1" covered="0"/><counter type="METHOD" missed="1" covered="0"/></method><method name="detectLanguage" desc="()Lorg/apache/spark/sql/expressions/UserDefinedFunction;"><counter type="INSTRUCTION" missed="3" covered="0"/><counter type="COMPLEXITY" missed="1" covered="0"/><counter type="METHOD" missed="1" covered="0"/></method><method name="computeSHA1" desc="()Lorg/apache/spark/sql/expressions/UserDefinedFunction;"><counter type="INSTRUCTION" missed="3" covered="0"/><counter type="COMPLEXITY" missed="1" covered="0"/><counter type="METHOD" missed="1" covered="0"/></method><method name="computeMD5" desc="()Lorg/apache/spark/sql/expressions/UserDefinedFunction;"><counter type="INSTRUCTION" missed="3" covered="0"/><counter type="COMPLEXITY" missed="1" covered="0"/><counter type="METHOD" missed="1" covered="0"/></method><method name="computeImageSize" desc="()Lorg/apache/spark/sql/expressions/UserDefinedFunction;"><counter type="INSTRUCTION" missed="3" covered="0"/><counter type="COMPLEXITY" missed="1" covered="0"/><counter type="METHOD" missed="1" covered="0"/></method><counter type="INSTRUCTION" missed="72" covered="0"/><counter type="COMPLEXITY" missed="24" covered="0"/><counter type="METHOD" missed="24" covered="0"/><counter type="CLASS" missed="1" covered="0"/></class><class name="io/archivesunleashed/udfs/package$$typecreator1$14" sourcefilename="package.scala"><method name="apply" desc="(Lscala/reflect/api/Mirror;)Lscala/reflect/api/Types$TypeApi;" line="64"><counter type="INSTRUCTION" missed="0" covered="35"/><counter type="LINE" missed="0" covered="1"/><counter type="COMPLEXITY" missed="0" covered="1"/><counter type="METHOD" missed="0" covered="1"/></method><method name="&lt;init&gt;" desc="()V" line="64"><counter type="INSTRUCTION" missed="0" covered="3"/><counter type="LINE" missed="0" covered="1"/><counter type="COMPLEXITY" missed="0" covered="1"/><counter type="METHOD" missed="0" covered="1"/></method><counter type="INSTRUCTION" missed="0" covered="38"/><counter type="LINE" missed="0" covered="1"/><counter type="COMPLEXITY" missed="0" covered="2"/><counter type="METHOD" missed="0" covered="2"/><counter type="CLASS" missed="0" covered="1"/></class><class name="io/archivesunleashed/udfs/package$$typecreator1$13" sourcefilename="package.scala"><method name="apply" desc="(Lscala/reflect/api/Mirror;)Lscala/reflect/api/Types$TypeApi;" line="62"><counter type="INSTRUCTION" missed="0" covered="35"/><counter type="LINE" missed="0" covered="1"/><counter type="COMPLEXITY" missed="0" covered="1"/><counter type="METHOD" missed="0" covered="1"/></method><method name="&lt;init&gt;" desc="()V" line="62"><counter type="INSTRUCTION" missed="0" covered="3"/><counter type="LINE" missed="0" covered="1"/><counter type="COMPLEXITY" missed="0" covered="1"/><counter type="METHOD" missed="0" covered="1"/></method><counter type="INSTRUCTION" missed="0" covered="38"/><counter type="LINE" missed="0" covered="1"/><counter type="COMPLEXITY" missed="0" covered="2"/><counter type="METHOD" missed="0" covered="2"/><counter type="CLASS" missed="0" covered="1"/></class><class name="io/archivesunleashed/udfs/package$$typecreator1$12" sourcefilename="package.scala"><method name="apply" desc="(Lscala/reflect/api/Mirror;)Lscala/reflect/api/Types$TypeApi;" line="60"><counter type="INSTRUCTION" missed="0" covered="35"/><counter type="LINE" missed="0" covered="1"/><counter type="COMPLEXITY" missed="0" covered="1"/><counter type="METHOD" missed="0" covered="1"/></method><method name="&lt;init&gt;" desc="()V" line="60"><counter type="INSTRUCTION" missed="0" covered="3"/><counter type="LINE" missed="0" covered="1"/><counter type="COMPLEXITY" missed="0" covered="1"/><counter type="METHOD" missed="0" covered="1"/></method><counter type="INSTRUCTION" missed="0" covered="38"/><counter type="LINE" missed="0" covered="1"/><counter type="COMPLEXITY" missed="0" covered="2"/><counter type="METHOD" missed="0" covered="2"/><counter type="CLASS" missed="0" covered="1"/></class><class name="io/archivesunleashed/udfs/package$$typecreator1$11" sourcefilename="package.scala"><method name="apply" desc="(Lscala/reflect/api/Mirror;)Lscala/reflect/api/Types$TypeApi;" line="59"><counter type="INSTRUCTION" missed="0" covered="35"/><counter type="LINE" missed="0" covered="1"/><counter type="COMPLEXITY" missed="0" covered="1"/><counter type="METHOD" missed="0" covered="1"/></method><method name="&lt;init&gt;" desc="()V" line="59"><counter type="INSTRUCTION" missed="0" covered="3"/><counter type="LINE" missed="0" covered="1"/><counter type="COMPLEXITY" missed="0" covered="1"/><counter type="METHOD" missed="0" covered="1"/></method><counter type="INSTRUCTION" missed="0" covered="38"/><counter type="LINE" missed="0" covered="1"/><counter type="COMPLEXITY" missed="0" covered="2"/><counter type="METHOD" missed="0" covered="2"/><counter type="CLASS" missed="0" covered="1"/></class><class name="io/archivesunleashed/udfs/package$$typecreator1$10" sourcefilename="package.scala"><method name="apply" desc="(Lscala/reflect/api/Mirror;)Lscala/reflect/api/Types$TypeApi;" line="57"><counter type="INSTRUCTION" missed="0" covered="157"/><counter type="LINE" missed="0" covered="1"/><counter type="COMPLEXITY" missed="0" covered="1"/><counter type="METHOD" missed="0" covered="1"/></method><method name="&lt;init&gt;" desc="()V" line="57"><counter type="INSTRUCTION" missed="0" covered="3"/><counter type="LINE" missed="0" covered="1"/><counter type="COMPLEXITY" missed="0" covered="1"/><counter type="METHOD" missed="0" covered="1"/></method><counter type="INSTRUCTION" missed="0" covered="160"/><counter type="LINE" missed="0" covered="1"/><counter type="COMPLEXITY" missed="0" covered="2"/><counter type="METHOD" missed="0" covered="2"/><counter type="CLASS" missed="0" covered="1"/></class><sourcefile name="package.scala"><line nr="38" mi="2" ci="5" mb="0" cb="0"/><line nr="42" mi="0" ci="118" mb="0" cb="0"/><line nr="43" mi="0" ci="114" mb="0" cb="0"/><line nr="44" mi="0" ci="114" mb="0" cb="0"/><line nr="45" mi="0" ci="118" mb="0" cb="0"/><line nr="47" mi="0" ci="114" mb="0" cb="0"/><line nr="49" mi="0" ci="118" mb="0" cb="0"/><line nr="51" mi="0" ci="175" mb="0" cb="0"/><line nr="53" mi="0" ci="118" mb="0" cb="0"/><line nr="55" mi="0" ci="297" mb="0" cb="0"/><line nr="57" mi="0" ci="297" mb="0" cb="0"/><line nr="59" mi="0" ci="175" mb="0" cb="0"/><line nr="60" mi="0" ci="118" mb="0" cb="0"/><line nr="62" mi="0" ci="118" mb="0" cb="0"/><line nr="64" mi="0" ci="118" mb="0" cb="0"/><line nr="68" mi="0" ci="161" mb="0" cb="0"/><line nr="79" mi="0" ci="161" mb="0" cb="0"/><line nr="90" mi="0" ci="161" mb="0" cb="0"/><line nr="92" mi="0" ci="161" mb="0" cb="0"/><line nr="96" mi="0" ci="123" mb="0" cb="0"/><line nr="100" mi="0" ci="161" mb="0" cb="0"/><line nr="104" mi="0" ci="161" mb="0" cb="0"/><line nr="108" mi="0" ci="161" mb="0" cb="0"/><line nr="112" mi="0" ci="161" mb="0" cb="0"/><line nr="123" mi="0" ci="161" mb="0" cb="0"/><counter type="INSTRUCTION" missed="74" covered="3692"/><counter type="LINE" missed="0" covered="25"/><counter type="COMPLEXITY" missed="25" covered="130"/><counter type="METHOD" missed="25" covered="130"/><counter type="CLASS" missed="1" covered="53"/></sourcefile><counter type="INSTRUCTION" missed="74" covered="3692"/><counter type="LINE" missed="0" covered="25"/><counter type="COMPLEXITY" missed="25" covered="130"/><counter type="METHOD" missed="25" covered="130"/><counter type="CLASS" missed="1" covered="53"/></package><package name="io/archivesunleashed/df"><class name="io/archivesunleashed/df/package" sourcefilename="package.scala"><method name="SaveBytes" desc="(Lorg/apache/spark/sql/Dataset;)Lio/archivesunleashed/df/package$SaveBytes;"><counter type="INSTRUCTION" missed="4" covered="0"/><counter type="COMPLEXITY" missed="1" covered="0"/><counter type="METHOD" missed="1" covered="0"/></method><counter type="INSTRUCTION" missed="4" covered="0"/><counter type="COMPLEXITY" missed="1" covered="0"/><counter type="METHOD" missed="1" covered="0"/><counter type="CLASS" missed="1" covered="0"/></class><class name="io/archivesunleashed/df/package$SaveBytes" sourcefilename="package.scala"><method name="saveToDisk" desc="(Ljava/lang/String;Ljava/lang/String;Ljava/lang/String;)V" line="44"><counter type="INSTRUCTION" missed="0" covered="19"/><counter type="LINE" missed="0" covered="2"/><counter type="COMPLEXITY" missed="0" covered="1"/><counter type="METHOD" missed="0" covered="1"/></method><method name="&lt;init&gt;" desc="(Lorg/apache/spark/sql/Dataset;)V" line="31"><counter type="INSTRUCTION" missed="0" covered="6"/><counter type="LINE" missed="0" covered="2"/><counter type="COMPLEXITY" missed="0" covered="1"/><counter type="METHOD" missed="0" covered="1"/></method><counter type="INSTRUCTION" missed="0" covered="25"/><counter type="LINE" missed="0" covered="4"/><counter type="COMPLEXITY" missed="0" covered="2"/><counter type="METHOD" missed="0" covered="2"/><counter type="CLASS" missed="0" covered="1"/></class><class name="io/archivesunleashed/df/DataFrameLoader" sourcefilename="DataFrameLoader.scala"><method name="all" desc="(Ljava/lang/String;)Lorg/apache/spark/sql/Dataset;" line="28"><counter type="INSTRUCTION" missed="0" covered="9"/><counter type="LINE" missed="0" covered="2"/><counter type="COMPLEXITY" missed="0" covered="1"/><counter type="METHOD" missed="0" covered="1"/></method><method name="audio" desc="(Ljava/lang/String;)Lorg/apache/spark/sql/Dataset;" line="35"><counter type="INSTRUCTION" missed="0" covered="9"/><counter type="LINE" missed="0" covered="2"/><counter type="COMPLEXITY" missed="0" covered="1"/><counter type="METHOD" missed="0" covered="1"/></method><method name="css" desc="(Ljava/lang/String;)Lorg/apache/spark/sql/Dataset;" line="42"><counter type="INSTRUCTION" missed="0" covered="9"/><counter type="LINE" missed="0" covered="2"/><counter type="COMPLEXITY" missed="0" covered="1"/><counter type="METHOD" missed="0" covered="1"/></method><method name="html" desc="(Ljava/lang/String;)Lorg/apache/spark/sql/Dataset;" line="49"><counter type="INSTRUCTION" missed="0" covered="9"/><counter type="LINE" missed="0" covered="2"/><counter type="COMPLEXITY" missed="0" covered="1"/><counter type="METHOD" missed="0" covered="1"/></method><method name="imagegraph" desc="(Ljava/lang/String;)Lorg/apache/spark/sql/Dataset;" line="56"><counter type="INSTRUCTION" missed="0" covered="9"/><counter type="LINE" missed="0" covered="2"/><counter type="COMPLEXITY" missed="0" covered="1"/><counter type="METHOD" missed="0" covered="1"/></method><method name="images" desc="(Ljava/lang/String;)Lorg/apache/spark/sql/Dataset;" line="63"><counter type="INSTRUCTION" missed="0" covered="9"/><counter type="LINE" missed="0" covered="2"/><counter type="COMPLEXITY" missed="0" covered="1"/><counter type="METHOD" missed="0" covered="1"/></method><method name="js" desc="(Ljava/lang/String;)Lorg/apache/spark/sql/Dataset;" line="70"><counter type="INSTRUCTION" missed="0" covered="9"/><counter type="LINE" missed="0" covered="2"/><counter type="COMPLEXITY" missed="0" covered="1"/><counter type="METHOD" missed="0" covered="1"/></method><method name="json" desc="(Ljava/lang/String;)Lorg/apache/spark/sql/Dataset;" line="77"><counter type="INSTRUCTION" missed="0" covered="9"/><counter type="LINE" missed="0" covered="2"/><counter type="COMPLEXITY" missed="0" covered="1"/><counter type="METHOD" missed="0" covered="1"/></method><method name="pdfs" desc="(Ljava/lang/String;)Lorg/apache/spark/sql/Dataset;" line="84"><counter type="INSTRUCTION" missed="0" covered="9"/><counter type="LINE" missed="0" covered="2"/><counter type="COMPLEXITY" missed="0" covered="1"/><counter type="METHOD" missed="0" covered="1"/></method><method name="plainText" desc="(Ljava/lang/String;)Lorg/apache/spark/sql/Dataset;" line="91"><counter type="INSTRUCTION" missed="0" covered="9"/><counter type="LINE" missed="0" covered="2"/><counter type="COMPLEXITY" missed="0" covered="1"/><counter type="METHOD" missed="0" covered="1"/></method><method name="presentationProgramFiles" desc="(Ljava/lang/String;)Lorg/apache/spark/sql/Dataset;" line="98"><counter type="INSTRUCTION" missed="0" covered="9"/><counter type="LINE" missed="0" covered="2"/><counter type="COMPLEXITY" missed="0" covered="1"/><counter type="METHOD" missed="0" covered="1"/></method><method name="spreadsheets" desc="(Ljava/lang/String;)Lorg/apache/spark/sql/Dataset;" line="105"><counter type="INSTRUCTION" missed="0" covered="9"/><counter type="LINE" missed="0" covered="2"/><counter type="COMPLEXITY" missed="0" covered="1"/><counter type="METHOD" missed="0" covered="1"/></method><method name="videos" desc="(Ljava/lang/String;)Lorg/apache/spark/sql/Dataset;" line="112"><counter type="INSTRUCTION" missed="0" covered="9"/><counter type="LINE" missed="0" covered="2"/><counter type="COMPLEXITY" missed="0" covered="1"/><counter type="METHOD" missed="0" covered="1"/></method><method name="webgraph" desc="(Ljava/lang/String;)Lorg/apache/spark/sql/Dataset;" line="119"><counter type="INSTRUCTION" missed="0" covered="9"/><counter type="LINE" missed="0" covered="2"/><counter type="COMPLEXITY" missed="0" covered="1"/><counter type="METHOD" missed="0" covered="1"/></method><method name="webpages" desc="(Ljava/lang/String;)Lorg/apache/spark/sql/Dataset;" line="126"><counter type="INSTRUCTION" missed="0" covered="9"/><counter type="LINE" missed="0" covered="2"/><counter type="COMPLEXITY" missed="0" covered="1"/><counter type="METHOD" missed="0" covered="1"/></method><method name="wordProcessorFiles" desc="(Ljava/lang/String;)Lorg/apache/spark/sql/Dataset;" line="133"><counter type="INSTRUCTION" missed="0" covered="9"/><counter type="LINE" missed="0" covered="2"/><counter type="COMPLEXITY" missed="0" covered="1"/><counter type="METHOD" missed="0" covered="1"/></method><method name="xml" desc="(Ljava/lang/String;)Lorg/apache/spark/sql/Dataset;" line="140"><counter type="INSTRUCTION" missed="0" covered="9"/><counter type="LINE" missed="0" covered="2"/><counter type="COMPLEXITY" missed="0" covered="1"/><counter type="METHOD" missed="0" covered="1"/></method><method name="&lt;init&gt;" desc="(Lorg/apache/spark/SparkContext;)V" line="24"><counter type="INSTRUCTION" missed="0" covered="6"/><counter type="LINE" missed="0" covered="2"/><counter type="COMPLEXITY" missed="0" covered="1"/><counter type="METHOD" missed="0" covered="1"/></method><counter type="INSTRUCTION" missed="0" covered="159"/><counter type="LINE" missed="0" covered="36"/><counter type="COMPLEXITY" missed="0" covered="18"/><counter type="METHOD" missed="0" covered="18"/><counter type="CLASS" missed="0" covered="1"/></class><class name="io/archivesunleashed/df/package$" sourcefilename="package.scala"><method name="&lt;clinit&gt;" desc="()V"><counter type="INSTRUCTION" missed="0" covered="3"/><counter type="COMPLEXITY" missed="0" covered="1"/><counter type="METHOD" missed="0" covered="1"/></method><method name="SaveBytes" desc="(Lorg/apache/spark/sql/Dataset;)Lio/archivesunleashed/df/package$SaveBytes;" line="31"><counter type="INSTRUCTION" missed="0" covered="5"/><counter type="LINE" missed="0" covered="1"/><counter type="COMPLEXITY" missed="0" covered="1"/><counter type="METHOD" missed="0" covered="1"/></method><method name="&lt;init&gt;" desc="()V" line="25"><counter type="INSTRUCTION" missed="0" covered="5"/><counter type="LINE" missed="0" covered="2"/><counter type="COMPLEXITY" missed="0" covered="1"/><counter type="METHOD" missed="0" covered="1"/></method><counter type="INSTRUCTION" missed="0" covered="13"/><counter type="LINE" missed="0" covered="3"/><counter type="COMPLEXITY" missed="0" covered="3"/><counter type="METHOD" missed="0" covered="3"/><counter type="CLASS" missed="0" covered="1"/></class><sourcefile name="DataFrameLoader.scala"><line nr="24" mi="0" ci="4" mb="0" cb="0"/><line nr="28" mi="0" ci="1" mb="0" cb="0"/><line nr="29" mi="0" ci="8" mb="0" cb="0"/><line nr="35" mi="0" ci="1" mb="0" cb="0"/><line nr="36" mi="0" ci="8" mb="0" cb="0"/><line nr="42" mi="0" ci="1" mb="0" cb="0"/><line nr="43" mi="0" ci="8" mb="0" cb="0"/><line nr="49" mi="0" ci="1" mb="0" cb="0"/><line nr="50" mi="0" ci="8" mb="0" cb="0"/><line nr="56" mi="0" ci="1" mb="0" cb="0"/><line nr="57" mi="0" ci="8" mb="0" cb="0"/><line nr="63" mi="0" ci="1" mb="0" cb="0"/><line nr="64" mi="0" ci="8" mb="0" cb="0"/><line nr="70" mi="0" ci="1" mb="0" cb="0"/><line nr="71" mi="0" ci="8" mb="0" cb="0"/><line nr="77" mi="0" ci="1" mb="0" cb="0"/><line nr="78" mi="0" ci="8" mb="0" cb="0"/><line nr="84" mi="0" ci="1" mb="0" cb="0"/><line nr="85" mi="0" ci="8" mb="0" cb="0"/><line nr="91" mi="0" ci="1" mb="0" cb="0"/><line nr="92" mi="0" ci="8" mb="0" cb="0"/><line nr="98" mi="0" ci="1" mb="0" cb="0"/><line nr="99" mi="0" ci="8" mb="0" cb="0"/><line nr="105" mi="0" ci="1" mb="0" cb="0"/><line nr="106" mi="0" ci="8" mb="0" cb="0"/><line nr="112" mi="0" ci="1" mb="0" cb="0"/><line nr="113" mi="0" ci="8" mb="0" cb="0"/><line nr="119" mi="0" ci="1" mb="0" cb="0"/><line nr="120" mi="0" ci="8" mb="0" cb="0"/><line nr="126" mi="0" ci="1" mb="0" cb="0"/><line nr="127" mi="0" ci="8" mb="0" cb="0"/><line nr="133" mi="0" ci="1" mb="0" cb="0"/><line nr="134" mi="0" ci="8" mb="0" cb="0"/><line nr="140" mi="0" ci="1" mb="0" cb="0"/><line nr="141" mi="0" ci="8" mb="0" cb="0"/><line nr="144" mi="0" ci="2" mb="0" cb="0"/><counter type="INSTRUCTION" missed="0" covered="159"/><counter type="LINE" missed="0" covered="36"/><counter type="COMPLEXITY" missed="0" covered="18"/><counter type="METHOD" missed="0" covered="18"/><counter type="CLASS" missed="0" covered="1"/></sourcefile><sourcefile name="package.scala"><line nr="25" mi="0" ci="1" mb="0" cb="0"/><line nr="31" mi="0" ci="9" mb="0" cb="0"/><line nr="44" mi="0" ci="13" mb="0" cb="0"/><line nr="45" mi="0" ci="6" mb="0" cb="0"/><line nr="65" mi="0" ci="6" mb="0" cb="0"/><counter type="INSTRUCTION" missed="4" covered="38"/><counter type="LINE" missed="0" covered="5"/><counter type="COMPLEXITY" missed="1" covered="5"/><counter type="METHOD" missed="1" covered="5"/><counter type="CLASS" missed="1" covered="2"/></sourcefile><counter type="INSTRUCTION" missed="4" covered="197"/><counter type="LINE" missed="0" covered="41"/><counter type="COMPLEXITY" missed="1" covered="23"/><counter type="METHOD" missed="1" covered="23"/><counter type="CLASS" missed="1" covered="3"/></package><package name="io/archivesunleashed/matchbox"><class name="io/archivesunleashed/matchbox/package$WWWLink" sourcefilename="package.scala"><method name="removePrefixWWW" desc="()Ljava/lang/String;" line="26"><counter type="INSTRUCTION" missed="6" covered="33"/><counter type="BRANCH" missed="1" covered="3"/><counter type="LINE" missed="0" covered="4"/><counter type="COMPLEXITY" missed="1" covered="2"/><counter type="METHOD" missed="0" covered="1"/></method><method name="escapeInvalidXML" desc="()Ljava/lang/String;" line="35"><counter type="INSTRUCTION" missed="0" covered="13"/><counter type="LINE" missed="0" covered="2"/><counter type="COMPLEXITY" missed="0" covered="1"/><counter type="METHOD" missed="0" covered="1"/></method><method name="&lt;init&gt;" desc="(Ljava/lang/String;)V" line="24"><counter type="INSTRUCTION" missed="0" covered="6"/><counter type="LINE" missed="0" covered="2"/><counter type="COMPLEXITY" missed="0" covered="1"/><counter type="METHOD" missed="0" covered="1"/></method><counter type="INSTRUCTION" missed="6" covered="52"/><counter type="BRANCH" missed="1" covered="3"/><counter type="LINE" missed="0" covered="8"/><counter type="COMPLEXITY" missed="1" covered="4"/><counter type="METHOD" missed="0" covered="3"/><counter type="CLASS" missed="0" covered="1"/></class><class name="io/archivesunleashed/matchbox/ExtractLinks" sourcefilename="ExtractLinks.scala"><method name="apply" desc="(Ljava/lang/String;Ljava/lang/String;)Lscala/collection/Seq;"><counter type="INSTRUCTION" missed="5" covered="0"/><counter type="COMPLEXITY" missed="1" covered="0"/><counter type="METHOD" missed="1" covered="0"/></method><counter type="INSTRUCTION" missed="5" covered="0"/><counter type="COMPLEXITY" missed="1" covered="0"/><counter type="METHOD" missed="1" covered="0"/><counter type="CLASS" missed="1" covered="0"/></class><class name="io/archivesunleashed/matchbox/GetExtensionMIME" sourcefilename="GetExtensionMIME.scala"><method name="apply" desc="(Ljava/lang/String;Ljava/lang/String;)Ljava/lang/String;"><counter type="INSTRUCTION" missed="5" covered="0"/><counter type="COMPLEXITY" missed="1" covered="0"/><counter type="METHOD" missed="1" covered="0"/></method><counter type="INSTRUCTION" missed="5" covered="0"/><counter type="COMPLEXITY" missed="1" covered="0"/><counter type="METHOD" missed="1" covered="0"/><counter type="CLASS" missed="1" covered="0"/></class><class name="io/archivesunleashed/matchbox/ExtractBoilerpipeText$" sourcefilename="ExtractBoilerpipeText.scala"><method name="&lt;clinit&gt;" desc="()V"><counter type="INSTRUCTION" missed="0" covered="3"/><counter type="COMPLEXITY" missed="0" covered="1"/><counter type="METHOD" missed="0" covered="1"/></method><method name="apply" desc="(Ljava/lang/String;)Ljava/lang/String;" line="31"><counter type="INSTRUCTION" missed="0" covered="6"/><counter type="LINE" missed="0" covered="1"/><counter type="COMPLEXITY" missed="0" covered="1"/><counter type="METHOD" missed="0" covered="1"/></method><method name="removeBoilerplate" desc="(Ljava/lang/String;)Ljava/lang/String;" line="35"><counter type="INSTRUCTION" missed="14" covered="27"/><counter type="BRANCH" missed="3" covered="1"/><counter type="LINE" missed="2" covered="7"/><counter type="COMPLEXITY" missed="2" covered="1"/><counter type="METHOD" missed="0" covered="1"/></method><method name="&lt;init&gt;" desc="()V" line="21"><counter type="INSTRUCTION" missed="0" covered="5"/><counter type="LINE" missed="0" covered="2"/><counter type="COMPLEXITY" missed="0" covered="1"/><counter type="METHOD" missed="0" covered="1"/></method><counter type="INSTRUCTION" missed="14" covered="41"/><counter type="BRANCH" missed="3" covered="1"/><counter type="LINE" missed="2" covered="10"/><counter type="COMPLEXITY" missed="2" covered="4"/><counter type="METHOD" missed="0" covered="4"/><counter type="CLASS" missed="0" covered="1"/></class><class name="io/archivesunleashed/matchbox/ExtractTextFromPDFs$" sourcefilename="ExtractTextFromPDFs.scala"><method name="&lt;clinit&gt;" desc="()V"><counter type="INSTRUCTION" missed="0" covered="3"/><counter type="COMPLEXITY" missed="0" covered="1"/><counter type="METHOD" missed="0" covered="1"/></method><method name="pdfParser" desc="()Lorg/apache/tika/parser/pdf/PDFParser;" line="22"><counter type="INSTRUCTION" missed="0" covered="3"/><counter type="LINE" missed="0" covered="1"/><counter type="COMPLEXITY" missed="0" covered="1"/><counter type="METHOD" missed="0" covered="1"/></method><method name="&lt;init&gt;" desc="()V" line="21"><counter type="INSTRUCTION" missed="0" covered="10"/><counter type="LINE" missed="0" covered="3"/><counter type="COMPLEXITY" missed="0" covered="1"/><counter type="METHOD" missed="0" covered="1"/></method><counter type="INSTRUCTION" missed="0" covered="16"/><counter type="LINE" missed="0" covered="3"/><counter type="COMPLEXITY" missed="0" covered="3"/><counter type="METHOD" missed="0" covered="3"/><counter type="CLASS" missed="0" covered="1"/></class><class name="io/archivesunleashed/matchbox/RemoveHTML" sourcefilename="RemoveHTML.scala"><method name="apply" desc="(Ljava/lang/String;)Ljava/lang/String;"><counter type="INSTRUCTION" missed="4" covered="0"/><counter type="COMPLEXITY" missed="1" covered="0"/><counter type="METHOD" missed="1" covered="0"/></method><counter type="INSTRUCTION" missed=
[...]
ered="0"/></method><method name="CountableRDD" desc="(Lorg/apache/spark/rdd/RDD;Lscala/reflect/ClassTag;)Lio/archivesunleashed/package$CountableRDD;"><counter type="INSTRUCTION" missed="5" covered="0"/><counter type="COMPLEXITY" missed="1" covered="0"/><counter type="METHOD" missed="1" covered="0"/></method><counter type="INSTRUCTION" missed="13" covered="0"/><counter type="COMPLEXITY" missed="3" covered="0"/><counter type="METHOD" missed="3" covered="0"/><counter type="CLASS" missed="1" covered="0"/></class><class name="io/archivesunleashed/package$" sourcefilename="package.scala"><method name="&lt;clinit&gt;" desc="()V"><counter type="INSTRUCTION" missed="0" covered="3"/><counter type="COMPLEXITY" missed="0" covered="1"/><counter type="METHOD" missed="0" covered="1"/></method><method name="CountableRDD" desc="(Lorg/apache/spark/rdd/RDD;Lscala/reflect/ClassTag;)Lio/archivesunleashed/package$CountableRDD;" line="119"><counter type="INSTRUCTION" missed="0" covered="6"/><counter type="LINE" missed="0" covered="1"/><counter type="COMPLEXITY" missed="0" covered="1"/><counter type="METHOD" missed="0" covered="1"/></method><method name="WARecordDF" desc="(Lorg/apache/spark/sql/Dataset;)Lio/archivesunleashed/package$WARecordDF;" line="134"><counter type="INSTRUCTION" missed="0" covered="5"/><counter type="LINE" missed="0" covered="1"/><counter type="COMPLEXITY" missed="0" covered="1"/><counter type="METHOD" missed="0" covered="1"/></method><method name="WARecordRDD" desc="(Lorg/apache/spark/rdd/RDD;)Lio/archivesunleashed/package$WARecordRDD;" line="160"><counter type="INSTRUCTION" missed="0" covered="5"/><counter type="LINE" missed="0" covered="1"/><counter type="COMPLEXITY" missed="0" covered="1"/><counter type="METHOD" missed="0" covered="1"/></method><method name="&lt;init&gt;" desc="()V" line="69"><counter type="INSTRUCTION" missed="0" covered="5"/><counter type="LINE" missed="0" covered="2"/><counter type="COMPLEXITY" missed="0" covered="1"/><counter type="METHOD" missed="0" covered="1"/></method><counter type="INSTRUCTION" missed="0" covered="24"/><counter type="LINE" missed="0" covered="5"/><counter type="COMPLEXITY" missed="0" covered="5"/><counter type="METHOD" missed="0" covered="5"/><counter type="CLASS" missed="0" covered="1"/></class><sourcefile name="package.scala"><line nr="69" mi="0" ci="1" mb="0" cb="0"/><line nr="72" mi="0" ci="1" mb="0" cb="0"/><line nr="81" mi="4" ci="0" mb="0" cb="0"/><line nr="82" mi="7" ci="0" mb="0" cb="0"/><line nr="83" mi="9" ci="0" mb="0" cb="0"/><line nr="84" mi="9" ci="0" mb="0" cb="0"/><line nr="85" mi="10" ci="0" mb="0" cb="0"/><line nr="95" mi="0" ci="13" mb="0" cb="0"/><line nr="119" mi="0" ci="17" mb="0" cb="0"/><line nr="120" mi="0" ci="2" mb="0" cb="0"/><line nr="122" mi="0" ci="2" mb="0" cb="0"/><line nr="123" mi="0" ci="24" mb="0" cb="0"/><line nr="124" mi="0" ci="7" mb="0" cb="0"/><line nr="125" mi="0" ci="12" mb="0" cb="0"/><line nr="134" mi="0" ci="11" mb="0" cb="0"/><line nr="136" mi="0" ci="10" mb="0" cb="0"/><line nr="143" mi="0" ci="22" mb="0" cb="0"/><line nr="145" mi="0" ci="21" mb="0" cb="0"/><line nr="146" mi="0" ci="20" mb="0" cb="0"/><line nr="147" mi="0" ci="21" mb="0" cb="0"/><line nr="148" mi="0" ci="21" mb="0" cb="0"/><line nr="149" mi="0" ci="23" mb="0" cb="0"/><line nr="151" mi="0" ci="23" mb="0" cb="0"/><line nr="160" mi="0" ci="9" mb="0" cb="0"/><line nr="161" mi="0" ci="2" mb="0" cb="0"/><line nr="166" mi="0" ci="5" mb="0" cb="0"/><line nr="168" mi="0" ci="6" mb="0" cb="0"/><line nr="183" mi="0" ci="3" mb="0" cb="0"/><line nr="184" mi="0" ci="9" mb="0" cb="0"/><line nr="185" mi="0" ci="9" mb="0" cb="0"/><line nr="186" mi="0" ci="9" mb="0" cb="0"/><line nr="187" mi="0" ci="9" mb="0" cb="0"/><line nr="188" mi="0" ci="9" mb="0" cb="0"/><line nr="189" mi="0" ci="9" mb="0" cb="0"/><line nr="190" mi="0" ci="9" mb="0" cb="0"/><line nr="191" mi="0" ci="9" mb="0" cb="0"/><line nr="192" mi="0" ci="9" mb="0" cb="0"/><line nr="193" mi="0" ci="10" mb="0" cb="0"/><line nr="195" mi="0" ci="3" mb="0" cb="0"/><line nr="196" mi="0" ci="6" mb="0" cb="0"/><line nr="201" mi="0" ci="5" mb="0" cb="0"/><line nr="209" mi="0" ci="5" mb="0" cb="0"/><line nr="222" mi="0" ci="7" mb="0" cb="0"/><line nr="223" mi="0" ci="1" mb="0" cb="0"/><line nr="225" mi="0" ci="6" mb="0" cb="0"/><line nr="238" mi="0" ci="3" mb="0" cb="0"/><line nr="239" mi="0" ci="9" mb="0" cb="0"/><line nr="240" mi="0" ci="9" mb="0" cb="0"/><line nr="241" mi="0" ci="9" mb="0" cb="0"/><line nr="242" mi="0" ci="9" mb="0" cb="0"/><line nr="243" mi="0" ci="9" mb="0" cb="0"/><line nr="244" mi="0" ci="9" mb="0" cb="0"/><line nr="245" mi="0" ci="9" mb="0" cb="0"/><line nr="246" mi="0" ci="10" mb="0" cb="0"/><line nr="248" mi="0" ci="3" mb="0" cb="0"/><line nr="249" mi="0" ci="6" mb="0" cb="0"/><line nr="254" mi="0" ci="7" mb="0" cb="0"/><line nr="255" mi="0" ci="1" mb="0" cb="0"/><line nr="257" mi="0" ci="5" mb="0" cb="0"/><line nr="261" mi="0" ci="2" mb="0" cb="0"/><line nr="262" mi="0" ci="6" mb="0" cb="0"/><line nr="264" mi="0" ci="3" mb="0" cb="0"/><line nr="265" mi="0" ci="9" mb="0" cb="0"/><line nr="266" mi="0" ci="9" mb="0" cb="0"/><line nr="267" mi="0" ci="9" mb="0" cb="0"/><line nr="268" mi="0" ci="10" mb="0" cb="0"/><line nr="270" mi="0" ci="3" mb="0" cb="0"/><line nr="271" mi="0" ci="6" mb="0" cb="0"/><line nr="276" mi="0" ci="7" mb="0" cb="0"/><line nr="277" mi="0" ci="1" mb="0" cb="0"/><line nr="279" mi="0" ci="5" mb="0" cb="0"/><line nr="283" mi="0" ci="2" mb="0" cb="0"/><line nr="284" mi="0" ci="6" mb="0" cb="0"/><line nr="286" mi="0" ci="3" mb="0" cb="0"/><line nr="287" mi="0" ci="9" mb="0" cb="0"/><line nr="288" mi="0" ci="9" mb="0" cb="0"/><line nr="289" mi="0" ci="9" mb="0" cb="0"/><line nr="290" mi="0" ci="10" mb="0" cb="0"/><line nr="292" mi="0" ci="3" mb="0" cb="0"/><line nr="293" mi="0" ci="6" mb="0" cb="0"/><line nr="298" mi="0" ci="5" mb="0" cb="0"/><line nr="300" mi="0" ci="5" mb="0" cb="0"/><line nr="322" mi="0" ci="6" mb="0" cb="0"/><line nr="339" mi="0" ci="3" mb="0" cb="0"/><line nr="340" mi="0" ci="9" mb="0" cb="0"/><line nr="341" mi="0" ci="9" mb="0" cb="0"/><line nr="342" mi="0" ci="9" mb="0" cb="0"/><line nr="343" mi="0" ci="9" mb="0" cb="0"/><line nr="344" mi="0" ci="9" mb="0" cb="0"/><line nr="345" mi="0" ci="9" mb="0" cb="0"/><line nr="346" mi="0" ci="9" mb="0" cb="0"/><line nr="347" mi="0" ci="9" mb="0" cb="0"/><line nr="348" mi="0" ci="9" mb="0" cb="0"/><line nr="349" mi="0" ci="9" mb="0" cb="0"/><line nr="350" mi="0" ci="9" mb="0" cb="0"/><line nr="351" mi="0" ci="10" mb="0" cb="0"/><line nr="353" mi="0" ci="3" mb="0" cb="0"/><line nr="354" mi="0" ci="6" mb="0" cb="0"/><line nr="359" mi="0" ci="2" mb="0" cb="0"/><line nr="360" mi="0" ci="5" mb="0" cb="0"/><line nr="361" mi="0" ci="2" mb="0" cb="0"/><line nr="362" mi="0" ci="5" mb="0" cb="0"/><line nr="387" mi="0" ci="6" mb="0" cb="0"/><line nr="391" mi="0" ci="3" mb="0" cb="0"/><line nr="392" mi="0" ci="9" mb="0" cb="0"/><line nr="393" mi="0" ci="9" mb="0" cb="0"/><line nr="394" mi="0" ci="9" mb="0" cb="0"/><line nr="395" mi="0" ci="9" mb="0" cb="0"/><line nr="396" mi="0" ci="9" mb="0" cb="0"/><line nr="397" mi="0" ci="9" mb="0" cb="0"/><line nr="398" mi="0" ci="9" mb="0" cb="0"/><line nr="399" mi="0" ci="9" mb="0" cb="0"/><line nr="400" mi="0" ci="9" mb="0" cb="0"/><line nr="401" mi="0" ci="10" mb="0" cb="0"/><line nr="403" mi="0" ci="3" mb="0" cb="0"/><line nr="404" mi="0" ci="6" mb="0" cb="0"/><line nr="409" mi="0" ci="2" mb="0" cb="0"/><line nr="410" mi="0" ci="5" mb="0" cb="0"/><line nr="411" mi="0" ci="2" mb="0" cb="0"/><line nr="412" mi="0" ci="5" mb="0" cb="0"/><line nr="437" mi="0" ci="6" mb="0" cb="0"/><line nr="441" mi="0" ci="3" mb="0" cb="0"/><line nr="442" mi="0" ci="9" mb="0" cb="0"/><line nr="443" mi="0" ci="9" mb="0" cb="0"/><line nr="444" mi="0" ci="9" mb="0" cb="0"/><line nr="445" mi="0" ci="9" mb="0" cb="0"/><line nr="446" mi="0" ci="9" mb="0" cb="0"/><line nr="447" mi="0" ci="9" mb="0" cb="0"/><line nr="448" mi="0" ci="9" mb="0" cb="0"/><line nr="449" mi="0" ci="9" mb="0" cb="0"/><line nr="450" mi="0" ci="9" mb="0" cb="0"/><line nr="451" mi="0" ci="10" mb="0" cb="0"/><line nr="453" mi="0" ci="3" mb="0" cb="0"/><line nr="454" mi="0" ci="6" mb="0" cb="0"/><line nr="459" mi="0" ci="2" mb="0" cb="0"/><line nr="460" mi="0" ci="5" mb="0" cb="0"/><line nr="461" mi="0" ci="2" mb="0" cb="0"/><line nr="462" mi="0" ci="5" mb="0" cb="0"/><line nr="487" mi="0" ci="6" mb="0" cb="0"/><line nr="491" mi="0" ci="3" mb="0" cb="0"/><line nr="492" mi="0" ci="9" mb="0" cb="0"/><line nr="493" mi="0" ci="9" mb="0" cb="0"/><line nr="494" mi="0" ci="9" mb="0" cb="0"/><line nr="495" mi="0" ci="9" mb="0" cb="0"/><line nr="496" mi="0" ci="9" mb="0" cb="0"/><line nr="497" mi="0" ci="9" mb="0" cb="0"/><line nr="498" mi="0" ci="9" mb="0" cb="0"/><line nr="499" mi="0" ci="9" mb="0" cb="0"/><line nr="500" mi="0" ci="9" mb="0" cb="0"/><line nr="501" mi="0" ci="10" mb="0" cb="0"/><line nr="503" mi="0" ci="3" mb="0" cb="0"/><line nr="504" mi="0" ci="6" mb="0" cb="0"/><line nr="509" mi="0" ci="2" mb="0" cb="0"/><line nr="510" mi="0" ci="5" mb="0" cb="0"/><line nr="511" mi="0" ci="2" mb="0" cb="0"/><line nr="539" mi="0" ci="5" mb="0" cb="0"/><line nr="572" mi="0" ci="6" mb="0" cb="0"/><line nr="576" mi="0" ci="3" mb="0" cb="0"/><line nr="577" mi="0" ci="9" mb="0" cb="0"/><line nr="578" mi="0" ci="9" mb="0" cb="0"/><line nr="579" mi="0" ci="9" mb="0" cb="0"/><line nr="580" mi="0" ci="9" mb="0" cb="0"/><line nr="581" mi="0" ci="9" mb="0" cb="0"/><line nr="582" mi="0" ci="9" mb="0" cb="0"/><line nr="583" mi="0" ci="9" mb="0" cb="0"/><line nr="584" mi="0" ci="9" mb="0" cb="0"/><line nr="585" mi="0" ci="9" mb="0" cb="0"/><line nr="586" mi="0" ci="10" mb="0" cb="0"/><line nr="588" mi="0" ci="3" mb="0" cb="0"/><line nr="589" mi="0" ci="6" mb="0" cb="0"/><line nr="594" mi="0" ci="2" mb="0" cb="0"/><line nr="595" mi="0" ci="5" mb="0" cb="0"/><line nr="596" mi="0" ci="2" mb="0" cb="0"/><line nr="612" mi="0" ci="5" mb="0" cb="0"/><line nr="637" mi="0" ci="6" mb="0" cb="0"/><line nr="641" mi="0" ci="3" mb="0" cb="0"/><line nr="642" mi="0" ci="9" mb="0" cb="0"/><line nr="643" mi="0" ci="9" mb="0" cb="0"/><line nr="644" mi="0" ci="9" mb="0" cb="0"/><line nr="645" mi="0" ci="9" mb="0" cb="0"/><line nr="646" mi="0" ci="9" mb="0" cb="0"/><line nr="647" mi="0" ci="9" mb="0" cb="0"/><line nr="648" mi="0" ci="9" mb="0" cb="0"/><line nr="649" mi="0" ci="9" mb="0" cb="0"/><line nr="650" mi="0" ci="9" mb="0" cb="0"/><line nr="651" mi="0" ci="10" mb="0" cb="0"/><line nr="653" mi="0" ci="3" mb="0" cb="0"/><line nr="654" mi="0" ci="6" mb="0" cb="0"/><line nr="659" mi="0" ci="2" mb="0" cb="0"/><line nr="660" mi="0" ci="5" mb="0" cb="0"/><line nr="661" mi="0" ci="2" mb="0" cb="0"/><line nr="681" mi="0" ci="5" mb="0" cb="0"/><line nr="706" mi="0" ci="6" mb="0" cb="0"/><line nr="710" mi="0" ci="3" mb="0" cb="0"/><line nr="711" mi="0" ci="9" mb="0" cb="0"/><line nr="712" mi="0" ci="9" mb="0" cb="0"/><line nr="713" mi="0" ci="9" mb="0" cb="0"/><line nr="714" mi="0" ci="9" mb="0" cb="0"/><line nr="715" mi="0" ci="9" mb="0" cb="0"/><line nr="716" mi="0" ci="9" mb="0" cb="0"/><line nr="717" mi="0" ci="9" mb="0" cb="0"/><line nr="718" mi="0" ci="9" mb="0" cb="0"/><line nr="719" mi="0" ci="9" mb="0" cb="0"/><line nr="720" mi="0" ci="10" mb="0" cb="0"/><line nr="722" mi="0" ci="3" mb="0" cb="0"/><line nr="723" mi="0" ci="6" mb="0" cb="0"/><line nr="728" mi="0" ci="2" mb="0" cb="0"/><line nr="729" mi="0" ci="5" mb="0" cb="0"/><line nr="730" mi="0" ci="2" mb="0" cb="0"/><line nr="731" mi="0" ci="5" mb="0" cb="0"/><line nr="756" mi="0" ci="6" mb="0" cb="0"/><line nr="760" mi="0" ci="3" mb="0" cb="0"/><line nr="761" mi="0" ci="9" mb="0" cb="0"/><line nr="762" mi="0" ci="9" mb="0" cb="0"/><line nr="763" mi="0" ci="9" mb="0" cb="0"/><line nr="764" mi="0" ci="9" mb="0" cb="0"/><line nr="765" mi="0" ci="9" mb="0" cb="0"/><line nr="766" mi="0" ci="9" mb="0" cb="0"/><line nr="767" mi="0" ci="9" mb="0" cb="0"/><line nr="768" mi="0" ci="9" mb="0" cb="0"/><line nr="769" mi="0" ci="9" mb="0" cb="0"/><line nr="770" mi="0" ci="10" mb="0" cb="0"/><line nr="772" mi="0" ci="3" mb="0" cb="0"/><line nr="773" mi="0" ci="6" mb="0" cb="0"/><line nr="778" mi="0" ci="2" mb="0" cb="0"/><line nr="779" mi="0" ci="5" mb="0" cb="0"/><line nr="780" mi="0" ci="2" mb="0" cb="0"/><line nr="781" mi="0" ci="5" mb="0" cb="0"/><line nr="806" mi="0" ci="6" mb="0" cb="0"/><line nr="810" mi="0" ci="3" mb="0" cb="0"/><line nr="811" mi="0" ci="9" mb="0" cb="0"/><line nr="812" mi="0" ci="9" mb="0" cb="0"/><line nr="813" mi="0" ci="9" mb="0" cb="0"/><line nr="814" mi="0" ci="9" mb="0" cb="0"/><line nr="815" mi="0" ci="9" mb="0" cb="0"/><line nr="816" mi="0" ci="9" mb="0" cb="0"/><line nr="817" mi="0" ci="9" mb="0" cb="0"/><line nr="818" mi="0" ci="9" mb="0" cb="0"/><line nr="819" mi="0" ci="9" mb="0" cb="0"/><line nr="820" mi="0" ci="10" mb="0" cb="0"/><line nr="822" mi="0" ci="3" mb="0" cb="0"/><line nr="823" mi="0" ci="6" mb="0" cb="0"/><line nr="828" mi="0" ci="2" mb="0" cb="0"/><line nr="829" mi="0" ci="5" mb="0" cb="0"/><line nr="830" mi="0" ci="2" mb="0" cb="0"/><line nr="831" mi="0" ci="5" mb="0" cb="0"/><line nr="856" mi="0" ci="6" mb="0" cb="0"/><line nr="860" mi="0" ci="3" mb="0" cb="0"/><line nr="861" mi="0" ci="9" mb="0" cb="0"/><line nr="862" mi="0" ci="9" mb="0" cb="0"/><line nr="863" mi="0" ci="9" mb="0" cb="0"/><line nr="864" mi="0" ci="9" mb="0" cb="0"/><line nr="865" mi="0" ci="9" mb="0" cb="0"/><line nr="866" mi="0" ci="9" mb="0" cb="0"/><line nr="867" mi="0" ci="9" mb="0" cb="0"/><line nr="868" mi="0" ci="9" mb="0" cb="0"/><line nr="869" mi="0" ci="9" mb="0" cb="0"/><line nr="870" mi="0" ci="10" mb="0" cb="0"/><line nr="872" mi="0" ci="3" mb="0" cb="0"/><line nr="873" mi="0" ci="6" mb="0" cb="0"/><line nr="878" mi="0" ci="2" mb="0" cb="0"/><line nr="879" mi="0" ci="5" mb="0" cb="0"/><line nr="880" mi="0" ci="2" mb="0" cb="0"/><line nr="881" mi="0" ci="5" mb="0" cb="0"/><line nr="906" mi="0" ci="6" mb="0" cb="0"/><line nr="910" mi="0" ci="3" mb="0" cb="0"/><line nr="911" mi="0" ci="9" mb="0" cb="0"/><line nr="912" mi="0" ci="9" mb="0" cb="0"/><line nr="913" mi="0" ci="9" mb="0" cb="0"/><line nr="914" mi="0" ci="9" mb="0" cb="0"/><line nr="915" mi="0" ci="9" mb="0" cb="0"/><line nr="916" mi="0" ci="9" mb="0" cb="0"/><line nr="917" mi="0" ci="9" mb="0" cb="0"/><line nr="918" mi="0" ci="9" mb="0" cb="0"/><line nr="919" mi="0" ci="9" mb="0" cb="0"/><line nr="920" mi="0" ci="10" mb="0" cb="0"/><line nr="922" mi="0" ci="3" mb="0" cb="0"/><line nr="923" mi="0" ci="6" mb="0" cb="0"/><line nr="928" mi="0" ci="2" mb="0" cb="0"/><line nr="929" mi="0" ci="5" mb="0" cb="0"/><line nr="930" mi="0" ci="2" mb="0" cb="0"/><line nr="931" mi="0" ci="2" mb="0" cb="0"/><line nr="932" mi="0" ci="5" mb="0" cb="0"/><line nr="957" mi="0" ci="6" mb="0" cb="0"/><line nr="961" mi="0" ci="3" mb="0" cb="0"/><line nr="962" mi="0" ci="9" mb="0" cb="0"/><line nr="963" mi="0" ci="9" mb="0" cb="0"/><line nr="964" mi="0" ci="9" mb="0" cb="0"/><line nr="965" mi="0" ci="9" mb="0" cb="0"/><line nr="966" mi="0" ci="9" mb="0" cb="0"/><line nr="967" mi="0" ci="9" mb="0" cb="0"/><line nr="968" mi="0" ci="9" mb="0" cb="0"/><line nr="969" mi="0" ci="9" mb="0" cb="0"/><line nr="970" mi="0" ci="9" mb="0" cb="0"/><line nr="971" mi="0" ci="10" mb="0" cb="0"/><line nr="973" mi="0" ci="3" mb="0" cb="0"/><line nr="974" mi="0" ci="6" mb="0" cb="0"/><line nr="979" mi="0" ci="2" mb="0" cb="0"/><line nr="980" mi="0" ci="5" mb="0" cb="0"/><line nr="981" mi="0" ci="2" mb="0" cb="0"/><line nr="982" mi="0" ci="5" mb="0" cb="0"/><line nr="1007" mi="0" ci="6" mb="0" cb="0"/><line nr="1011" mi="0" ci="3" mb="0" cb="0"/><line nr="1012" mi="0" ci="9" mb="0" cb="0"/><line nr="1013" mi="0" ci="9" mb="0" cb="0"/><line nr="1014" mi="0" ci="9" mb="0" cb="0"/><line nr="1015" mi="0" ci="9" mb="0" cb="0"/><line nr="1016" mi="0" ci="9" mb="0" cb="0"/><line nr="1017" mi="0" ci="9" mb="0" cb="0"/><line nr="1018" mi="0" ci="9" mb="0" cb="0"/><line nr="1019" mi="0" ci="9" mb="0" cb="0"/><line nr="1020" mi="0" ci="9" mb="0" cb="0"/><line nr="1021" mi="0" ci="10" mb="0" cb="0"/><line nr="1023" mi="0" ci="3" mb="0" cb="0"/><line nr="1024" mi="0" ci="6" mb="0" cb="0"/><line nr="1029" mi="0" ci="5" mb="0" cb="0"/><line nr="1040" mi="0" ci="6" mb="0" cb="0"/><line nr="1048" mi="0" ci="6" mb="0" cb="0"/><line nr="1056" mi="0" ci="6" mb="0" cb="0"/><line nr="1066" mi="3" ci="0" mb="0" cb="0"/><line nr="1068" mi="0" ci="7" mb="0" cb="0"/><line nr="1076" mi="0" ci="6" mb="0" cb="0"/><line nr="1084" mi="0" ci="6" mb="0" cb="0"/><line nr="1101" mi="0" ci="6" mb="0" cb="0"/><line nr="1111" mi="0" ci="6" mb="0" cb="0"/><line nr="1121" mi="0" ci="6" mb="0" cb="0"/><line nr="1138" mi="0" ci="6" mb="0" cb="0"/><line nr="1146" mi="0" ci="6" mb="0" cb="0"/><line nr="1155" mi="3" ci="0" mb="0" cb="0"/><line nr="1157" mi="0" ci="7" mb="0" cb="0"/><line nr="1165" mi="0" ci="6" mb="0" cb="0"/><line nr="1173" mi="0" ci="6" mb="0" cb="0"/><line nr="1181" mi="0" ci="6" mb="0" cb="0"/><line nr="1198" mi="0" ci="6" mb="0" cb="0"/><line nr="1206" mi="0" ci="6" mb="0" cb="0"/><line nr="1223" mi="0" ci="6" mb="0" cb="0"/><line nr="1228" mi="0" ci="4" mb="0" cb="0"/><counter type="INSTRUCTION" missed="58" covered="2365"/><counter type="LINE" missed="7" covered="330"/><counter type="COMPLEXITY" missed="6" covered="52"/><counter type="METHOD" missed="6" covered="52"/><counter type="CLASS" missed="1" covered="5"/></sourcefile><sourcefile name="ArchiveRecord.scala"/><sourcefile name="SparklingArchiveRecord.scala"><line nr="30" mi="2" ci="1" mb="0" cb="0"/><line nr="31" mi="0" ci="6" mb="0" cb="0"/><line nr="37" mi="0" ci="5" mb="0" cb="0"/><line nr="38" mi="0" ci="3" mb="0" cb="0"/><line nr="39" mi="0" ci="3" mb="0" cb="0"/><line nr="40" mi="0" ci="3" mb="0" cb="0"/><line nr="41" mi="0" ci="5" mb="0" cb="0"/><line nr="42" mi="0" ci="2" mb="0" cb="0"/><line nr="46" mi="0" ci="16" mb="0" cb="0"/><line nr="49" mi="0" ci="1" mb="0" cb="0"/><line nr="50" mi="0" ci="8" mb="1" cb="1"/><line nr="51" mi="7" ci="2" mb="0" cb="0"/><line nr="55" mi="0" ci="8" mb="1" cb="1"/><line nr="56" mi="5" ci="1" mb="0" cb="0"/><line nr="60" mi="0" ci="11" mb="0" cb="0"/><line nr="64" mi="0" ci="4" mb="0" cb="0"/><line nr="65" mi="0" ci="2" mb="0" cb="0"/><line nr="66" mi="0" ci="4" mb="0" cb="0"/><line nr="68" mi="0" ci="3" mb="0" cb="0"/><line nr="71" mi="0" ci="11" mb="0" cb="0"/><line nr="74" mi="11" ci="0" mb="0" cb="0"/><line nr="77" mi="0" ci="4" mb="0" cb="0"/><line nr="86" mi="0" ci="4" mb="0" cb="0"/><line nr="89" mi="0" ci="4" mb="0" cb="0"/><line nr="90" mi="0" ci="2" mb="0" cb="0"/><line nr="91" mi="0" ci="3" mb="0" cb="0"/><line nr="92" mi="0" ci="4" mb="0" cb="0"/><line nr="94" mi="0" ci="10" mb="0" cb="0"/><line nr="96" mi="0" ci="5" mb="0" cb="0"/><line nr="99" mi="0" ci="4" mb="0" cb="0"/><line nr="102" mi="0" ci="4" mb="0" cb="0"/><line nr="105" mi="0" ci="10" mb="0" cb="0"/><line nr="108" mi="0" ci="1" mb="0" cb="0"/><line nr="109" mi="0" ci="3" mb="0" cb="0"/><line nr="110" mi="0" ci="4" mb="0" cb="0"/><counter type="INSTRUCTION" missed="31" covered="164"/><counter type="BRANCH" missed="2" covered="2"/><counter type="LINE" missed="1" covered="34"/><counter type="COMPLEXITY" missed="6" covered="19"/><counter type="METHOD" missed="4" covered="19"/><counter type="CLASS" missed="0" covered="2"/></sourcefile><counter type="INSTRUCTION" missed="89" covered="2529"/><counter type="BRANCH" missed="2" covered="2"/><counter type="LINE" missed="8" covered="364"/><counter type="COMPLEXITY" missed="12" covered="71"/><counter type="METHOD" missed="10" covered="71"/><counter type="CLASS" missed="1" covered="7"/></package><counter type="INSTRUCTION" missed="708" covered="11060"/><counter type="BRANCH" missed="52" covered="92"/><counter type="LINE" missed="38" covered="996"/><counter type="COMPLEXITY" missed="148" covered="447"/><counter type="METHOD" missed="109" covered="414"/><counter type="CLASS" missed="44" covered="109"/></report>